#
# A fatal error has been detected by the Java Runtime Environment:
#
#  SIGFPE (0x8) at pc=0x0000000119bd2a48, pid=20844, tid=515
#
# JRE version: Java(TM) SE Runtime Environment (11.0.3+12) (build 11.0.3+12-LTS)
# Java VM: Java HotSpot(TM) 64-Bit Server VM (11.0.3+12-LTS, mixed mode, tiered, compressed oops, g1 gc, bsd-amd64)
# Problematic frame:
# j  gunn.battleship.FXMLController.wrapUp()V+66 Gunn
#
# No core dump will be written. Core dumps have been disabled. To enable core dumping, try "ulimit -c unlimited" before starting Java again
#
# If you would like to submit a bug report, please visit:
#   http://bugreport.java.com/bugreport/crash.jsp
#

---------------  S U M M A R Y ------------

Command Line: --module-path=/Users/g.gunn/NetBeansProjects/BattleShip/target/classes:/Users/g.gunn/.m2/repository/org/openjfx/javafx-fxml/11/javafx-fxml-11.jar:/Users/g.gunn/.m2/repository/org/openjfx/javafx-fxml/11/javafx-fxml-11-mac.jar:/Users/g.gunn/.m2/repository/org/openjfx/javafx-controls/11/javafx-controls-11.jar:/Users/g.gunn/.m2/repository/org/openjfx/javafx-controls/11/javafx-controls-11-mac.jar:/Users/g.gunn/.m2/repository/org/openjfx/javafx-media/11/javafx-media-11.jar:/Users/g.gunn/.m2/repository/org/openjfx/javafx-media/11/javafx-media-11-mac.jar:/Users/g.gunn/.m2/repository/org/openjfx/javafx-graphics/11/javafx-graphics-11.jar:/Users/g.gunn/.m2/repository/org/openjfx/javafx-graphics/11/javafx-graphics-11-mac.jar:/Users/g.gunn/.m2/repository/org/openjfx/javafx-base/11/javafx-base-11.jar:/Users/g.gunn/.m2/repository/org/openjfx/javafx-base/11/javafx-base-11-mac.jar -Djdk.module.main=Gunn Gunn/gunn.battleship.MainApp

Host: MacBookAir10,1 x86_64 2400 MHz, 8 cores, 8G, Darwin 20.1.0
Time: Fri Dec  3 14:14:59 2021 EST elapsed time: 35 seconds (0d 0h 0m 35s)

---------------  T H R E A D  ---------------

Current thread (0x00007fe82533d000):  JavaThread "JavaFX Application Thread" [_thread_in_Java, id=515, stack(0x0000000309ba5000,0x000000030a3a5000)]

Stack: [0x0000000309ba5000,0x000000030a3a5000],  sp=0x000000030a39e400,  free space=8165k
Native frames: (J=compiled Java code, A=aot compiled Java code, j=interpreted, Vv=VM code, C=native code)
j  gunn.battleship.FXMLController.wrapUp()V+66 Gunn
j  gunn.battleship.FXMLController.imgClick(Ljavafx/scene/input/MouseEvent;)V+210 Gunn
v  ~StubRoutines::call_stub
V  [libjvm.dylib+0x39d15a]  _ZN9JavaCalls11call_helperEP9JavaValueRK12methodHandleP17JavaCallArgumentsP6Thread+0x21a
V  [libjvm.dylib+0x64e2e7]  _ZL6invokeP13InstanceKlassRK12methodHandle6Handleb14objArrayHandle9BasicTypeS5_bP6Thread+0x4e6
V  [libjvm.dylib+0x64ddb7]  _ZN10Reflection13invoke_methodEP7oopDesc6Handle14objArrayHandleP6Thread+0xf5
V  [libjvm.dylib+0x423df5]  JVM_InvokeMethod+0x20a
J 2475  jdk.internal.reflect.NativeMethodAccessorImpl.invoke0(Ljava/lang/reflect/Method;Ljava/lang/Object;[Ljava/lang/Object;)Ljava/lang/Object; java.base@11.0.3 (0 bytes) @ 0x00000001217a4dbd [0x00000001217a4cc0+0x00000000000000fd]
J 2474 c1 jdk.internal.reflect.NativeMethodAccessorImpl.invoke(Ljava/lang/Object;[Ljava/lang/Object;)Ljava/lang/Object; java.base@11.0.3 (104 bytes) @ 0x000000011a5e7464 [0x000000011a5e67c0+0x0000000000000ca4]
J 1779 c1 jdk.internal.reflect.DelegatingMethodAccessorImpl.invoke(Ljava/lang/Object;[Ljava/lang/Object;)Ljava/lang/Object; java.base@11.0.3 (10 bytes) @ 0x000000011a49a06c [0x000000011a499f60+0x000000000000010c]
J 2589 c1 jdk.internal.reflect.GeneratedMethodAccessor2.invoke(Ljava/lang/Object;[Ljava/lang/Object;)Ljava/lang/Object; (65 bytes) @ 0x000000011a644a84 [0x000000011a644420+0x0000000000000664]
J 1779 c1 jdk.internal.reflect.DelegatingMethodAccessorImpl.invoke(Ljava/lang/Object;[Ljava/lang/Object;)Ljava/lang/Object; java.base@11.0.3 (10 bytes) @ 0x000000011a49a06c [0x000000011a499f60+0x000000000000010c]
J 2590 c1 com.sun.javafx.reflect.MethodUtil.invoke(Ljava/lang/reflect/Method;Ljava/lang/Object;[Ljava/lang/Object;)Ljava/lang/Object; javafx.base (111 bytes) @ 0x000000011a645fc4 [0x000000011a645780+0x0000000000000844]
J 2532 c1 com.sun.javafx.fxml.MethodHelper.invoke(Ljava/lang/reflect/Method;Ljava/lang/Object;[Ljava/lang/Object;)Ljava/lang/Object; javafx.fxml (146 bytes) @ 0x000000011a60f6c4 [0x000000011a60ee40+0x0000000000000884]
j  javafx.fxml.FXMLLoader$MethodHandler.invoke([Ljava/lang/Object;)V+19 javafx.fxml
j  javafx.fxml.FXMLLoader$ControllerMethodEventHandler.handle(Ljavafx/event/Event;)V+12 javafx.fxml
J 4392 c2 com.sun.javafx.event.EventHandlerManager.dispatchBubblingEvent(Ljavafx/event/Event;)Ljavafx/event/Event; javafx.base (23 bytes) @ 0x0000000121898aa4 [0x00000001218984c0+0x00000000000005e4]
J 2267 c1 com.sun.javafx.event.CompositeEventDispatcher.dispatchBubblingEvent(Ljavafx/event/Event;)Ljavafx/event/Event; javafx.base (35 bytes) @ 0x000000011a58904c [0x000000011a588e80+0x00000000000001cc]
J 4403 c2 com.sun.javafx.event.BasicEventDispatcher.dispatchEvent(Ljavafx/event/Event;Ljavafx/event/EventDispatchChain;)Ljavafx/event/Event; javafx.base (44 bytes) @ 0x000000012189b678 [0x000000012189b540+0x0000000000000138]
J 4403 c2 com.sun.javafx.event.BasicEventDispatcher.dispatchEvent(Ljavafx/event/Event;Ljavafx/event/EventDispatchChain;)Ljavafx/event/Event; javafx.base (44 bytes) @ 0x000000012189b634 [0x000000012189b540+0x00000000000000f4]
J 4403 c2 com.sun.javafx.event.BasicEventDispatcher.dispatchEvent(Ljavafx/event/Event;Ljavafx/event/EventDispatchChain;)Ljavafx/event/Event; javafx.base (44 bytes) @ 0x000000012189b634 [0x000000012189b540+0x00000000000000f4]
J 4127 c2 com.sun.javafx.event.EventDispatchChainImpl.dispatchEvent(Ljavafx/event/Event;)Ljavafx/event/Event; javafx.base (101 bytes) @ 0x000000012186c6d8 [0x000000012186c620+0x00000000000000b8]
J 3342 c1 com.sun.javafx.event.EventUtil.fireEvent(Ljavafx/event/EventTarget;Ljavafx/event/Event;)Ljavafx/event/Event; javafx.base (81 bytes) @ 0x000000011a7f650c [0x000000011a7f5d20+0x00000000000007ec]
J 3649 c1 javafx.scene.Scene$ClickGenerator.postProcess(Ljavafx/scene/input/MouseEvent;Ljavafx/scene/Scene$TargetWrapper;Ljavafx/scene/Scene$TargetWrapper;)V javafx.graphics (258 bytes) @ 0x000000011a8eb88c [0x000000011a8ea740+0x000000000000114c]
J 3412 c1 javafx.scene.Scene$MouseHandler.process(Ljavafx/scene/input/MouseEvent;Z)V javafx.graphics (735 bytes) @ 0x000000011a82cfd4 [0x000000011a82af20+0x00000000000020b4]
J 3821 c1 javafx.scene.Scene$ScenePeerListener.mouseEvent(Ljavafx/event/EventType;DDDDLjavafx/scene/input/MouseButton;ZZZZZZZZZ)V javafx.graphics (50 bytes) @ 0x000000011a937454 [0x000000011a937180+0x00000000000002d4]
J 3687 c1 com.sun.javafx.tk.quantum.GlassViewEventHandler$MouseEventNotification.run()Ljava/lang/Void; javafx.graphics (635 bytes) @ 0x000000011a903134 [0x000000011a902120+0x0000000000001014]
J 3686 c1 com.sun.javafx.tk.quantum.GlassViewEventHandler$MouseEventNotification.run()Ljava/lang/Object; javafx.graphics (5 bytes) @ 0x000000011a901c44 [0x000000011a901bc0+0x0000000000000084]
v  ~StubRoutines::call_stub
V  [libjvm.dylib+0x39d15a]  _ZN9JavaCalls11call_helperEP9JavaValueRK12methodHandleP17JavaCallArgumentsP6Thread+0x21a
V  [libjvm.dylib+0x417847]  JVM_DoPrivileged+0x6d2
J 2144  java.security.AccessController.doPrivileged(Ljava/security/PrivilegedAction;Ljava/security/AccessControlContext;)Ljava/lang/Object; java.base@11.0.3 (0 bytes) @ 0x000000012177bca5 [0x000000012177bbc0+0x00000000000000e5]
J 3417 c1 com.sun.javafx.tk.quantum.GlassViewEventHandler$$Lambda$507.get()Ljava/lang/Object; javafx.graphics (8 bytes) @ 0x000000011a8329c4 [0x000000011a832880+0x0000000000000144]
J 4092 c2 com.sun.javafx.tk.quantum.QuantumToolkit.runWithoutRenderLock(Ljava/util/function/Supplier;)Ljava/lang/Object; javafx.graphics (49 bytes) @ 0x000000012186713c [0x0000000121867020+0x000000000000011c]
J 3683 c1 com.sun.javafx.tk.quantum.GlassViewEventHandler.handleMouseEvent(Lcom/sun/glass/ui/View;JIIIIIIIZZ)V javafx.graphics (108 bytes) @ 0x000000011a900b34 [0x000000011a900720+0x0000000000000414]
J 3416 c1 com.sun.glass.ui.View.notifyMouse(IIIIIIIZZ)V javafx.graphics (221 bytes) @ 0x000000011a831a3c [0x000000011a8309c0+0x000000000000107c]
J 3415 c1 com.sun.glass.ui.mac.MacView.notifyMouse(IIIIIIIZZ)V javafx.graphics (100 bytes) @ 0x000000011a8301f4 [0x000000011a82fe60+0x0000000000000394]
v  ~StubRoutines::call_stub
V  [libjvm.dylib+0x39d15a]  _ZN9JavaCalls11call_helperEP9JavaValueRK12methodHandleP17JavaCallArgumentsP6Thread+0x21a
V  [libjvm.dylib+0x3d81ae]  _ZL20jni_invoke_nonstaticP7JNIEnv_P9JavaValueP8_jobject11JNICallTypeP10_jmethodIDP18JNI_ArgumentPusherP6Thread+0x274
V  [libjvm.dylib+0x3dc7d9]  jni_CallVoidMethod+0x1d5
C  [libglass.dylib+0xe062]  -[GlassViewDelegate sendJavaMouseEvent:]+0x932
C  [AppKit+0x1c9801]  -[NSWindow(NSEventRouting) _reallySendEvent:isDelayedEvent:]+0xa9f
C  [AppKit+0x1c8b46]  -[NSWindow(NSEventRouting) sendEvent:]+0x15b
C  [libglass.dylib+0x1b383]  -[GlassWindow_Normal sendEvent:]+0x73
C  [AppKit+0x1c6f2c]  -[NSApplication(NSEvent) sendEvent:]+0x160
C  [AppKit+0x49e02e]  -[NSApplication _handleEvent:]+0x41
C  [AppKit+0x2fbff]  -[NSApplication run]+0x26f
C  [libglass.dylib+0xa82c]  -[GlassApplication runLoop:]+0x78c
C  [Foundation+0x804d9]  __NSThreadPerformPerform+0xcc
C  [CoreFoundation+0x8130d]  __CFRUNLOOP_IS_CALLING_OUT_TO_A_SOURCE0_PERFORM_FUNCTION__+0x11
C  [CoreFoundation+0x81275]  __CFRunLoopDoSource0+0xb4
C  [CoreFoundation+0x80ff5]  __CFRunLoopDoSources0+0xf8
C  [CoreFoundation+0x7fa3d]  __CFRunLoopRun+0x37e
C  [CoreFoundation+0x7efd2]  CFRunLoopRunSpecific+0x237
C  [java+0x63a5]  CreateExecutionEnvironment+0x190
C  [java+0x2523]  JLI_Launch+0x51f
C  [java+0x14cd]  main+0x16d
C  [libdyld.dylib+0x15631]  start+0x1


siginfo: si_signo: 8 (SIGFPE), si_code: 5 (FPE_FLTINV), si_addr: 0x0000000119bd2a48

Register to memory mapping:

RAX=0x0000000000000012 is an unknown value
RBX=0x000000000000006c is an unknown value
RCX=0x0 is NULL
RDX=0x0 is NULL
RSP=0x000000030a39e400 is pointing into the stack for thread: 0x00007fe82533d000
RBP=0x000000030a39e460 is pointing into the stack for thread: 0x00007fe82533d000
RSI=0x000000030a39e3b0 is pointing into the stack for thread: 0x00007fe82533d000
RDI=0x00000001320dc430 is pointing into metadata
R8 =0x000000000000173c is an unknown value
R9 =0x0000000000000003 is an unknown value
R10=0x0000000110165a60: _ZN19TemplateInterpreter13_active_tableE+0x4800 in /Library/Java/JavaVirtualMachines/jdk-11.0.3.jdk/Contents/Home/lib/server/libjvm.dylib at 0x000000010f800000
R11=0x000000011a451260 is at entry_point+32 in (nmethod*)0x000000011a450f90
R12=0x0 is NULL
R13=0x00000001381f5be4 is pointing into metadata
R14=0x000000030a39e490 is pointing into the stack for thread: 0x00007fe82533d000
R15=0x00007fe82533d000 is a thread


Registers:
RAX=0x0000000000000012, RBX=0x000000000000006c, RCX=0x0000000000000000, RDX=0x0000000000000000
RSP=0x000000030a39e400, RBP=0x000000030a39e460, RSI=0x000000030a39e3b0, RDI=0x00000001320dc430
R8 =0x000000000000173c, R9 =0x0000000000000003, R10=0x0000000110165a60, R11=0x000000011a451260
R12=0x0000000000000000, R13=0x00000001381f5be4, R14=0x000000030a39e490, R15=0x00007fe82533d000
RIP=0x0000000119bd2a48, EFLAGS=0x0000000000000a87, ERR=0x0000000000000000
  TRAPNO=0x0000000000000000

Top of Stack: (sp=0x000000030a39e400)
0x000000030a39e400:   0000000000000002 00000000000003e8
0x000000030a39e410:   00000007855372c8 000000030a39e418
0x000000030a39e420:   00000001381f5baa 000000030a39e490
0x000000030a39e430:   00000001381f6c18 0000000000000000
0x000000030a39e440:   000000078553ddf8 00000001381f5e08
0x000000030a39e450:   0000000000000000 000000030a39e490
0x000000030a39e460:   000000030a39e4e0 0000000119bc7ca7
0x000000030a39e470:   00000007804a1e70 0000000000000019
0x000000030a39e480:   0000000000000019 00000007807d4170
0x000000030a39e490:   00000007855372c8 000000030a39e498
0x000000030a39e4a0:   00000001381f60a2 000000030a39e518
0x000000030a39e4b0:   00000001381f6c18 0000000000000000
0x000000030a39e4c0:   000000078553ddf8 00000001381f6160
0x000000030a39e4d0:   000000030a39e490 000000030a39e510
0x000000030a39e4e0:   000000030a39e580 0000000119bbe847
0x000000030a39e4f0:   000000078596fb18 0000000785aff4a0
0x000000030a39e500:   0000000785ad4ca0 00000007854b2b60
0x000000030a39e510:   0000000785ad4ba8 00000007855372c8
0x000000030a39e520:   0000000300001fab 000000030a39e780
0x000000030a39e530:   000000030a39e6b0 00000001381f6160
0x000000030a39e540:   00007fe82533d000 0000000000000002
0x000000030a39e550:   000000030a39e5e0 000000030a39e6b8
0x000000030a39e560:   000000030000000a 00000001381f6160
0x000000030a39e570:   0000000119bcc380 000000030a39e788
0x000000030a39e580:   000000030a39e670 000000010fb9d15a
0x000000030a39e590:   0000000000000002 00007fe82533d000
0x000000030a39e5a0:   aaaaaaaaaaaaaaaa 00007fe82533d000
0x000000030a39e5b0:   00007fe823ea3240 00007fe823ea3280
0x000000030a39e5c0:   00007fe823ea32d0 00007fe823ea3368
0x000000030a39e5d0:   00000000000000d8 000000030a39f898
0x000000030a39e5e0:   00007fe82533d000 00007fe7d5272d20
0x000000030a39e5f0:   00000001381f6160 00000007855372c8 

Instructions: (pc=0x0000000119bd2a48)
0x0000000119bd2a28:   c8 8b 04 24 48 83 c4 08 81 f8 00 00 00 80 0f 85
0x0000000119bd2a38:   0b 00 00 00 33 d2 83 f9 ff 0f 84 03 00 00 00 99
0x0000000119bd2a48:   f7 f9 41 0f b6 5d 01 49 ff c5 49 ba 60 32 16 10
0x0000000119bd2a58:   01 00 00 00 41 ff 24 da 80 00 00 00 00 00 00 00 

Stack slot to memory mapping:
stack at sp + 0 slots: 0x0000000000000002 is an unknown value
stack at sp + 1 slots: 0x00000000000003e8 is an unknown value
stack at sp + 2 slots: 0x00000007855372c8 is an oop: gunn.battleship.FXMLController 
{0x00000007855372c8} - klass: 'gunn/battleship/FXMLController'
stack at sp + 3 slots: 0x000000030a39e418 is pointing into the stack for thread: 0x00007fe82533d000
stack at sp + 4 slots: 0x00000001381f5baa is pointing into metadata
stack at sp + 5 slots: 0x000000030a39e490 is pointing into the stack for thread: 0x00007fe82533d000
stack at sp + 6 slots: 0x00000001381f6c18 is pointing into metadata
stack at sp + 7 slots: 0x0 is NULL

idiv  108 idiv  [0x0000000119bd2a20, 0x0000000119bd2a60]  64 bytes

---------------  P R O C E S S  ---------------

Threads class SMR info:
_java_thread_list=0x00007fe8260b9540, length=16, elements={
0x00007fe82500c800, 0x00007fe825820000, 0x00007fe8250c9000, 0x00007fe8250d7800,
0x00007fe8250c5000, 0x00007fe8250da800, 0x00007fe825821800, 0x00007fe8258c7000,
0x00007fe8251f6800, 0x00007fe826831800, 0x00007fe82533c000, 0x00007fe82533d000,
0x00007fe826a55000, 0x00007fe8256c7000, 0x00007fe825fee000, 0x00007fe7d4a16800
}

Java Threads: ( => current thread )
  0x00007fe82500c800 JavaThread "main" [_thread_blocked, id=8707, stack(0x000000030a428000,0x000000030a528000)]
  0x00007fe825820000 JavaThread "Reference Handler" daemon [_thread_blocked, id=16643, stack(0x000000030ab3d000,0x000000030ac3d000)]
  0x00007fe8250c9000 JavaThread "Finalizer" daemon [_thread_blocked, id=15619, stack(0x000000030ac40000,0x000000030ad40000)]
  0x00007fe8250d7800 JavaThread "Signal Dispatcher" daemon [_thread_blocked, id=42243, stack(0x000000030ae53000,0x000000030af53000)]
  0x00007fe8250c5000 JavaThread "C2 CompilerThread0" daemon [_thread_blocked, id=41987, stack(0x000000030af56000,0x000000030b056000)]
  0x00007fe8250da800 JavaThread "C1 CompilerThread0" daemon [_thread_blocked, id=24835, stack(0x000000030b059000,0x000000030b159000)]
  0x00007fe825821800 JavaThread "Sweeper thread" daemon [_thread_blocked, id=41219, stack(0x000000030b15c000,0x000000030b25c000)]
  0x00007fe8258c7000 JavaThread "Common-Cleaner" daemon [_thread_blocked, id=40195, stack(0x000000030b25f000,0x000000030b35f000)]
  0x00007fe8251f6800 JavaThread "Service Thread" daemon [_thread_blocked, id=39683, stack(0x000000030b362000,0x000000030b462000)]
  0x00007fe826831800 JavaThread "QuantumRenderer-0" daemon [_thread_blocked, id=27139, stack(0x000000030b568000,0x000000030b668000)]
  0x00007fe82533c000 JavaThread "InvokeLaterDispatcher" daemon [_thread_blocked, id=34051, stack(0x000000030b88b000,0x000000030b98b000)]
=>0x00007fe82533d000 JavaThread "JavaFX Application Thread" [_thread_in_Java, id=515, stack(0x0000000309ba5000,0x000000030a3a5000)]
  0x00007fe826a55000 JavaThread "Thread-2" daemon [_thread_in_native, id=80131, stack(0x000000030b98e000,0x000000030ba0e000)]
  0x00007fe8256c7000 JavaThread "JavaFX-Launcher" [_thread_blocked, id=56323, stack(0x000000030ba94000,0x000000030bb94000)]
  0x00007fe825fee000 JavaThread "Prism Font Disposer" daemon [_thread_blocked, id=59963, stack(0x000000030c0a6000,0x000000030c1a6000)]
  0x00007fe7d4a16800 JavaThread "Cleaner-0" daemon [_thread_blocked, id=88339, stack(0x000000030c2ac000,0x000000030c3ac000)]

Other Threads:
  0x00007fe8250c6000 VMThread "VM Thread" [stack: 0x000000030aa3a000,0x000000030ab3a000] [id=17411]
  0x00007fe82592a000 WatcherThread [stack: 0x000000030b465000,0x000000030b565000] [id=26471]
  0x00007fe82680c000 GCTaskThread "GC Thread#0" [stack: 0x000000030a52b000,0x000000030a62b000] [id=19203]
  0x00007fe825a1e000 GCTaskThread "GC Thread#1" [stack: 0x000000030bb97000,0x000000030bc97000] [id=74263]
  0x00007fe825a0f800 GCTaskThread "GC Thread#2" [stack: 0x000000030bc9a000,0x000000030bd9a000] [id=57863]
  0x00007fe825a10000 GCTaskThread "GC Thread#3" [stack: 0x000000030bd9d000,0x000000030be9d000] [id=58371]
  0x00007fe825707800 GCTaskThread "GC Thread#4" [stack: 0x000000030bea0000,0x000000030bfa0000] [id=58627]
  0x00007fe8256cb800 GCTaskThread "GC Thread#5" [stack: 0x000000030bfa3000,0x000000030c0a3000] [id=59139]
  0x00007fe82682c800 ConcurrentGCThread "G1 Main Marker" [stack: 0x000000030a62e000,0x000000030a72e000] [id=18691]
  0x00007fe82682d800 ConcurrentGCThread "G1 Conc#0" [stack: 0x000000030a731000,0x000000030a831000] [id=12547]
  0x00007fe825a80000 ConcurrentGCThread "G1 Conc#1" [stack: 0x000000030c1a9000,0x000000030c2a9000] [id=62511]
  0x00007fe825077800 ConcurrentGCThread "G1 Refine#0" [stack: 0x000000030a834000,0x000000030a934000] [id=13059]
  0x00007fe825078800 ConcurrentGCThread "G1 Young RemSet Sampling" [stack: 0x000000030a937000,0x000000030aa37000] [id=17923]

Threads with active compile tasks:

VM state:not at safepoint (normal execution)

VM Mutex/Monitor currently owned by a thread: None

Heap address: 0x0000000780000000, size: 2048 MB, Compressed Oops mode: Zero based, Oop shift amount: 3
Narrow klass base: 0x0000000800000000, Narrow klass shift: 0
Compressed class space size: 1073741824 Address: 0x0000000800000000

Heap:
 garbage-first heap   total 131072K, used 60226K [0x0000000780000000, 0x0000000800000000)
  region size 1024K, 47 young (48128K), 6 survivors (6144K)
 Metaspace       used 27833K, capacity 28993K, committed 29104K, reserved 1075200K
  class space    used 3511K, capacity 3971K, committed 4016K, reserved 1048576K
Heap Regions: E=young(eden), S=young(survivor), O=old, HS=humongous(starts), HC=humongous(continues), CS=collection set, F=free, A=archive, TAMS=top-at-mark-start (previous, next)
|   0|0x0000000780000000, 0x0000000780100000, 0x0000000780100000|100%| O|  |TAMS 0x000000078006f600, 0x0000000780000000| Untracked 
|   1|0x0000000780100000, 0x0000000780200000, 0x0000000780200000|100%|HS|  |TAMS 0x0000000780100000, 0x0000000780100000| Complete 
|   2|0x0000000780200000, 0x0000000780300000, 0x0000000780300000|100%|HC|  |TAMS 0x0000000780200000, 0x0000000780200000| Complete 
|   3|0x0000000780300000, 0x0000000780400000, 0x0000000780400000|100%| O|  |TAMS 0x0000000780300000, 0x0000000780300000| Untracked 
|   4|0x0000000780400000, 0x0000000780500000, 0x0000000780500000|100%| O|  |TAMS 0x0000000780400000, 0x0000000780400000| Untracked 
|   5|0x0000000780500000, 0x0000000780600000, 0x0000000780600000|100%| O|  |TAMS 0x0000000780500000, 0x0000000780500000| Untracked 
|   6|0x0000000780600000, 0x0000000780700000, 0x0000000780700000|100%| O|  |TAMS 0x0000000780600000, 0x0000000780600000| Untracked 
|   7|0x0000000780700000, 0x0000000780800000, 0x0000000780800000|100%| O|  |TAMS 0x0000000780700000, 0x0000000780700000| Untracked 
|   8|0x0000000780800000, 0x0000000780900000, 0x0000000780900000|100%| O|  |TAMS 0x0000000780800000, 0x0000000780800000| Untracked 
|   9|0x0000000780900000, 0x0000000780a00000, 0x0000000780a00000|100%| O|  |TAMS 0x0000000780900000, 0x0000000780900000| Untracked 
|  10|0x0000000780a00000, 0x0000000780b00000, 0x0000000780b00000|100%| O|  |TAMS 0x0000000780a00000, 0x0000000780a00000| Untracked 
|  11|0x0000000780b00000, 0x0000000780c00000, 0x0000000780c00000|100%| O|  |TAMS 0x0000000780b00000, 0x0000000780b00000| Untracked 
|  12|0x0000000780c00000, 0x0000000780d00000, 0x0000000780d00000|100%| O|  |TAMS 0x0000000780c00000, 0x0000000780c00000| Untracked 
|  13|0x0000000780d00000, 0x0000000780dd0a00, 0x0000000780e00000| 81%| O|  |TAMS 0x0000000780d00000, 0x0000000780d00000| Untracked 
|  14|0x0000000780e00000, 0x0000000780e00000, 0x0000000780f00000|  0%| F|  |TAMS 0x0000000780e00000, 0x0000000780e00000| Untracked 
|  15|0x0000000780f00000, 0x0000000780f00000, 0x0000000781000000|  0%| F|  |TAMS 0x0000000780f00000, 0x0000000780f00000| Untracked 
|  16|0x0000000781000000, 0x0000000781000000, 0x0000000781100000|  0%| F|  |TAMS 0x0000000781000000, 0x0000000781000000| Untracked 
|  17|0x0000000781100000, 0x0000000781100000, 0x0000000781200000|  0%| F|  |TAMS 0x0000000781100000, 0x0000000781100000| Untracked 
|  18|0x0000000781200000, 0x0000000781200000, 0x0000000781300000|  0%| F|  |TAMS 0x0000000781200000, 0x0000000781200000| Untracked 
|  19|0x0000000781300000, 0x0000000781300000, 0x0000000781400000|  0%| F|  |TAMS 0x0000000781300000, 0x0000000781300000| Untracked 
|  20|0x0000000781400000, 0x0000000781400000, 0x0000000781500000|  0%| F|  |TAMS 0x0000000781400000, 0x0000000781400000| Untracked 
|  21|0x0000000781500000, 0x0000000781500000, 0x0000000781600000|  0%| F|  |TAMS 0x0000000781500000, 0x0000000781500000| Untracked 
|  22|0x0000000781600000, 0x0000000781600000, 0x0000000781700000|  0%| F|  |TAMS 0x0000000781600000, 0x0000000781600000| Untracked 
|  23|0x0000000781700000, 0x0000000781700000, 0x0000000781800000|  0%| F|  |TAMS 0x0000000781700000, 0x0000000781700000| Untracked 
|  24|0x0000000781800000, 0x0000000781800000, 0x0000000781900000|  0%| F|  |TAMS 0x0000000781800000, 0x0000000781800000| Untracked 
|  25|0x0000000781900000, 0x0000000781900000, 0x0000000781a00000|  0%| F|  |TAMS 0x0000000781900000, 0x0000000781900000| Untracked 
|  26|0x0000000781a00000, 0x0000000781a00000, 0x0000000781b00000|  0%| F|  |TAMS 0x0000000781a00000, 0x0000000781a00000| Untracked 
|  27|0x0000000781b00000, 0x0000000781b00000, 0x0000000781c00000|  0%| F|  |TAMS 0x0000000781b00000, 0x0000000781b00000| Untracked 
|  28|0x0000000781c00000, 0x0000000781c00000, 0x0000000781d00000|  0%| F|  |TAMS 0x0000000781c00000, 0x0000000781c00000| Untracked 
|  29|0x0000000781d00000, 0x0000000781d00000, 0x0000000781e00000|  0%| F|  |TAMS 0x0000000781d00000, 0x0000000781d00000| Untracked 
|  30|0x0000000781e00000, 0x0000000781e00000, 0x0000000781f00000|  0%| F|  |TAMS 0x0000000781e00000, 0x0000000781e00000| Untracked 
|  31|0x0000000781f00000, 0x0000000781f00000, 0x0000000782000000|  0%| F|  |TAMS 0x0000000781f00000, 0x0000000781f00000| Untracked 
|  32|0x0000000782000000, 0x0000000782000000, 0x0000000782100000|  0%| F|  |TAMS 0x0000000782000000, 0x0000000782000000| Untracked 
|  33|0x0000000782100000, 0x0000000782100000, 0x0000000782200000|  0%| F|  |TAMS 0x0000000782100000, 0x0000000782100000| Untracked 
|  34|0x0000000782200000, 0x0000000782200000, 0x0000000782300000|  0%| F|  |TAMS 0x0000000782200000, 0x0000000782200000| Untracked 
|  35|0x0000000782300000, 0x0000000782300000, 0x0000000782400000|  0%| F|  |TAMS 0x0000000782300000, 0x0000000782300000| Untracked 
|  36|0x0000000782400000, 0x0000000782400000, 0x0000000782500000|  0%| F|  |TAMS 0x0000000782400000, 0x0000000782400000| Untracked 
|  37|0x0000000782500000, 0x0000000782500000, 0x0000000782600000|  0%| F|  |TAMS 0x0000000782500000, 0x0000000782500000| Untracked 
|  38|0x0000000782600000, 0x0000000782600000, 0x0000000782700000|  0%| F|  |TAMS 0x0000000782600000, 0x0000000782600000| Untracked 
|  39|0x0000000782700000, 0x0000000782700000, 0x0000000782800000|  0%| F|  |TAMS 0x0000000782700000, 0x0000000782700000| Untracked 
|  40|0x0000000782800000, 0x0000000782800000, 0x0000000782900000|  0%| F|  |TAMS 0x0000000782800000, 0x0000000782800000| Untracked 
|  41|0x0000000782900000, 0x0000000782900000, 0x0000000782a00000|  0%| F|  |TAMS 0x0000000782900000, 0x0000000782900000| Untracked 
|  42|0x0000000782a00000, 0x0000000782a00000, 0x0000000782b00000|  0%| F|  |TAMS 0x0000000782a00000, 0x0000000782a00000| Untracked 
|  43|0x0000000782b00000, 0x0000000782b00000, 0x0000000782c00000|  0%| F|  |TAMS 0x0000000782b00000, 0x0000000782b00000| Untracked 
|  44|0x0000000782c00000, 0x0000000782c00000, 0x0000000782d00000|  0%| F|  |TAMS 0x0000000782c00000, 0x0000000782c00000| Untracked 
|  45|0x0000000782d00000, 0x0000000782d00000, 0x0000000782e00000|  0%| F|  |TAMS 0x0000000782d00000, 0x0000000782d00000| Untracked 
|  46|0x0000000782e00000, 0x0000000782e00000, 0x0000000782f00000|  0%| F|  |TAMS 0x0000000782e00000, 0x0000000782e00000| Untracked 
|  47|0x0000000782f00000, 0x0000000782f00000, 0x0000000783000000|  0%| F|  |TAMS 0x0000000782f00000, 0x0000000782f00000| Untracked 
|  48|0x0000000783000000, 0x0000000783000000, 0x0000000783100000|  0%| F|  |TAMS 0x0000000783000000, 0x0000000783000000| Untracked 
|  49|0x0000000783100000, 0x0000000783100000, 0x0000000783200000|  0%| F|  |TAMS 0x0000000783100000, 0x0000000783100000| Untracked 
|  50|0x0000000783200000, 0x0000000783200000, 0x0000000783300000|  0%| F|  |TAMS 0x0000000783200000, 0x0000000783200000| Untracked 
|  51|0x0000000783300000, 0x0000000783300000, 0x0000000783400000|  0%| F|  |TAMS 0x0000000783300000, 0x0000000783300000| Untracked 
|  52|0x0000000783400000, 0x0000000783400000, 0x0000000783500000|  0%| F|  |TAMS 0x0000000783400000, 0x0000000783400000| Untracked 
|  53|0x0000000783500000, 0x0000000783500000, 0x0000000783600000|  0%| F|  |TAMS 0x0000000783500000, 0x0000000783500000| Untracked 
|  54|0x0000000783600000, 0x0000000783600000, 0x0000000783700000|  0%| F|  |TAMS 0x0000000783600000, 0x0000000783600000| Untracked 
|  55|0x0000000783700000, 0x0000000783700000, 0x0000000783800000|  0%| F|  |TAMS 0x0000000783700000, 0x0000000783700000| Untracked 
|  56|0x0000000783800000, 0x0000000783800000, 0x0000000783900000|  0%| F|  |TAMS 0x0000000783800000, 0x0000000783800000| Untracked 
|  57|0x0000000783900000, 0x0000000783900000, 0x0000000783a00000|  0%| F|  |TAMS 0x0000000783900000, 0x0000000783900000| Untracked 
|  58|0x0000000783a00000, 0x0000000783a00000, 0x0000000783b00000|  0%| F|  |TAMS 0x0000000783a00000, 0x0000000783a00000| Untracked 
|  59|0x0000000783b00000, 0x0000000783b00000, 0x0000000783c00000|  0%| F|  |TAMS 0x0000000783b00000, 0x0000000783b00000| Untracked 
|  60|0x0000000783c00000, 0x0000000783c00000, 0x0000000783d00000|  0%| F|  |TAMS 0x0000000783c00000, 0x0000000783c00000| Untracked 
|  61|0x0000000783d00000, 0x0000000783d00000, 0x0000000783e00000|  0%| F|  |TAMS 0x0000000783d00000, 0x0000000783d00000| Untracked 
|  62|0x0000000783e00000, 0x0000000783e00000, 0x0000000783f00000|  0%| F|  |TAMS 0x0000000783e00000, 0x0000000783e00000| Untracked 
|  63|0x0000000783f00000, 0x0000000783f00000, 0x0000000784000000|  0%| F|  |TAMS 0x0000000783f00000, 0x0000000783f00000| Untracked 
|  64|0x0000000784000000, 0x0000000784000000, 0x0000000784100000|  0%| F|  |TAMS 0x0000000784000000, 0x0000000784000000| Untracked 
|  65|0x0000000784100000, 0x0000000784100000, 0x0000000784200000|  0%| F|  |TAMS 0x0000000784100000, 0x0000000784100000| Untracked 
|  66|0x0000000784200000, 0x0000000784200000, 0x0000000784300000|  0%| F|  |TAMS 0x0000000784200000, 0x0000000784200000| Untracked 
|  67|0x0000000784300000, 0x0000000784300000, 0x0000000784400000|  0%| F|  |TAMS 0x0000000784300000, 0x0000000784300000| Untracked 
|  68|0x0000000784400000, 0x0000000784400000, 0x0000000784500000|  0%| F|  |TAMS 0x0000000784400000, 0x0000000784400000| Untracked 
|  69|0x0000000784500000, 0x0000000784500000, 0x0000000784600000|  0%| F|  |TAMS 0x0000000784500000, 0x0000000784500000| Untracked 
|  70|0x0000000784600000, 0x0000000784600000, 0x0000000784700000|  0%| F|  |TAMS 0x0000000784600000, 0x0000000784600000| Untracked 
|  71|0x0000000784700000, 0x0000000784700000, 0x0000000784800000|  0%| F|  |TAMS 0x0000000784700000, 0x0000000784700000| Untracked 
|  72|0x0000000784800000, 0x0000000784800000, 0x0000000784900000|  0%| F|  |TAMS 0x0000000784800000, 0x0000000784800000| Untracked 
|  73|0x0000000784900000, 0x0000000784900000, 0x0000000784a00000|  0%| F|  |TAMS 0x0000000784900000, 0x0000000784900000| Untracked 
|  74|0x0000000784a00000, 0x0000000784a00000, 0x0000000784b00000|  0%| F|  |TAMS 0x0000000784a00000, 0x0000000784a00000| Untracked 
|  75|0x0000000784b00000, 0x0000000784b00000, 0x0000000784c00000|  0%| F|  |TAMS 0x0000000784b00000, 0x0000000784b00000| Untracked 
|  76|0x0000000784c00000, 0x0000000784c00000, 0x0000000784d00000|  0%| F|  |TAMS 0x0000000784c00000, 0x0000000784c00000| Untracked 
|  77|0x0000000784d00000, 0x0000000784d00000, 0x0000000784e00000|  0%| F|  |TAMS 0x0000000784d00000, 0x0000000784d00000| Untracked 
|  78|0x0000000784e00000, 0x0000000784e00000, 0x0000000784f00000|  0%| F|  |TAMS 0x0000000784e00000, 0x0000000784e00000| Untracked 
|  79|0x0000000784f00000, 0x0000000784f00000, 0x0000000785000000|  0%| F|  |TAMS 0x0000000784f00000, 0x0000000784f00000| Untracked 
|  80|0x0000000785000000, 0x0000000785100000, 0x0000000785100000|100%| S|CS|TAMS 0x0000000785000000, 0x0000000785000000| Complete 
|  81|0x0000000785100000, 0x0000000785200000, 0x0000000785200000|100%| S|CS|TAMS 0x0000000785100000, 0x0000000785100000| Complete 
|  82|0x0000000785200000, 0x0000000785300000, 0x0000000785300000|100%| S|CS|TAMS 0x0000000785200000, 0x0000000785200000| Complete 
|  83|0x0000000785300000, 0x0000000785400000, 0x0000000785400000|100%| S|CS|TAMS 0x0000000785300000, 0x0000000785300000| Complete 
|  84|0x0000000785400000, 0x0000000785500000, 0x0000000785500000|100%| S|CS|TAMS 0x0000000785400000, 0x0000000785400000| Complete 
|  85|0x0000000785500000, 0x0000000785600000, 0x0000000785600000|100%| S|CS|TAMS 0x0000000785500000, 0x0000000785500000| Complete 
|  86|0x0000000785600000, 0x0000000785600000, 0x0000000785700000|  0%| F|  |TAMS 0x0000000785600000, 0x0000000785600000| Untracked 
|  87|0x0000000785700000, 0x0000000785780800, 0x0000000785800000| 50%| E|  |TAMS 0x0000000785700000, 0x0000000785700000| Complete 
|  88|0x0000000785800000, 0x0000000785900000, 0x0000000785900000|100%| E|CS|TAMS 0x0000000785800000, 0x0000000785800000| Complete 
|  89|0x0000000785900000, 0x0000000785a00000, 0x0000000785a00000|100%| E|CS|TAMS 0x0000000785900000, 0x0000000785900000| Complete 
|  90|0x0000000785a00000, 0x0000000785b00000, 0x0000000785b00000|100%| E|CS|TAMS 0x0000000785a00000, 0x0000000785a00000| Complete 
|  91|0x0000000785b00000, 0x0000000785c00000, 0x0000000785c00000|100%| E|CS|TAMS 0x0000000785b00000, 0x0000000785b00000| Complete 
|  92|0x0000000785c00000, 0x0000000785d00000, 0x0000000785d00000|100%| E|CS|TAMS 0x0000000785c00000, 0x0000000785c00000| Complete 
|  93|0x0000000785d00000, 0x0000000785e00000, 0x0000000785e00000|100%| E|CS|TAMS 0x0000000785d00000, 0x0000000785d00000| Complete 
|  94|0x0000000785e00000, 0x0000000785f00000, 0x0000000785f00000|100%| E|CS|TAMS 0x0000000785e00000, 0x0000000785e00000| Complete 
|  95|0x0000000785f00000, 0x0000000786000000, 0x0000000786000000|100%| E|CS|TAMS 0x0000000785f00000, 0x0000000785f00000| Complete 
|  96|0x0000000786000000, 0x0000000786100000, 0x0000000786100000|100%| E|  |TAMS 0x0000000786000000, 0x0000000786000000| Complete 
|  97|0x0000000786100000, 0x0000000786200000, 0x0000000786200000|100%| E|CS|TAMS 0x0000000786100000, 0x0000000786100000| Complete 
|  98|0x0000000786200000, 0x0000000786300000, 0x0000000786300000|100%| E|CS|TAMS 0x0000000786200000, 0x0000000786200000| Complete 
|  99|0x0000000786300000, 0x0000000786400000, 0x0000000786400000|100%| E|CS|TAMS 0x0000000786300000, 0x0000000786300000| Complete 
| 100|0x0000000786400000, 0x0000000786500000, 0x0000000786500000|100%| E|CS|TAMS 0x0000000786400000, 0x0000000786400000| Complete 
| 101|0x0000000786500000, 0x0000000786600000, 0x0000000786600000|100%| E|CS|TAMS 0x0000000786500000, 0x0000000786500000| Complete 
| 102|0x0000000786600000, 0x0000000786700000, 0x0000000786700000|100%| E|CS|TAMS 0x0000000786600000, 0x0000000786600000| Complete 
| 103|0x0000000786700000, 0x0000000786800000, 0x0000000786800000|100%| E|CS|TAMS 0x0000000786700000, 0x0000000786700000| Complete 
| 104|0x0000000786800000, 0x0000000786900000, 0x0000000786900000|100%| E|CS|TAMS 0x0000000786800000, 0x0000000786800000| Complete 
| 105|0x0000000786900000, 0x0000000786a00000, 0x0000000786a00000|100%| E|CS|TAMS 0x0000000786900000, 0x0000000786900000| Complete 
| 106|0x0000000786a00000, 0x0000000786b00000, 0x0000000786b00000|100%| E|CS|TAMS 0x0000000786a00000, 0x0000000786a00000| Complete 
| 107|0x0000000786b00000, 0x0000000786c00000, 0x0000000786c00000|100%| E|CS|TAMS 0x0000000786b00000, 0x0000000786b00000| Complete 
| 108|0x0000000786c00000, 0x0000000786d00000, 0x0000000786d00000|100%| E|CS|TAMS 0x0000000786c00000, 0x0000000786c00000| Complete 
| 109|0x0000000786d00000, 0x0000000786e00000, 0x0000000786e00000|100%| E|CS|TAMS 0x0000000786d00000, 0x0000000786d00000| Complete 
| 110|0x0000000786e00000, 0x0000000786f00000, 0x0000000786f00000|100%| E|CS|TAMS 0x0000000786e00000, 0x0000000786e00000| Complete 
| 111|0x0000000786f00000, 0x0000000787000000, 0x0000000787000000|100%| E|CS|TAMS 0x0000000786f00000, 0x0000000786f00000| Complete 
| 112|0x0000000787000000, 0x0000000787100000, 0x0000000787100000|100%| E|CS|TAMS 0x0000000787000000, 0x0000000787000000| Complete 
| 113|0x0000000787100000, 0x0000000787200000, 0x0000000787200000|100%| E|CS|TAMS 0x0000000787100000, 0x0000000787100000| Complete 
| 114|0x0000000787200000, 0x0000000787300000, 0x0000000787300000|100%| E|CS|TAMS 0x0000000787200000, 0x0000000787200000| Complete 
| 115|0x0000000787300000, 0x0000000787400000, 0x0000000787400000|100%| E|CS|TAMS 0x0000000787300000, 0x0000000787300000| Complete 
| 116|0x0000000787400000, 0x0000000787500000, 0x0000000787500000|100%| E|CS|TAMS 0x0000000787400000, 0x0000000787400000| Complete 
| 117|0x0000000787500000, 0x0000000787600000, 0x0000000787600000|100%| E|CS|TAMS 0x0000000787500000, 0x0000000787500000| Complete 
| 118|0x0000000787600000, 0x0000000787700000, 0x0000000787700000|100%| E|CS|TAMS 0x0000000787600000, 0x0000000787600000| Complete 
| 119|0x0000000787700000, 0x0000000787800000, 0x0000000787800000|100%| E|CS|TAMS 0x0000000787700000, 0x0000000787700000| Complete 
| 120|0x0000000787800000, 0x0000000787900000, 0x0000000787900000|100%| E|CS|TAMS 0x0000000787800000, 0x0000000787800000| Complete 
| 121|0x0000000787900000, 0x0000000787a00000, 0x0000000787a00000|100%| E|CS|TAMS 0x0000000787900000, 0x0000000787900000| Complete 
| 122|0x0000000787a00000, 0x0000000787b00000, 0x0000000787b00000|100%| E|CS|TAMS 0x0000000787a00000, 0x0000000787a00000| Complete 
| 123|0x0000000787b00000, 0x0000000787c00000, 0x0000000787c00000|100%| E|CS|TAMS 0x0000000787b00000, 0x0000000787b00000| Complete 
| 124|0x0000000787c00000, 0x0000000787d00000, 0x0000000787d00000|100%| E|CS|TAMS 0x0000000787c00000, 0x0000000787c00000| Complete 
| 125|0x0000000787d00000, 0x0000000787e00000, 0x0000000787e00000|100%| E|CS|TAMS 0x0000000787d00000, 0x0000000787d00000| Complete 
| 126|0x0000000787e00000, 0x0000000787f00000, 0x0000000787f00000|100%| E|CS|TAMS 0x0000000787e00000, 0x0000000787e00000| Complete 
| 127|0x0000000787f00000, 0x0000000788000000, 0x0000000788000000|100%| E|CS|TAMS 0x0000000787f00000, 0x0000000787f00000| Complete 

Card table byte_map: [0x0000000128fbe000,0x00000001293be000] _byte_map_base: 0x00000001253be000

Marking Bits (Prev, Next): (CMBitMap*) 0x00007fe826824250, (CMBitMap*) 0x00007fe826824218
 Prev Bits: [0x000000012b7be000, 0x000000012d7be000)
 Next Bits: [0x00000001297be000, 0x000000012b7be000)

Polling page: 0x0000000102f8d000

Metaspace:

Usage:
  Non-class:     24.44 MB capacity,    23.75 MB ( 97%) used,   567.94 KB (  2%) free+waste,   132.69 KB ( <1%) overhead. 
      Class:      3.88 MB capacity,     3.43 MB ( 88%) used,   392.66 KB ( 10%) free+waste,    66.62 KB (  2%) overhead. 
       Both:     28.31 MB capacity,    27.18 MB ( 96%) used,   960.59 KB (  3%) free+waste,   199.31 KB ( <1%) overhead. 

Virtual space:
  Non-class space:       26.00 MB reserved,      24.50 MB ( 94%) committed 
      Class space:        1.00 GB reserved,       3.92 MB ( <1%) committed 
             Both:        1.03 GB reserved,      28.42 MB (  3%) committed 

Chunk freelists:
   Non-Class:  6.75 KB
       Class:  0 bytes
        Both:  6.75 KB

CodeHeap 'non-profiled nmethods': size=120032Kb used=2222Kb max_used=2222Kb free=117810Kb
 bounds [0x0000000121686000, 0x00000001218f6000, 0x0000000128bbe000]
CodeHeap 'profiled nmethods': size=120028Kb used=9524Kb max_used=9524Kb free=110503Kb
 bounds [0x000000011a14f000, 0x000000011aa9f000, 0x0000000121686000]
CodeHeap 'non-nmethods': size=5700Kb used=1353Kb max_used=1383Kb free=4346Kb
 bounds [0x0000000119bbe000, 0x0000000119e2e000, 0x000000011a14f000]
 total_blobs=6294 nmethods=4487 adapters=721
 compilation: enabled
              stopped_count=0, restarted_count=0
 full_count=0

Compilation events (10 events):
Event: 35.702 Thread 0x00007fe8250da800 4485       3       java.lang.invoke.StringConcatFactory$MethodHandleInlineCopyStrategy::prepender (16 bytes)
Event: 35.702 Thread 0x00007fe8250da800 nmethod 4485 0x000000011aa96710 code [0x000000011aa968e0, 0x000000011aa96b68]
Event: 35.703 Thread 0x00007fe8250da800 4486       3       jdk.internal.org.objectweb.asm.ClassWriter::newConstItem (320 bytes)
Event: 35.703 Thread 0x00007fe8250c5000 4489       4       java.lang.invoke.LambdaForm$Name::<init> (54 bytes)
Event: 35.704 Thread 0x00007fe8250da800 nmethod 4486 0x000000011aa96c10 code [0x000000011aa97160, 0x000000011aa9a338]
Event: 35.704 Thread 0x00007fe8250da800 4488       3       java.lang.invoke.InvokerBytecodeGenerator::emitStoreInsn (21 bytes)
Event: 35.704 Thread 0x00007fe8250da800 nmethod 4488 0x000000011aa9ae90 code [0x000000011aa9b060, 0x000000011aa9b318]
Event: 35.704 Thread 0x00007fe8250da800 4487       3       java.lang.invoke.LambdaFormEditor::oldSpeciesData (8 bytes)
Event: 35.704 Thread 0x00007fe8250da800 nmethod 4487 0x000000011aa9b490 code [0x000000011aa9b660, 0x000000011aa9bad0]
Event: 35.704 Thread 0x00007fe8250da800 4490       3       java.lang.invoke.LambdaFormBuffer::replaceName (124 bytes)

GC Heap History (6 events):
Event: 1.158 GC heap before
{Heap before GC invocations=0 (full 0):
 garbage-first heap   total 131072K, used 23552K [0x0000000780000000, 0x0000000800000000)
  region size 1024K, 24 young (24576K), 0 survivors (0K)
 Metaspace       used 12982K, capacity 13362K, committed 13696K, reserved 1060864K
  class space    used 1431K, capacity 1595K, committed 1664K, reserved 1048576K
}
Event: 1.176 GC heap after
{Heap after GC invocations=1 (full 0):
 garbage-first heap   total 131072K, used 3517K [0x0000000780000000, 0x0000000800000000)
  region size 1024K, 3 young (3072K), 3 survivors (3072K)
 Metaspace       used 12982K, capacity 13362K, committed 13696K, reserved 1060864K
  class space    used 1431K, capacity 1595K, committed 1664K, reserved 1048576K
}
Event: 1.858 GC heap before
{Heap before GC invocations=1 (full 0):
 garbage-first heap   total 131072K, used 28093K [0x0000000780000000, 0x0000000800000000)
  region size 1024K, 28 young (28672K), 3 survivors (3072K)
 Metaspace       used 20569K, capacity 21219K, committed 21296K, reserved 1067008K
  class space    used 2533K, capacity 2823K, committed 2864K, reserved 1048576K
}
Event: 1.867 GC heap after
{Heap after GC invocations=2 (full 0):
 garbage-first heap   total 131072K, used 7003K [0x0000000780000000, 0x0000000800000000)
  region size 1024K, 7 young (7168K), 7 survivors (7168K)
 Metaspace       used 20569K, capacity 21219K, committed 21296K, reserved 1067008K
  class space    used 2533K, capacity 2823K, committed 2864K, reserved 1048576K
}
Event: 13.883 GC heap before
{Heap before GC invocations=3 (full 0):
 garbage-first heap   total 131072K, used 43867K [0x0000000780000000, 0x0000000800000000)
  region size 1024K, 42 young (43008K), 7 survivors (7168K)
 Metaspace       used 26964K, capacity 28118K, committed 28336K, reserved 1073152K
  class space    used 3423K, capacity 3894K, committed 4016K, reserved 1048576K
}
Event: 13.916 GC heap after
{Heap after GC invocations=4 (full 0):
 garbage-first heap   total 131072K, used 20290K [0x0000000780000000, 0x0000000800000000)
  region size 1024K, 6 young (6144K), 6 survivors (6144K)
 Metaspace       used 26964K, capacity 28118K, committed 28336K, reserved 1073152K
  class space    used 3423K, capacity 3894K, committed 4016K, reserved 1048576K
}

Deoptimization events (10 events):
Event: 34.615 Thread 0x00007fe826831800 Uncommon trap: reason=unstable_if action=reinterpret pc=0x000000012180b1c4 method=com.sun.prism.impl.ps.BaseShaderContext.setRenderTarget(Lcom/sun/prism/RenderTarget;Lcom/sun/javafx/sg/prism/NGCamera;ZZ)V @ 54 c2
Event: 34.615 Thread 0x00007fe826831800 Uncommon trap: reason=unstable_if action=reinterpret pc=0x00000001218789b8 method=com.sun.javafx.sg.prism.NGGroup.clearDirty()V @ 8 c2
Event: 34.623 Thread 0x00007fe826831800 Uncommon trap: reason=unstable_if action=reinterpret pc=0x000000012184ec20 method=com.sun.prism.impl.ps.PaintHelper.initGradient(Lcom/sun/prism/paint/Gradient;)I @ 8 c2
Event: 35.329 Thread 0x00007fe826831800 Uncommon trap: reason=unstable_if action=reinterpret pc=0x000000012182e5e0 method=com.sun.javafx.geom.transform.AffineBase.translate(DD)V @ 528 c2
Event: 35.329 Thread 0x00007fe826831800 Uncommon trap: reason=unstable_if action=reinterpret pc=0x00000001218779d0 method=com.sun.javafx.geom.transform.AffineBase.transform2DBounds(Lcom/sun/javafx/geom/RectBounds;Lcom/sun/javafx/geom/RectBounds;)Lcom/sun/javafx/geom/BaseBounds; @ 7 c2
Event: 35.330 Thread 0x00007fe826831800 Uncommon trap: reason=unstable_if action=reinterpret pc=0x0000000121832640 method=com.sun.javafx.geom.transform.AffineBase.updateState2D()V @ 51 c2
Event: 35.330 Thread 0x00007fe826831800 Uncommon trap: reason=unstable_if action=reinterpret pc=0x000000012180eb60 method=com.sun.prism.impl.ps.BaseShaderContext.setRenderTarget(Lcom/sun/prism/RenderTarget;Lcom/sun/javafx/sg/prism/NGCamera;ZZ)V @ 54 c2
Event: 35.331 Thread 0x00007fe826831800 Uncommon trap: reason=unstable_if action=reinterpret pc=0x0000000121897c24 method=com.sun.javafx.sg.prism.NGGroup.renderContent(Lcom/sun/prism/Graphics;)V @ 21 c2
Event: 35.331 Thread 0x00007fe826831800 Uncommon trap: reason=unstable_if action=reinterpret pc=0x000000012184cd30 method=com.sun.javafx.sg.prism.NGNode.doRender(Lcom/sun/prism/Graphics;)V @ 44 c2
Event: 35.625 Thread 0x00007fe82533d000 Uncommon trap: reason=speculate_null_check action=make_not_entrant pc=0x00000001218a9138 method=javafx.scene.CssStyleHelper.getStyleHelper(Ljavafx/scene/Node;)Ljavafx/scene/CssStyleHelper; @ 1 c2

Classes redefined (0 events):
No events

Internal exceptions (10 events):
Event: 30.026 Thread 0x00007fe82533d000 Exception <a 'java/io/FileNotFoundException'{0x0000000785c57bc0}> (0x0000000785c57bc0) thrown at [/scratch/mesos/slaves/07fc96ef-bf4d-487f-b22f-a84e49f5f44a-S132978/frameworks/1735e8a2-a1db-478c-8104-60c8b0af87dd-0196/executors/7fd0d64e-f768-4f47-ab19-0e8
Event: 32.531 Thread 0x00007fe82533d000 Exception <a 'java/io/FileNotFoundException'{0x0000000785ce3220}> (0x0000000785ce3220) thrown at [/scratch/mesos/slaves/07fc96ef-bf4d-487f-b22f-a84e49f5f44a-S132978/frameworks/1735e8a2-a1db-478c-8104-60c8b0af87dd-0196/executors/7fd0d64e-f768-4f47-ab19-0e8
Event: 32.535 Thread 0x00007fe82533d000 Exception <a 'java/io/FileNotFoundException'{0x0000000785ce8870}> (0x0000000785ce8870) thrown at [/scratch/mesos/slaves/07fc96ef-bf4d-487f-b22f-a84e49f5f44a-S132978/frameworks/1735e8a2-a1db-478c-8104-60c8b0af87dd-0196/executors/7fd0d64e-f768-4f47-ab19-0e8
Event: 33.062 Thread 0x00007fe82533d000 Exception <a 'java/io/FileNotFoundException'{0x0000000785b5e3c0}> (0x0000000785b5e3c0) thrown at [/scratch/mesos/slaves/07fc96ef-bf4d-487f-b22f-a84e49f5f44a-S132978/frameworks/1735e8a2-a1db-478c-8104-60c8b0af87dd-0196/executors/7fd0d64e-f768-4f47-ab19-0e8
Event: 33.065 Thread 0x00007fe82533d000 Exception <a 'java/io/FileNotFoundException'{0x0000000785b88b68}> (0x0000000785b88b68) thrown at [/scratch/mesos/slaves/07fc96ef-bf4d-487f-b22f-a84e49f5f44a-S132978/frameworks/1735e8a2-a1db-478c-8104-60c8b0af87dd-0196/executors/7fd0d64e-f768-4f47-ab19-0e8
Event: 33.913 Thread 0x00007fe82533d000 Exception <a 'java/io/FileNotFoundException'{0x0000000785beaf00}> (0x0000000785beaf00) thrown at [/scratch/mesos/slaves/07fc96ef-bf4d-487f-b22f-a84e49f5f44a-S132978/frameworks/1735e8a2-a1db-478c-8104-60c8b0af87dd-0196/executors/7fd0d64e-f768-4f47-ab19-0e8
Event: 33.916 Thread 0x00007fe82533d000 Exception <a 'java/io/FileNotFoundException'{0x0000000785bf0550}> (0x0000000785bf0550) thrown at [/scratch/mesos/slaves/07fc96ef-bf4d-487f-b22f-a84e49f5f44a-S132978/frameworks/1735e8a2-a1db-478c-8104-60c8b0af87dd-0196/executors/7fd0d64e-f768-4f47-ab19-0e8
Event: 34.423 Thread 0x00007fe82533d000 Exception <a 'java/io/FileNotFoundException'{0x0000000785ad5d10}> (0x0000000785ad5d10) thrown at [/scratch/mesos/slaves/07fc96ef-bf4d-487f-b22f-a84e49f5f44a-S132978/frameworks/1735e8a2-a1db-478c-8104-60c8b0af87dd-0196/executors/7fd0d64e-f768-4f47-ab19-0e8
Event: 34.425 Thread 0x00007fe82533d000 Exception <a 'java/io/FileNotFoundException'{0x0000000785900948}> (0x0000000785900948) thrown at [/scratch/mesos/slaves/07fc96ef-bf4d-487f-b22f-a84e49f5f44a-S132978/frameworks/1735e8a2-a1db-478c-8104-60c8b0af87dd-0196/executors/7fd0d64e-f768-4f47-ab19-0e8
Event: 35.625 Thread 0x00007fe82533d000 Implicit null exception at 0x00000001218a7359 to 0x00000001218a9126

Events (10 events):
Event: 35.331 Thread 0x00007fe826831800 DEOPT PACKING pc=0x0000000121897c24 sp=0x000000030b667420
Event: 35.331 Thread 0x00007fe826831800 DEOPT UNPACKING pc=0x0000000119be5d9f sp=0x000000030b667388 mode 2
Event: 35.331 Thread 0x00007fe826831800 Uncommon trap: trap_request=0xffffff4d fr.pc=0x000000012184cd30 relative=0x0000000000001350
Event: 35.331 Thread 0x00007fe826831800 DEOPT PACKING pc=0x000000012184cd30 sp=0x000000030b6672a0
Event: 35.331 Thread 0x00007fe826831800 DEOPT UNPACKING pc=0x0000000119be5d9f sp=0x000000030b6671f0 mode 2
Event: 35.625 Thread 0x00007fe82533d000 Uncommon trap: trap_request=0xffffff64 fr.pc=0x00000001218a9138 relative=0x0000000000002818
Event: 35.625 Thread 0x00007fe82533d000 DEOPT PACKING pc=0x00000001218a9138 sp=0x000000030a39a250
Event: 35.625 Thread 0x00007fe82533d000 DEOPT UNPACKING pc=0x0000000119be5d9f sp=0x000000030a39a128 mode 2
Event: 35.696 loading class com/sun/javafx/tk/quantum/WindowStage
Event: 35.696 loading class com/sun/javafx/tk/quantum/WindowStage done


Dynamic libraries:
0x00007ffdffd5f000 	/Library/Apple/usr/libexec/oah/runtime
0x00007fff35210000 	/System/Library/Frameworks/Cocoa.framework/Versions/A/Cocoa
0x00007fff22148000 	/System/Library/Frameworks/Security.framework/Versions/A/Security
0x00007fff3345f000 	/System/Library/Frameworks/ApplicationServices.framework/Versions/A/ApplicationServices
0x00007fff2a5d8000 	/usr/lib/libz.1.dylib
0x00007fff2a6a4000 	/usr/lib/libSystem.B.dylib
0x00007fff203dd000 	/System/Library/Frameworks/CoreFoundation.framework/Versions/A/CoreFoundation
0x00007fff210bc000 	/System/Library/Frameworks/Foundation.framework/Versions/C/Foundation
0x00007fff201fc000 	/usr/lib/libobjc.A.dylib
0x00007fff22b6c000 	/System/Library/Frameworks/AppKit.framework/Versions/C/AppKit
0x00007fff25a1b000 	/System/Library/Frameworks/CoreData.framework/Versions/A/CoreData
0x00007fff238c9000 	/System/Library/PrivateFrameworks/UIFoundation.framework/Versions/A/UIFoundation
0x00007fff2fe42000 	/System/Library/PrivateFrameworks/RemoteViewServices.framework/Versions/A/RemoteViewServices
0x00007fff28bf4000 	/System/Library/PrivateFrameworks/XCTTargetBootstrap.framework/Versions/A/XCTTargetBootstrap
0x00007fff2b941000 	/usr/lib/libspindump.dylib
0x00007fff23b1d000 	/System/Library/Frameworks/UniformTypeIdentifiers.framework/Versions/A/UniformTypeIdentifiers
0x00007fff273c6000 	/usr/lib/libapp_launch_measurement.dylib
0x00007fff273c9000 	/System/Library/PrivateFrameworks/CoreAutoLayout.framework/Versions/A/CoreAutoLayout
0x00007fff28555000 	/System/Library/Frameworks/Metal.framework/Versions/A/Metal
0x00007fff2924a000 	/usr/lib/liblangid.dylib
0x00007fff28bf8000 	/System/Library/PrivateFrameworks/CoreSVG.framework/Versions/A/CoreSVG
0x00007fff24b04000 	/System/Library/PrivateFrameworks/SkyLight.framework/Versions/A/SkyLight
0x00007fff24e63000 	/System/Library/Frameworks/CoreGraphics.framework/Versions/A/CoreGraphics
0x00007fff30499000 	/System/Library/Frameworks/Accelerate.framework/Versions/A/Accelerate
0x00007fff2b37c000 	/System/Library/PrivateFrameworks/IconServices.framework/Versions/A/IconServices
0x00007fff28536000 	/System/Library/Frameworks/IOSurface.framework/Versions/A/IOSurface
0x00007fff263ad000 	/usr/lib/libDiagnosticMessagesClient.dylib
0x00007fff28be0000 	/System/Library/PrivateFrameworks/DFRFoundation.framework/Versions/A/DFRFoundation
0x00007fff22498000 	/usr/lib/libicucore.A.dylib
0x00007fff2ce7c000 	/System/Library/Frameworks/AudioToolbox.framework/Versions/A/AudioToolbox
0x00007fff2c127000 	/System/Library/PrivateFrameworks/DataDetectorsCore.framework/Versions/A/DataDetectorsCore
0x00007fff288e0000 	/System/Library/Frameworks/Carbon.framework/Versions/A/Frameworks/HIToolbox.framework/Versions/A/HIToolbox
0x00007fff26e29000 	/System/Library/Frameworks/QuartzCore.framework/Versions/A/QuartzCore
0x00007fff2fe7e000 	/System/Library/Frameworks/Carbon.framework/Versions/A/Frameworks/SpeechRecognition.framework/Versions/A/SpeechRecognition
0x00007fff2712e000 	/System/Library/PrivateFrameworks/CoreUI.framework/Versions/A/CoreUI
0x00007fff21aa4000 	/System/Library/Frameworks/CoreAudio.framework/Versions/A/CoreAudio
0x00007fff26498000 	/System/Library/Frameworks/DiskArbitration.framework/Versions/A/DiskArbitration
0x00007fff2bd39000 	/System/Library/PrivateFrameworks/MultitouchSupport.framework/Versions/A/MultitouchSupport
0x00007fff2c11e000 	/System/Library/PrivateFrameworks/InternationalSupport.framework/Versions/A/InternationalSupport
0x00007fff24a78000 	/usr/lib/libenergytrace.dylib
0x00007fff22a66000 	/System/Library/Frameworks/IOKit.framework/Versions/A/IOKit
0x00007fff301cb000 	/System/Library/Frameworks/CoreServices.framework/Versions/A/CoreServices
0x00007fff2735c000 	/System/Library/PrivateFrameworks/PerformanceAnalysis.framework/Versions/A/PerformanceAnalysis
0x00007fff6b6bf000 	/System/Library/Frameworks/OpenGL.framework/Versions/A/OpenGL
0x00007fff2c1a3000 	/System/Library/PrivateFrameworks/UserActivity.framework/Versions/A/UserActivity
0x00007fff2551d000 	/System/Library/Frameworks/ColorSync.framework/Versions/A/ColorSync
0x00007fff28e63000 	/System/Library/Frameworks/CoreImage.framework/Versions/A/CoreImage
0x00007fff218ba000 	/System/Library/Frameworks/CoreText.framework/Versions/A/CoreText
0x00007fff28c22000 	/System/Library/Frameworks/ImageIO.framework/Versions/A/ImageIO
0x00007fff2a6aa000 	/System/Library/PrivateFrameworks/SoftLinking.framework/Versions/A/SoftLinking
0x00007fff27412000 	/usr/lib/libxml2.2.dylib
0x00007fff202c2000 	/usr/lib/libc++.1.dylib
0x00007fff2a91c000 	/usr/lib/libcompression.dylib
0x00007fff24a79000 	/usr/lib/libMobileGestalt.dylib
0x00007fff2c051000 	/System/Library/PrivateFrameworks/TextureIO.framework/Versions/A/TextureIO
0x00007fff2b00a000 	/usr/lib/libate.dylib
0x00007fff2a69e000 	/usr/lib/system/libcache.dylib
0x00007fff2a65a000 	/usr/lib/system/libcommonCrypto.dylib
0x00007fff2a684000 	/usr/lib/system/libcompiler_rt.dylib
0x00007fff2a679000 	/usr/lib/system/libcopyfile.dylib
0x00007fff200ee000 	/usr/lib/system/libcorecrypto.dylib
0x00007fff201b7000 	/usr/lib/system/libdispatch.dylib
0x00007fff2036c000 	/usr/lib/system/libdyld.dylib
0x00007fff2a695000 	/usr/lib/system/libkeymgr.dylib
0x00007fff2dc2b000 	/usr/lib/system/liblaunch.dylib
0x00007fff2a638000 	/usr/lib/system/libmacho.dylib
0x00007fff29e4e000 	/usr/lib/system/libquarantine.dylib
0x00007fff2a692000 	/usr/lib/system/libremovefile.dylib
0x00007fff24ad5000 	/usr/lib/system/libsystem_asl.dylib
0x00007fff2009e000 	/usr/lib/system/libsystem_blocks.dylib
0x00007fff20239000 	/usr/lib/system/libsystem_c.dylib
0x00007fff2a68c000 	/usr/lib/system/libsystem_collections.dylib
0x00007fff2923b000 	/usr/lib/system/libsystem_configuration.dylib
0x00007fff28525000 	/usr/lib/system/libsystem_containermanager.dylib
0x00007fff2a3d0000 	/usr/lib/system/libsystem_coreservices.dylib
0x00007fff226fa000 	/usr/lib/system/libsystem_darwin.dylib
0x00007fff2a696000 	/usr/lib/system/libsystem_dnssd.dylib
0x00007fff20236000 	/usr/lib/system/libsystem_featureflags.dylib
0x00007fff203b1000 	/usr/lib/system/libsystem_info.dylib
0x00007fff2a5eb000 	/usr/lib/system/libsystem_m.dylib
0x00007fff2018a000 	/usr/lib/system/libsystem_malloc.dylib
0x00007fff24a69000 	/usr/lib/system/libsystem_networkextension.dylib
0x00007fff22b14000 	/usr/lib/system/libsystem_notify.dylib
0x00007fff300c9000 	/usr/lib/system/libsystem_product_info_filter.dylib
0x00007fff2923f000 	/usr/lib/system/libsystem_sandbox.dylib
0x00007fff2a68f000 	/usr/lib/system/libsystem_secinit.dylib
0x00007fff20331000 	/usr/lib/system/libsystem_kernel.dylib
0x00007fff203a7000 	/usr/lib/system/libsystem_platform.dylib
0x00007fff20360000 	/usr/lib/system/libsystem_pthread.dylib
0x00007fff261fb000 	/usr/lib/system/libsystem_symptoms.dylib
0x00007fff200d6000 	/usr/lib/system/libsystem_trace.dylib
0x00007fff2a666000 	/usr/lib/system/libunwind.dylib
0x00007fff200a0000 	/usr/lib/system/libxpc.dylib
0x00007fff20318000 	/usr/lib/libc++abi.dylib
0x00007fff2a671000 	/usr/lib/liboah.dylib
0x00007fff2ad35000 	/usr/lib/liblzma.5.dylib
0x00007fff20dd2000 	/System/Library/Frameworks/SystemConfiguration.framework/Versions/A/SystemConfiguration
0x00007fff2a6a6000 	/usr/lib/libfakelink.dylib
0x00007fff245cb000 	/System/Library/Frameworks/CFNetwork.framework/Versions/A/CFNetwork
0x00007fff2a7e6000 	/usr/lib/libarchive.2.dylib
0x00007fff20e4f000 	/usr/lib/libCRFSuite.dylib
0x00007fff29e75000 	/usr/lib/libbsm.0.dylib
0x00007fff23f87000 	/usr/lib/libnetwork.dylib
0x00007fff2a6ab000 	/usr/lib/libpcap.A.dylib
0x00007fff261f4000 	/usr/lib/libdns_services.dylib
0x00007fff2ad4e000 	/usr/lib/libcoretls_cfhelpers.dylib
0x00007fff2a8ea000 	/usr/lib/libapple_nghttp2.dylib
0x00007fff2a63e000 	/usr/lib/system/libkxld.dylib
0x00007fff25e62000 	/usr/lib/libsqlite3.dylib
0x00007fff2a3b2000 	/System/Library/PrivateFrameworks/AppleFSCompression.framework/Versions/A/AppleFSCompression
0x00007fff29e5d000 	/usr/lib/libcoretls.dylib
0x00007fff2a917000 	/usr/lib/libpam.2.dylib
0x00007fff2ae4b000 	/usr/lib/libxar.1.dylib
0x00007fff29246000 	/System/Library/PrivateFrameworks/AppleSystemInfo.framework/Versions/A/AppleSystemInfo
0x00007fff29aa0000 	/System/Library/PrivateFrameworks/IOMobileFramebuffer.framework/Versions/A/IOMobileFramebuffer
0x00007fff2a3c2000 	/usr/lib/libbz2.1.0.dylib
0x00007fff2a6e3000 	/usr/lib/libiconv.2.dylib
0x00007fff2a637000 	/usr/lib/libcharset.1.dylib
0x00007fff27398000 	/System/Library/Frameworks/CoreServices.framework/Versions/A/Frameworks/FSEvents.framework/Versions/A/FSEvents
0x00007fff22704000 	/System/Library/Frameworks/CoreServices.framework/Versions/A/Frameworks/CarbonCore.framework/Versions/A/CarbonCore
0x00007fff263fd000 	/System/Library/Frameworks/CoreServices.framework/Versions/A/Frameworks/Metadata.framework/Versions/A/Metadata
0x00007fff2a3d5000 	/System/Library/Frameworks/CoreServices.framework/Versions/A/Frameworks/OSServices.framework/Versions/A/OSServices
0x00007fff2a858000 	/System/Library/Frameworks/CoreServices.framework/Versions/A/Frameworks/SearchKit.framework/Versions/A/SearchKit
0x00007fff2617e000 	/System/Library/Frameworks/CoreServices.framework/Versions/A/Frameworks/AE.framework/Versions/A/AE
0x00007fff20879000 	/System/Library/Frameworks/CoreServices.framework/Versions/A/Frameworks/LaunchServices.framework/Versions/A/LaunchServices
0x00007fff2ace6000 	/System/Library/Frameworks/CoreServices.framework/Versions/A/Frameworks/DictionaryServices.framework/Versions/A/DictionaryServices
0x00007fff273a1000 	/System/Library/Frameworks/CoreServices.framework/Versions/A/Frameworks/SharedFileList.framework/Versions/A/SharedFileList
0x00007fff29e51000 	/usr/lib/libCheckFix.dylib
0x00007fff24aec000 	/System/Library/PrivateFrameworks/TCC.framework/Versions/A/TCC
0x00007fff2924c000 	/System/Library/PrivateFrameworks/CoreNLP.framework/Versions/A/CoreNLP
0x00007fff263b0000 	/System/Library/PrivateFrameworks/MetadataUtilities.framework/Versions/A/MetadataUtilities
0x00007fff20e85000 	/usr/lib/libmecabra.dylib
0x00007fff2a165000 	/System/Library/Frameworks/MLCompute.framework/Versions/A/MLCompute
0x00007fff29e86000 	/usr/lib/libmecab.dylib
0x00007fff29ed0000 	/usr/lib/libgermantok.dylib
0x00007fff2a8c0000 	/usr/lib/libThaiTokenizer.dylib
0x00007fff2ae86000 	/usr/lib/libChineseTokenizer.dylib
0x00007fff2a915000 	/System/Library/Frameworks/MetalPerformanceShaders.framework/Versions/A/MetalPerformanceShaders
0x00007fff2649f000 	/System/Library/Frameworks/Accelerate.framework/Versions/A/Frameworks/vImage.framework/Versions/A/vImage
0x00007fff301a4000 	/System/Library/Frameworks/Accelerate.framework/Versions/A/Frameworks/vecLib.framework/Versions/A/vecLib
0x00007fff2ae91000 	/System/Library/Frameworks/Accelerate.framework/Versions/A/Frameworks/vecLib.framework/Versions/A/libvMisc.dylib
0x00007fff298fc000 	/System/Library/Frameworks/Accelerate.framework/Versions/A/Frameworks/vecLib.framework/Versions/A/libvDSP.dylib
0x00007fff20b7c000 	/System/Library/Frameworks/Accelerate.framework/Versions/A/Frameworks/vecLib.framework/Versions/A/libBLAS.dylib
0x00007fff2a93b000 	/System/Library/Frameworks/Accelerate.framework/Versions/A/Frameworks/vecLib.framework/Versions/A/libLAPACK.dylib
0x00007fff29ed6000 	/System/Library/Frameworks/Accelerate.framework/Versions/A/Frameworks/vecLib.framework/Versions/A/libLinearAlgebra.dylib
0x00007fff2a902000 	/System/Library/Frameworks/Accelerate.framework/Versions/A/Frameworks/vecLib.framework/Versions/A/libSparseBLAS.dylib
0x00007fff2a935000 	/System/Library/Frameworks/Accelerate.framework/Versions/A/Frameworks/vecLib.framework/Versions/A/libQuadrature.dylib
0x00007fff292f4000 	/System/Library/Frameworks/Accelerate.framework/Versions/A/Frameworks/vecLib.framework/Versions/A/libBNNS.dylib
0x00007fff20d63000 	/System/Library/Frameworks/Accelerate.framework/Versions/A/Frameworks/vecLib.framework/Versions/A/libSparse.dylib
0x00007fff291df000 	/System/Library/Frameworks/MetalPerformanceShaders.framework/Versions/A/Frameworks/MPSCore.framework/Versions/A/MPSCore
0x00007fff2a321000 	/System/Library/Frameworks/MetalPerformanceShaders.framework/Versions/A/Frameworks/MPSImage.framework/Versions/A/MPSImage
0x00007fff29eed000 	/System/Library/Frameworks/MetalPerformanceShaders.framework/Versions/A/Frameworks/MPSNeuralNetwork.framework/Versions/A/MPSNeuralNetwork
0x00007fff2a2ac000 	/System/Library/Frameworks/MetalPerformanceShaders.framework/Versions/A/Frameworks/MPSMatrix.framework/Versions/A/MPSMatrix
0x00007fff2a115000 	/System/Library/Frameworks/MetalPerformanceShaders.framework/Versions/A/Frameworks/MPSRayIntersector.framework/Versions/A/MPSRayIntersector
0x00007fff2a2e3000 	/System/Library/Frameworks/MetalPerformanceShaders.framework/Versions/A/Frameworks/MPSNDArray.framework/Versions/A/MPSNDArray
0x00007fff20aa8000 	/System/Library/PrivateFrameworks/MetalTools.framework/Versions/A/MetalTools
0x00007fff29244000 	/System/Library/PrivateFrameworks/AggregateDictionary.framework/Versions/A/AggregateDictionary
0x00007fff26388000 	/System/Library/PrivateFrameworks/CoreAnalytics.framework/Versions/A/CoreAnalytics
0x00007fff2a8c2000 	/System/Library/PrivateFrameworks/AppleSauce.framework/Versions/A/AppleSauce
0x00007fff28548000 	/System/Library/PrivateFrameworks/IOAccelerator.framework/Versions/A/IOAccelerator
0x00007fff6b6b3000 	/System/Library/Frameworks/OpenGL.framework/Versions/A/Libraries/libCoreFSCache.dylib
0x00007fff21420000 	/System/Library/PrivateFrameworks/LanguageModeling.framework/Versions/A/LanguageModeling
0x00007fff29a8d000 	/System/Library/PrivateFrameworks/CoreEmoji.framework/Versions/A/CoreEmoji
0x00007fff292ed000 	/System/Library/PrivateFrameworks/LinguisticData.framework/Versions/A/LinguisticData
0x00007fff20d15000 	/System/Library/PrivateFrameworks/Lexicon.framework/Versions/A/Lexicon
0x00007fff2a7d4000 	/usr/lib/libcmph.dylib
0x00007fff27378000 	/System/Library/Frameworks/OpenDirectory.framework/Versions/A/Frameworks/CFOpenDirectory.framework/Versions/A/CFOpenDirectory
0x00007fff27368000 	/System/Library/Frameworks/OpenDirectory.framework/Versions/A/OpenDirectory
0x00007fff2ad50000 	/System/Library/PrivateFrameworks/APFS.framework/Versions/A/APFS
0x00007fff29db2000 	/System/Library/Frameworks/SecurityFoundation.framework/Versions/A/SecurityFoundation
0x00007fff2ae59000 	/usr/lib/libutil.dylib
0x00007fff22a2b000 	/System/Library/PrivateFrameworks/CoreServicesStore.framework/Versions/A/CoreServicesStore
0x00007fff29e49000 	/System/Library/Frameworks/ServiceManagement.framework/Versions/A/ServiceManagement
0x00007fff2ae5d000 	/usr/lib/libxslt.1.dylib
0x00007fff29e3f000 	/System/Library/PrivateFrameworks/BackgroundTaskManagement.framework/Versions/A/BackgroundTaskManagement
0x00007fff2bf9c000 	/System/Library/Frameworks/ImageIO.framework/Versions/A/Resources/libRadiance.dylib
0x00007fff2bfa5000 	/System/Library/Frameworks/ImageIO.framework/Versions/A/Resources/libJPEG.dylib
0x00007fff2bef3000 	/System/Library/Frameworks/ImageIO.framework/Versions/A/Resources/libPng.dylib
0x00007fff2bf1a000 	/System/Library/Frameworks/ImageIO.framework/Versions/A/Resources/libTIFF.dylib
0x00007fff2bffa000 	/System/Library/Frameworks/ImageIO.framework/Versions/A/Resources/libGIF.dylib
0x00007fff2bc57000 	/System/Library/Frameworks/ImageIO.framework/Versions/A/Resources/libJP2.dylib
0x00007fff2b343000 	/usr/lib/libexpat.1.dylib
0x00007fff2bc0d000 	/System/Library/PrivateFrameworks/AppleJPEG.framework/Versions/A/AppleJPEG
0x00007fff28783000 	/System/Library/PrivateFrameworks/FontServices.framework/libFontParser.dylib
0x00007fff26132000 	/System/Library/PrivateFrameworks/RunningBoardServices.framework/Versions/A/RunningBoardServices
0x00007fff2bd35000 	/System/Library/PrivateFrameworks/WatchdogClient.framework/Versions/A/WatchdogClient
0x00007fff2150d000 	/System/Library/Frameworks/CoreDisplay.framework/Versions/A/CoreDisplay
0x00007fff28698000 	/System/Library/Frameworks/CoreMedia.framework/Versions/A/CoreMedia
0x00007fff274f5000 	/System/Library/Frameworks/CoreVideo.framework/Versions/A/CoreVideo
0x00007fff2bd6d000 	/System/Library/Frameworks/VideoToolbox.framework/Versions/A/VideoToolbox
0x00007fff260b0000 	/System/Library/PrivateFrameworks/BaseBoard.framework/Versions/A/BaseBoard
0x00007fff2b488000 	/System/Library/PrivateFrameworks/PersistentConnection.framework/Versions/A/PersistentConnection
0x00007fff25e4b000 	/System/Library/PrivateFrameworks/ProtocolBuffer.framework/Versions/A/ProtocolBuffer
0x00007fff26097000 	/System/Library/PrivateFrameworks/CommonUtilities.framework/Versions/A/CommonUtilities
0x00007fff2bba2000 	/System/Library/PrivateFrameworks/Bom.framework/Versions/A/Bom
0x00007fff2bf95000 	/System/Library/PrivateFrameworks/GPUWrangler.framework/Versions/A/GPUWrangler
0x00007fff2bf78000 	/System/Library/PrivateFrameworks/IOPresentment.framework/Versions/A/IOPresentment
0x00007fff2bf9f000 	/System/Library/PrivateFrameworks/DSExternalDisplay.framework/Versions/A/DSExternalDisplay
0x00007fff2bfff000 	/System/Library/PrivateFrameworks/CMCaptureCore.framework/Versions/A/CMCaptureCore
0x00007fff2b928000 	/System/Library/PrivateFrameworks/AppServerSupport.framework/Versions/A/AppServerSupport
0x00007fff2d9cc000 	/System/Library/PrivateFrameworks/perfdata.framework/Versions/A/perfdata
0x00007fff29da1000 	/System/Library/PrivateFrameworks/AssertionServices.framework/Versions/A/AssertionServices
0x00007fff21644000 	/System/Library/PrivateFrameworks/AudioToolboxCore.framework/Versions/A/AudioToolboxCore
0x00007fff2867b000 	/System/Library/PrivateFrameworks/caulk.framework/Versions/A/caulk
0x00007fff3cc66000 	/System/Library/PrivateFrameworks/SystemPolicy.framework/Versions/A/SystemPolicy
0x00007fff2b139000 	/usr/lib/libIOReport.dylib
0x00007fff2d1ee000 	/usr/lib/libSMC.dylib
0x00007fff2bec0000 	/usr/lib/libAudioToolboxUtility.dylib
0x00007fff3d5cb000 	/usr/lib/libmis.dylib
0x00007fff6b70f000 	/System/Library/Frameworks/OpenGL.framework/Versions/A/Libraries/libGLU.dylib
0x00007fff6b6d2000 	/System/Library/Frameworks/OpenGL.framework/Versions/A/Libraries/libGFXShared.dylib
0x00007fff6b8e1000 	/System/Library/Frameworks/OpenGL.framework/Versions/A/Libraries/libGL.dylib
0x00007fff6b6db000 	/System/Library/Frameworks/OpenGL.framework/Versions/A/Libraries/libGLImage.dylib
0x00007fff6b6cf000 	/System/Library/Frameworks/OpenGL.framework/Versions/A/Libraries/libCVMSPluginSupport.dylib
0x00007fff6b6ba000 	/System/Library/Frameworks/OpenGL.framework/Versions/A/Libraries/libCoreVMClient.dylib
0x00007fff6cd22000 	/System/Library/Frameworks/OpenCL.framework/Versions/A/OpenCL
0x00007fff2b4b2000 	/System/Library/PrivateFrameworks/GraphVisualizer.framework/Versions/A/GraphVisualizer
0x00007fff2b4c1000 	/System/Library/PrivateFrameworks/FaceCore.framework/Versions/A/FaceCore
0x00007fff2b8dd000 	/System/Library/PrivateFrameworks/OTSVG.framework/Versions/A/OTSVG
0x00007fff270ec000 	/System/Library/Frameworks/ApplicationServices.framework/Versions/A/Frameworks/ATS.framework/Versions/A/Resources/libFontRegistry.dylib
0x00007fff2b92f000 	/System/Library/PrivateFrameworks/FontServices.framework/libhvf.dylib
0x00007fff2b2ef000 	/System/Library/PrivateFrameworks/AppleVA.framework/Versions/A/AppleVA
0x00007fff2d037000 	/System/Library/Frameworks/ApplicationServices.framework/Versions/A/Frameworks/ATS.framework/Versions/A/ATS
0x00007fff2d349000 	/System/Library/Frameworks/ApplicationServices.framework/Versions/A/Frameworks/ColorSyncLegacy.framework/Versions/A/ColorSyncLegacy
0x00007fff25614000 	/System/Library/Frameworks/ApplicationServices.framework/Versions/A/Frameworks/HIServices.framework/Versions/A/HIServices
0x00007fff2d32e000 	/System/Library/Frameworks/ApplicationServices.framework/Versions/A/Frameworks/LangAnalysis.framework/Versions/A/LangAnalysis
0x00007fff2c009000 	/System/Library/Frameworks/ApplicationServices.framework/Versions/A/Frameworks/PrintCore.framework/Versions/A/PrintCore
0x00007fff2d351000 	/System/Library/Frameworks/ApplicationServices.framework/Versions/A/Frameworks/QD.framework/Versions/A/QD
0x00007fff2d027000 	/System/Library/Frameworks/ApplicationServices.framework/Versions/A/Frameworks/SpeechSynthesis.framework/Versions/A/SpeechSynthesis
0x00007fff2bfca000 	/System/Library/Frameworks/ApplicationServices.framework/Versions/A/Frameworks/ATSUI.framework/Versions/A/ATSUI
0x00007fff2d2ce000 	/usr/lib/libcups.2.dylib
0x00007fff2d33e000 	/System/Library/PrivateFrameworks/NetAuth.framework/Versions/A/NetAuth
0x00007fff2d9e8000 	/System/Library/Frameworks/Kerberos.framework/Versions/A/Kerberos
0x00007fff2d9f8000 	/System/Library/Frameworks/GSS.framework/Versions/A/GSS
0x00007fff2d0a3000 	/usr/lib/libresolv.9.dylib
0x00007fff2b944000 	/System/Library/PrivateFrameworks/Heimdal.framework/Versions/A/Heimdal
0x00007fff3375f000 	/System/Library/Frameworks/Kerberos.framework/Versions/A/Libraries/libHeimdalProxy.dylib
0x00007fff26203000 	/System/Library/Frameworks/Network.framework/Versions/A/Network
0x00007fff2b35d000 	/usr/lib/libheimdal-asn1.dylib
0x00007fff2da48000 	/System/Library/PrivateFrameworks/CommonAuth.framework/Versions/A/CommonAuth
0x00007fff27542000 	/System/Library/PrivateFrameworks/login.framework/Versions/A/Frameworks/loginsupport.framework/Versions/A/loginsupport
0x00007fff2cfac000 	/System/Library/PrivateFrameworks/AudioSession.framework/Versions/A/AudioSession
0x00007fff2d014000 	/usr/lib/libAudioStatistics.dylib
0x00007fff2b3ea000 	/System/Library/PrivateFrameworks/MediaExperience.framework/Versions/A/MediaExperience
0x00007fff2ce4a000 	/System/Library/PrivateFrameworks/AudioSession.framework/libSessionUtility.dylib
0x00007fff2d9d9000 	/usr/lib/libperfcheck.dylib
0x00007fff2d35d000 	/System/Library/PrivateFrameworks/AudioResourceArbitration.framework/Versions/A/AudioResourceArbitration
0x00007fff2b367000 	/System/Library/PrivateFrameworks/IconFoundation.framework/Versions/A/IconFoundation
0x00007fff2fe6e000 	/System/Library/PrivateFrameworks/SpeechRecognitionCore.framework/Versions/A/SpeechRecognitionCore
0x000000010f800000 	/Library/Java/JavaVirtualMachines/jdk-11.0.3.jdk/Contents/Home/lib/server/libjvm.dylib
0x000000010b26d000 	/Library/Java/JavaVirtualMachines/jdk-11.0.3.jdk/Contents/Home/lib/libverify.dylib
0x000000010b2e7000 	/Library/Java/JavaVirtualMachines/jdk-11.0.3.jdk/Contents/Home/lib/libjava.dylib
0x000000010b396000 	/Library/Java/JavaVirtualMachines/jdk-11.0.3.jdk/Contents/Home/lib/libzip.dylib
0x000000010b3ac000 	/Library/Java/JavaVirtualMachines/jdk-11.0.3.jdk/Contents/Home/lib/libjimage.dylib
0x000000010b712000 	/Library/Java/JavaVirtualMachines/jdk-11.0.3.jdk/Contents/Home/lib/libnio.dylib
0x000000010b739000 	/Library/Java/JavaVirtualMachines/jdk-11.0.3.jdk/Contents/Home/lib/libnet.dylib
0x0000000132144000 	/Users/g.gunn/.openjfx/cache/11/libprism_es2.dylib
0x00007fff229ec000 	/System/Library/PrivateFrameworks/CoreServicesInternal.framework/Versions/A/CoreServicesInternal
0x00007fff6b8ec000 	/System/Library/Frameworks/OpenGL.framework/Versions/A/Resources/GLEngine.bundle/GLEngine
0x00007fff6b74c000 	/System/Library/Frameworks/OpenGL.framework/Versions/A/Libraries/libGLProgrammability.dylib
0x00000001321e4000 	/System/Library/Extensions/AppleMetalGLRenderer.bundle/Contents/MacOS/AppleMetalGLRenderer
0x00007fff6ba68000 	/System/Library/Frameworks/OpenGL.framework/Versions/A/Resources/GLRendererFloat.bundle/GLRendererFloat
0x000000013233a000 	/System/Library/Extensions/AGXMetal13_3.bundle/Contents/MacOS/AGXMetal13_3
0x00007fff38819000 	/System/Library/PrivateFrameworks/IOGPU.framework/Versions/A/IOGPU
0x00007fff69245000 	/System/Library/PrivateFrameworks/GPUCompiler.framework/Versions/31001/Libraries/libmetal_timestamp.dylib
0x0000000133714000 	/Users/g.gunn/.openjfx/cache/11/libglass.dylib
0x00007fff31374000 	/System/Library/Frameworks/FileProvider.framework/Versions/A/FileProvider
0x00007fff2601a000 	/System/Library/Frameworks/Accounts.framework/Versions/A/Accounts
0x00007fff31495000 	/System/Library/PrivateFrameworks/GenerationalStorage.framework/Versions/A/GenerationalStorage
0x00007fff31e4e000 	/System/Library/PrivateFrameworks/CoreSymbolication.framework/Versions/A/CoreSymbolication
0x00007fff30d93000 	/System/Library/PrivateFrameworks/SymptomDiagnosticReporter.framework/Versions/A/SymptomDiagnosticReporter
0x00007fff2e685000 	/System/Library/PrivateFrameworks/AppContainer.framework/Versions/A/AppContainer
0x00007fff23b30000 	/System/Library/PrivateFrameworks/DesktopServicesPriv.framework/Versions/A/DesktopServicesPriv
0x00007fff22b20000 	/usr/lib/libsandbox.1.dylib
0x00007fff2756e000 	/System/Library/PrivateFrameworks/UserManagement.framework/Versions/A/UserManagement
0x00007fff29d7e000 	/System/Library/PrivateFrameworks/MobileKeyBag.framework/Versions/A/MobileKeyBag
0x00007fff347ca000 	/System/Library/PrivateFrameworks/ChunkingLibrary.framework/Versions/A/ChunkingLibrary
0x00007fff31e11000 	/System/Library/PrivateFrameworks/DebugSymbols.framework/Versions/A/DebugSymbols
0x00007fff2e69a000 	/System/Library/PrivateFrameworks/SecCodeWrapper.framework/Versions/A/SecCodeWrapper
0x00007fff2b141000 	/System/Library/PrivateFrameworks/CrashReporterSupport.framework/Versions/A/CrashReporterSupport
0x00007fff47a65000 	/System/Library/PrivateFrameworks/OSAnalytics.framework/Versions/A/OSAnalytics
0x00007fff782d1000 	/usr/lib/libRosetta.dylib
0x00007fff331af000 	/System/Library/PrivateFrameworks/RemoteServiceDiscovery.framework/Versions/A/RemoteServiceDiscovery
0x00007fff51535000 	/System/Library/PrivateFrameworks/Symbolication.framework/Versions/A/Symbolication
0x00007fff331bf000 	/System/Library/PrivateFrameworks/RemoteXPC.framework/Versions/A/RemoteXPC
0x00007fff394b4000 	/System/Library/PrivateFrameworks/OSAServicesClient.framework/Versions/A/OSAServicesClient
0x00007fff3d5aa000 	/System/Library/PrivateFrameworks/MallocStackLogging.framework/Versions/A/MallocStackLogging
0x00007fff2e41d000 	/System/Library/PrivateFrameworks/Sharing.framework/Versions/A/Sharing
0x00007fff32d8c000 	/System/Library/PrivateFrameworks/Apple80211.framework/Versions/A/Apple80211
0x00007fff2a403000 	/System/Library/PrivateFrameworks/AuthKit.framework/Versions/A/AuthKit
0x00007fff29b7e000 	/System/Library/PrivateFrameworks/CoreUtils.framework/Versions/A/CoreUtils
0x00007fff29aab000 	/System/Library/Frameworks/CoreWLAN.framework/Versions/A/CoreWLAN
0x00007fff2e564000 	/System/Library/Frameworks/IOBluetooth.framework/Versions/A/IOBluetooth
0x00007fff32df0000 	/System/Library/PrivateFrameworks/CoreWiFi.framework/Versions/A/CoreWiFi
0x00007fff2dace000 	/System/Library/PrivateFrameworks/CorePhoneNumbers.framework/Versions/A/CorePhoneNumbers
0x00007fff30e9b000 	/System/Library/PrivateFrameworks/DiskManagement.framework/Versions/A/DiskManagement
0x00007fff30db1000 	/System/Library/PrivateFrameworks/AppleIDAuthSupport.framework/Versions/A/AppleIDAuthSupport
0x00007fff2daab000 	/System/Library/PrivateFrameworks/KeychainCircle.framework/Versions/A/KeychainCircle
0x00007fff30e67000 	/System/Library/PrivateFrameworks/MediaKit.framework/Versions/A/MediaKit
0x00007fff30dbe000 	/System/Library/Frameworks/DiscRecording.framework/Versions/A/DiscRecording
0x00007fff2b263000 	/usr/lib/libCoreStorage.dylib
0x00007fff3322a000 	/usr/lib/libcsfde.dylib
0x00007fff2e69e000 	/System/Library/PrivateFrameworks/ProtectedCloudStorage.framework/Versions/A/ProtectedCloudStorage
0x00007fff33222000 	/System/Library/PrivateFrameworks/EFILogin.framework/Versions/A/EFILogin
0x00007fff33812000 	/System/Library/Frameworks/AudioUnit.framework/Versions/A/AudioUnit
0x00007fff30cfd000 	/System/Library/Frameworks/CoreBluetooth.framework/Versions/A/CoreBluetooth
0x00007fff2b25b000 	/usr/lib/libMatch.1.dylib
0x000000010b77c000 	/usr/lib/libobjc-trampolines.dylib
0x00007fff4117f000 	/System/Library/Frameworks/Accelerate.framework/Versions/A/Frameworks/vImage.framework/Versions/A/Libraries/libCGInterfaces.dylib
0x00007fff27270000 	/System/Library/PrivateFrameworks/ViewBridge.framework/Versions/A/ViewBridge
0x0000000136d8e000 	/Users/g.gunn/.openjfx/cache/11/libjavafx_font.dylib
0x0000000136e80000 	/Users/g.gunn/.openjfx/cache/11/libjavafx_iio.dylib
0x00007fff2ba05000 	/System/Library/PrivateFrameworks/login.framework/Versions/A/login
0x00007fff30517000 	/System/Library/PrivateFrameworks/SystemAdministration.framework/Versions/A/SystemAdministration
0x00007fff2c202000 	/System/Library/Frameworks/MediaToolbox.framework/Versions/A/MediaToolbox
0x00007fff2fe36000 	/System/Library/Frameworks/DirectoryService.framework/Versions/A/DirectoryService
0x00007fff330c8000 	/System/Library/PrivateFrameworks/DiskImages.framework/Versions/A/DiskImages
0x00007fff3329c000 	/System/Library/PrivateFrameworks/LoginUIKit.framework/Versions/A/Frameworks/LoginUICore.framework/Versions/A/LoginUICore
0x00007fff2bb9e000 	/usr/lib/libodfde.dylib
0x00007fff31346000 	/System/Library/PrivateFrameworks/CoreAVCHD.framework/Versions/A/CoreAVCHD
0x00007fff304da000 	/System/Library/Frameworks/MediaAccessibility.framework/Versions/A/MediaAccessibility
0x00007fff31342000 	/System/Library/PrivateFrameworks/Mangrove.framework/Versions/A/Mangrove
0x00007fff304e6000 	/System/Library/PrivateFrameworks/AlgosScoreFramework.framework/Versions/A/AlgosScoreFramework
0x00007fff31d01000 	/System/Library/PrivateFrameworks/AppleVPA.framework/Versions/A/AppleVPA
0x00007fff30f87000 	/System/Library/PrivateFrameworks/CoreAUC.framework/Versions/A/CoreAUC
0x00007fff33236000 	/usr/lib/libcurl.4.dylib
0x00007fff32f96000 	/usr/lib/libcrypto.44.dylib
0x00007fff3309a000 	/usr/lib/libssl.46.dylib
0x00007fff32f5c000 	/System/Library/Frameworks/LDAP.framework/Versions/A/LDAP
0x00007fff32f94000 	/System/Library/PrivateFrameworks/TrustEvaluationAgent.framework/Versions/A/TrustEvaluationAgent
0x00007fff2d0bc000 	/usr/lib/libsasl2.2.dylib
0x00007fff3050b000 	/System/Library/PrivateFrameworks/CoreDaemon.framework/Versions/B/CoreDaemon
0x00007fff30506000 	/System/Library/PrivateFrameworks/AppleSRP.framework/Versions/A/AppleSRP
0x00007fff43787000 	/System/Library/CoreServices/RawCamera.bundle/Contents/MacOS/RawCamera
0x00007fff2da59000 	/System/Library/PrivateFrameworks/MobileAsset.framework/Versions/A/MobileAsset
0x00007fff33837000 	/System/Library/PrivateFrameworks/StreamingZip.framework/Versions/A/StreamingZip


VM Arguments:
jvm_args: --module-path=/Users/g.gunn/NetBeansProjects/BattleShip/target/classes:/Users/g.gunn/.m2/repository/org/openjfx/javafx-fxml/11/javafx-fxml-11.jar:/Users/g.gunn/.m2/repository/org/openjfx/javafx-fxml/11/javafx-fxml-11-mac.jar:/Users/g.gunn/.m2/repository/org/openjfx/javafx-controls/11/javafx-controls-11.jar:/Users/g.gunn/.m2/repository/org/openjfx/javafx-controls/11/javafx-controls-11-mac.jar:/Users/g.gunn/.m2/repository/org/openjfx/javafx-media/11/javafx-media-11.jar:/Users/g.gunn/.m2/repository/org/openjfx/javafx-media/11/javafx-media-11-mac.jar:/Users/g.gunn/.m2/repository/org/openjfx/javafx-graphics/11/javafx-graphics-11.jar:/Users/g.gunn/.m2/repository/org/openjfx/javafx-graphics/11/javafx-graphics-11-mac.jar:/Users/g.gunn/.m2/repository/org/openjfx/javafx-base/11/javafx-base-11.jar:/Users/g.gunn/.m2/repository/org/openjfx/javafx-base/11/javafx-base-11-mac.jar -Djdk.module.main=Gunn 
java_command: Gunn/gunn.battleship.MainApp
java_class_path (initial): <not set>
Launcher Type: SUN_STANDARD

[Global flags]
     intx CICompilerCount                          = 4                                         {product} {ergonomic}
     uint ConcGCThreads                            = 2                                         {product} {ergonomic}
     uint G1ConcRefinementThreads                  = 8                                         {product} {ergonomic}
   size_t G1HeapRegionSize                         = 1048576                                   {product} {ergonomic}
    uintx GCDrainStackTargetSize                   = 64                                        {product} {ergonomic}
   size_t InitialHeapSize                          = 134217728                                 {product} {ergonomic}
   size_t MarkStackSize                            = 4194304                                   {product} {ergonomic}
   size_t MaxHeapSize                              = 2147483648                                {product} {ergonomic}
   size_t MaxNewSize                               = 1287651328                                {product} {ergonomic}
   size_t MinHeapDeltaBytes                        = 1048576                                   {product} {ergonomic}
    uintx NonNMethodCodeHeapSize                   = 5835340                                {pd product} {ergonomic}
    uintx NonProfiledCodeHeapSize                  = 122911450                              {pd product} {ergonomic}
    uintx ProfiledCodeHeapSize                     = 122911450                              {pd product} {ergonomic}
    uintx ReservedCodeCacheSize                    = 251658240                              {pd product} {ergonomic}
     bool SegmentedCodeCache                       = true                                      {product} {ergonomic}
     bool UseCompressedClassPointers               = true                                 {lp64_product} {ergonomic}
     bool UseCompressedOops                        = true                                 {lp64_product} {ergonomic}
     bool UseG1GC                                  = true                                      {product} {ergonomic}

Logging:
Log output configuration:
 #0: stdout all=warning uptime,level,tags
 #1: stderr all=off uptime,level,tags

Environment Variables:
JAVA_HOME=/Library/Java/JavaVirtualMachines/jdk-11.0.3.jdk/Contents/Home
PATH=/usr/bin:/bin:/usr/sbin:/sbin
SHELL=/bin/zsh

Signal Handlers:
SIGSEGV: [libjvm.dylib+0x740f70], sa_mask[0]=11111111111111111111111111111111, sa_flags=SA_ONSTACK|SA_RESTART|SA_SIGINFO
SIGBUS: [libjvm.dylib+0x740f70], sa_mask[0]=11111111111111111111111111111111, sa_flags=SA_RESTART|SA_SIGINFO
SIGFPE: [libjvm.dylib+0x740f70], sa_mask[0]=11111111111111111111111111111111, sa_flags=SA_RESTART|SA_SIGINFO
SIGPIPE: [libjvm.dylib+0x5f3c5e], sa_mask[0]=11111111111111111111111111111111, sa_flags=SA_RESTART|SA_SIGINFO
SIGXFSZ: [libjvm.dylib+0x5f3c5e], sa_mask[0]=11111111111111111111111111111111, sa_flags=SA_RESTART|SA_SIGINFO
SIGILL: [libjvm.dylib+0x740f70], sa_mask[0]=11111111111111111111111111111111, sa_flags=SA_RESTART|SA_SIGINFO
SIGUSR2: [libjvm.dylib+0x5f4243], sa_mask[0]=00100000000000000000000000000000, sa_flags=SA_RESTART|SA_SIGINFO
SIGHUP: [libjvm.dylib+0x5f2c9f], sa_mask[0]=11111111111111111111111111111111, sa_flags=SA_RESTART|SA_SIGINFO
SIGINT: [libjvm.dylib+0x5f2c9f], sa_mask[0]=11111111111111111111111111111111, sa_flags=SA_RESTART|SA_SIGINFO
SIGTERM: [libjvm.dylib+0x5f2c9f], sa_mask[0]=11111111111111111111111111111111, sa_flags=SA_RESTART|SA_SIGINFO
SIGQUIT: [libjvm.dylib+0x5f2c9f], sa_mask[0]=11111111111111111111111111111111, sa_flags=SA_RESTART|SA_SIGINFO


---------------  S Y S T E M  ---------------

OS:uname:Darwin 20.1.0 Darwin Kernel Version 20.1.0: Sat Oct 31 00:07:10 PDT 2020; root:xnu-7195.50.7~2/RELEASE_ARM64_T8101 x86_64
rlimit: STACK 8176k, CORE 0k, NPROC 1333, NOFILE 10240, AS infinity, DATA infinity, FSIZE infinity
load average:1.88 2.40 2.16

CPU:total 8 (initial active 8) (1 cores per cpu, 1 threads per core) family 6 model 44 stepping 0, cmov, cx8, fxsr, mmx, sse, sse2, sse3, ssse3, sse4.1, sse4.2, popcnt, aes, clmul, tsc, tscinvbit, tscinv

Memory: 4k page, physical 8388608k(17468k free)

vm_info: Java HotSpot(TM) 64-Bit Server VM (11.0.3+12-LTS) for bsd-amd64 JRE (11.0.3+12-LTS), built on Apr  2 2019 19:33:35 by "mach5one" with gcc 4.2.1 Compatible Apple LLVM 9.1.0 (clang-902.0.39.2)

END.
