#
# A fatal error has been detected by the Java Runtime Environment:
#
#  SIGFPE (0x8) at pc=0x000000011bbd2a48, pid=9578, tid=515
#
# JRE version: Java(TM) SE Runtime Environment (11.0.3+12) (build 11.0.3+12-LTS)
# Java VM: Java HotSpot(TM) 64-Bit Server VM (11.0.3+12-LTS, mixed mode, tiered, compressed oops, g1 gc, bsd-amd64)
# Problematic frame:
# j  gunn.battleship.FXMLController.wrapUp()V+39 Gunn
#
# No core dump will be written. Core dumps have been disabled. To enable core dumping, try "ulimit -c unlimited" before starting Java again
#
# If you would like to submit a bug report, please visit:
#   http://bugreport.java.com/bugreport/crash.jsp
#

---------------  S U M M A R Y ------------

Command Line: --module-path=/Users/g.gunn/NetBeansProjects/BattleShip/target/classes:/Users/g.gunn/.m2/repository/org/openjfx/javafx-fxml/11/javafx-fxml-11.jar:/Users/g.gunn/.m2/repository/org/openjfx/javafx-fxml/11/javafx-fxml-11-mac.jar:/Users/g.gunn/.m2/repository/org/openjfx/javafx-controls/11/javafx-controls-11.jar:/Users/g.gunn/.m2/repository/org/openjfx/javafx-controls/11/javafx-controls-11-mac.jar:/Users/g.gunn/.m2/repository/org/openjfx/javafx-media/11/javafx-media-11.jar:/Users/g.gunn/.m2/repository/org/openjfx/javafx-media/11/javafx-media-11-mac.jar:/Users/g.gunn/.m2/repository/org/openjfx/javafx-graphics/11/javafx-graphics-11.jar:/Users/g.gunn/.m2/repository/org/openjfx/javafx-graphics/11/javafx-graphics-11-mac.jar:/Users/g.gunn/.m2/repository/org/openjfx/javafx-base/11/javafx-base-11.jar:/Users/g.gunn/.m2/repository/org/openjfx/javafx-base/11/javafx-base-11-mac.jar -Djdk.module.main=Gunn Gunn/gunn.battleship.MainApp

Host: MacBookAir10,1 x86_64 2400 MHz, 8 cores, 8G, Darwin 20.1.0
Time: Mon Nov 22 11:39:26 2021 EST elapsed time: 39 seconds (0d 0h 0m 39s)

---------------  T H R E A D  ---------------

Current thread (0x00007f9a245eb800):  JavaThread "JavaFX Application Thread" [_thread_in_Java, id=515, stack(0x000000030d825000,0x000000030e025000)]

Stack: [0x000000030d825000,0x000000030e025000],  sp=0x000000030e01e8e0,  free space=8166k
Native frames: (J=compiled Java code, A=aot compiled Java code, j=interpreted, Vv=VM code, C=native code)
j  gunn.battleship.FXMLController.wrapUp()V+39 Gunn
j  gunn.battleship.FXMLController.imgClick(Ljavafx/scene/input/MouseEvent;)V+192 Gunn
j  jdk.internal.reflect.GeneratedMethodAccessor18.invoke(Ljava/lang/Object;[Ljava/lang/Object;)Ljava/lang/Object;+40
J 1269 c1 jdk.internal.reflect.DelegatingMethodAccessorImpl.invoke(Ljava/lang/Object;[Ljava/lang/Object;)Ljava/lang/Object; java.base@11.0.3 (10 bytes) @ 0x000000011c38416c [0x000000011c384060+0x000000000000010c]
J 1408 c1 jdk.internal.reflect.GeneratedMethodAccessor2.invoke(Ljava/lang/Object;[Ljava/lang/Object;)Ljava/lang/Object; (65 bytes) @ 0x000000011c3ddc84 [0x000000011c3dd620+0x0000000000000664]
J 1269 c1 jdk.internal.reflect.DelegatingMethodAccessorImpl.invoke(Ljava/lang/Object;[Ljava/lang/Object;)Ljava/lang/Object; java.base@11.0.3 (10 bytes) @ 0x000000011c38416c [0x000000011c384060+0x000000000000010c]
J 1601 c1 com.sun.javafx.reflect.MethodUtil.invoke(Ljava/lang/reflect/Method;Ljava/lang/Object;[Ljava/lang/Object;)Ljava/lang/Object; javafx.base (111 bytes) @ 0x000000011c472d44 [0x000000011c472500+0x0000000000000844]
J 1401 c1 com.sun.javafx.fxml.MethodHelper.invoke(Ljava/lang/reflect/Method;Ljava/lang/Object;[Ljava/lang/Object;)Ljava/lang/Object; javafx.fxml (146 bytes) @ 0x000000011c3cfac4 [0x000000011c3cf240+0x0000000000000884]
j  javafx.fxml.FXMLLoader$MethodHandler.invoke([Ljava/lang/Object;)V+19 javafx.fxml
j  javafx.fxml.FXMLLoader$ControllerMethodEventHandler.handle(Ljavafx/event/Event;)V+12 javafx.fxml
J 4113 c2 com.sun.javafx.event.EventHandlerManager.dispatchBubblingEvent(Ljavafx/event/Event;)Ljavafx/event/Event; javafx.base (23 bytes) @ 0x000000012384fdf4 [0x000000012384fa80+0x0000000000000374]
J 3361 c1 com.sun.javafx.event.CompositeEventDispatcher.dispatchBubblingEvent(Ljavafx/event/Event;)Ljavafx/event/Event; javafx.base (35 bytes) @ 0x000000011c827e4c [0x000000011c827c80+0x00000000000001cc]
J 4127 c2 com.sun.javafx.event.BasicEventDispatcher.dispatchEvent(Ljavafx/event/Event;Ljavafx/event/EventDispatchChain;)Ljavafx/event/Event; javafx.base (44 bytes) @ 0x00000001238543f8 [0x00000001238542c0+0x0000000000000138]
J 4127 c2 com.sun.javafx.event.BasicEventDispatcher.dispatchEvent(Ljavafx/event/Event;Ljavafx/event/EventDispatchChain;)Ljavafx/event/Event; javafx.base (44 bytes) @ 0x00000001238543b4 [0x00000001238542c0+0x00000000000000f4]
J 4127 c2 com.sun.javafx.event.BasicEventDispatcher.dispatchEvent(Ljavafx/event/Event;Ljavafx/event/EventDispatchChain;)Ljavafx/event/Event; javafx.base (44 bytes) @ 0x00000001238543b4 [0x00000001238542c0+0x00000000000000f4]
J 3929 c2 com.sun.javafx.event.EventDispatchChainImpl.dispatchEvent(Ljavafx/event/Event;)Ljavafx/event/Event; javafx.base (101 bytes) @ 0x0000000123699cd8 [0x0000000123699c20+0x00000000000000b8]
J 3419 c1 com.sun.javafx.event.EventUtil.fireEvent(Ljavafx/event/EventTarget;Ljavafx/event/Event;)Ljavafx/event/Event; javafx.base (81 bytes) @ 0x000000011c84e68c [0x000000011c84dea0+0x00000000000007ec]
J 3586 c1 javafx.scene.Scene$ClickGenerator.postProcess(Ljavafx/scene/input/MouseEvent;Ljavafx/scene/Scene$TargetWrapper;Ljavafx/scene/Scene$TargetWrapper;)V javafx.graphics (258 bytes) @ 0x000000011c8d4e0c [0x000000011c8d3cc0+0x000000000000114c]
J 3476 c1 javafx.scene.Scene$MouseHandler.process(Ljavafx/scene/input/MouseEvent;Z)V javafx.graphics (735 bytes) @ 0x000000011c885154 [0x000000011c8830a0+0x00000000000020b4]
J 3483 c1 javafx.scene.Scene$ScenePeerListener.mouseEvent(Ljavafx/event/EventType;DDDDLjavafx/scene/input/MouseButton;ZZZZZZZZZ)V javafx.graphics (50 bytes) @ 0x000000011c88bfd4 [0x000000011c88bd00+0x00000000000002d4]
J 3647 c1 com.sun.javafx.tk.quantum.GlassViewEventHandler$MouseEventNotification.run()Ljava/lang/Void; javafx.graphics (635 bytes) @ 0x000000011c8f9d34 [0x000000011c8f8d20+0x0000000000001014]
J 3646 c1 com.sun.javafx.tk.quantum.GlassViewEventHandler$MouseEventNotification.run()Ljava/lang/Object; javafx.graphics (5 bytes) @ 0x000000011c8f8844 [0x000000011c8f87c0+0x0000000000000084]
v  ~StubRoutines::call_stub
V  [libjvm.dylib+0x39d15a]  JavaCalls::call_helper(JavaValue*, methodHandle const&, JavaCallArguments*, Thread*)+0x21a
V  [libjvm.dylib+0x417847]  JVM_DoPrivileged+0x6d2
J 2673  java.security.AccessController.doPrivileged(Ljava/security/PrivilegedAction;Ljava/security/AccessControlContext;)Ljava/lang/Object; java.base@11.0.3 (0 bytes) @ 0x000000012379dfa5 [0x000000012379dec0+0x00000000000000e5]
J 3592 c1 com.sun.javafx.tk.quantum.GlassViewEventHandler$$Lambda$436.get()Ljava/lang/Object; javafx.graphics (8 bytes) @ 0x000000011c8d8644 [0x000000011c8d8500+0x0000000000000144]
J 3764 c2 com.sun.javafx.tk.quantum.QuantumToolkit.runWithoutRenderLock(Ljava/util/function/Supplier;)Ljava/lang/Object; javafx.graphics (49 bytes) @ 0x00000001238072e4 [0x00000001238072a0+0x0000000000000044]
J 3589 c1 com.sun.javafx.tk.quantum.GlassViewEventHandler.handleMouseEvent(Lcom/sun/glass/ui/View;JIIIIIIIZZ)V javafx.graphics (108 bytes) @ 0x000000011c8d7434 [0x000000011c8d7020+0x0000000000000414]
J 3482 c1 com.sun.glass.ui.View.notifyMouse(IIIIIIIZZ)V javafx.graphics (221 bytes) @ 0x000000011c88aebc [0x000000011c889e40+0x000000000000107c]
J 3481 c1 com.sun.glass.ui.mac.MacView.notifyMouse(IIIIIIIZZ)V javafx.graphics (100 bytes) @ 0x000000011c889674 [0x000000011c8892e0+0x0000000000000394]
v  ~StubRoutines::call_stub
V  [libjvm.dylib+0x39d15a]  JavaCalls::call_helper(JavaValue*, methodHandle const&, JavaCallArguments*, Thread*)+0x21a
V  [libjvm.dylib+0x3d81ae]  jni_invoke_nonstatic(JNIEnv_*, JavaValue*, _jobject*, JNICallType, _jmethodID*, JNI_ArgumentPusher*, Thread*)+0x274
V  [libjvm.dylib+0x3dc7d9]  jni_CallVoidMethod+0x1d5
C  [libglass.dylib+0xe062]  -[GlassViewDelegate sendJavaMouseEvent:]+0x932
C  [AppKit+0x1c9801]  -[NSWindow(NSEventRouting) _reallySendEvent:isDelayedEvent:]+0xa9f
C  [AppKit+0x1c8b46]  -[NSWindow(NSEventRouting) sendEvent:]+0x15b
C  [libglass.dylib+0x1b383]  -[GlassWindow_Normal sendEvent:]+0x73
C  [AppKit+0x1c6f2c]  -[NSApplication(NSEvent) sendEvent:]+0x160
C  [AppKit+0x49e02e]  -[NSApplication _handleEvent:]+0x41
C  [AppKit+0x2fbff]  -[NSApplication run]+0x26f
C  [libglass.dylib+0xa82c]  -[GlassApplication runLoop:]+0x78c
C  [Foundation+0x804d9]  __NSThreadPerformPerform+0xcc
C  [CoreFoundation+0x8130d]  __CFRUNLOOP_IS_CALLING_OUT_TO_A_SOURCE0_PERFORM_FUNCTION__+0x11
C  [CoreFoundation+0x81275]  __CFRunLoopDoSource0+0xb4
C  [CoreFoundation+0x80ff5]  __CFRunLoopDoSources0+0xf8
C  [CoreFoundation+0x7fa3d]  __CFRunLoopRun+0x37e
C  [CoreFoundation+0x7efd2]  CFRunLoopRunSpecific+0x237
C  [java+0x63a5]  CreateExecutionEnvironment+0x190
C  [java+0x2523]  JLI_Launch+0x51f
C  [java+0x14cd]  main+0x16d
C  [libdyld.dylib+0x15631]  start+0x1


siginfo: si_signo: 8 (SIGFPE), si_code: 5 (FPE_FLTINV), si_addr: 0x000000011bbd2a48

Register to memory mapping:

RAX=0x0000000000000007 is an unknown value
RBX=0x000000000000006c is an unknown value
RCX=0x0 is NULL
RDX=0x0 is NULL
RSP=0x000000030e01e8e0 is pointing into the stack for thread: 0x00007f9a245eb800
RBP=0x000000030e01e930 is pointing into the stack for thread: 0x00007f9a245eb800
RSI=0x000000030e01e880 is pointing into the stack for thread: 0x00007f9a245eb800
RDI=0x00000001382ca408 is pointing into metadata
R8 =0x0010000000000000 is an unknown value
R9 =0x000fffffffffffff is an unknown value
R10=0x0000000112163260: _ZN19TemplateInterpreter13_active_tableE+0x2000 in /Library/Java/JavaVirtualMachines/jdk-11.0.3.jdk/Contents/Home/lib/server/libjvm.dylib at 0x0000000111800000
R11=0x000000011c493ae0 is at entry_point+32 in (nmethod*)0x000000011c493810
R12=0x0 is NULL
R13=0x0000000137a2482b is pointing into metadata
R14=0x000000030e01e960 is pointing into the stack for thread: 0x00007f9a245eb800
R15=0x00007f9a245eb800 is a thread


Registers:
RAX=0x0000000000000007, RBX=0x000000000000006c, RCX=0x0000000000000000, RDX=0x0000000000000000
RSP=0x000000030e01e8e0, RBP=0x000000030e01e930, RSI=0x000000030e01e880, RDI=0x00000001382ca408
R8 =0x0010000000000000, R9 =0x000fffffffffffff, R10=0x0000000112163260, R11=0x000000011c493ae0
R12=0x0000000000000000, R13=0x0000000137a2482b, R14=0x000000030e01e960, R15=0x00007f9a245eb800
RIP=0x000000011bbd2a48, EFLAGS=0x0000000000000a83, ERR=0x0000000000000000
  TRAPNO=0x0000000000000000

Top of Stack: (sp=0x000000030e01e8e0)
0x000000030e01e8e0:   00000007803a4418 000000030e01e8e8
0x000000030e01e8f0:   0000000137a24817 000000030e01e960
0x000000030e01e900:   0000000137a26498 0000000000000000
0x000000030e01e910:   00000007803a7c00 0000000137a24a50
0x000000030e01e920:   0000000000000000 000000030e01e960
0x000000030e01e930:   000000030e01e9b0 000000011bbc7ca7
0x000000030e01e940:   000000078041eaa0 0000000000000019
0x000000030e01e950:   0000000000000019 0000000780a0e2a8
0x000000030e01e960:   00000007803a4418 000000030e01e968
0x000000030e01e970:   0000000137a24bc0 000000030e01e9e8
0x000000030e01e980:   0000000137a26498 0000000000000000
0x000000030e01e990:   00000007803a7c00 0000000137a24c48
0x000000030e01e9a0:   000000030e01e960 000000030e01e9e0
0x000000030e01e9b0:   000000030e01ea38 000000011bbc7ca7
0x000000030e01e9c0:   00000007870ab308 0000000787080b08
0x000000030e01e9d0:   000000078707b578 00000007807713a0
0x000000030e01e9e0:   000000078707b480 00000007803a4418
0x000000030e01e9f0:   000000030e01e9f0 000000013e9585f0
0x000000030e01ea00:   000000030e01ea58 000000013e958680
0x000000030e01ea10:   0000000000000000 00000007877f7608
0x000000030e01ea20:   000000013e958628 000000030e01e9e0
0x000000030e01ea30:   000000030e01ea60 000000030e01ede8
0x000000030e01ea40:   000000011c38416c 000000078707b540
0x000000030e01ea50:   00000007803a4418 00000007877f78a0
0x000000030e01ea60:   000000030e01ea80 0000000111f09a71
0x000000030e01ea70:   000000030e01ed90 000000011c7f3674
0x000000030e01ea80:   000000030e01eaa0 0000000111f09a57
0x000000030e01ea90:   000000030e01ede8 000000011c3ddc84
0x000000030e01eaa0:   000000030e01ead0 0000000111f09a30
0x000000030e01eab0:   0000000780235bc8 00000001236d9040
0x000000030e01eac0:   000000030e01ede8 000000011c1ccd34
0x000000030e01ead0:   00000007802cb770 0000000111f099e1 

Instructions: (pc=0x000000011bbd2a48)
0x000000011bbd2a28:   c8 8b 04 24 48 83 c4 08 81 f8 00 00 00 80 0f 85
0x000000011bbd2a38:   0b 00 00 00 33 d2 83 f9 ff 0f 84 03 00 00 00 99
0x000000011bbd2a48:   f7 f9 41 0f b6 5d 01 49 ff c5 49 ba 60 32 16 12
0x000000011bbd2a58:   01 00 00 00 41 ff 24 da 80 00 00 00 00 00 00 00 

Stack slot to memory mapping:
stack at sp + 0 slots: 0x00000007803a4418 is an oop: gunn.battleship.FXMLController 
{0x00000007803a4418} - klass: 'gunn/battleship/FXMLController'
stack at sp + 1 slots: 0x000000030e01e8e8 is pointing into the stack for thread: 0x00007f9a245eb800
stack at sp + 2 slots: 0x0000000137a24817 is pointing into metadata
stack at sp + 3 slots: 0x000000030e01e960 is pointing into the stack for thread: 0x00007f9a245eb800
stack at sp + 4 slots: 0x0000000137a26498 is pointing into metadata
stack at sp + 5 slots: 0x0 is NULL
stack at sp + 6 slots: 0x00000007803a7c00 is an oop: java.lang.Class 
{0x00000007803a7c00} - klass: 'java/lang/Class'
stack at sp + 7 slots: {method} {0x0000000137a24a50} 'wrapUp' '()V' in 'gunn/battleship/FXMLController'

idiv  108 idiv  [0x000000011bbd2a20, 0x000000011bbd2a60]  64 bytes

---------------  P R O C E S S  ---------------

Threads class SMR info:
_java_thread_list=0x00007f9a23ee2590, length=16, elements={
0x00007f9a24014000, 0x00007f9a2409e800, 0x00007f9a240a1800, 0x00007f9a2486c800,
0x00007f9a2486d800, 0x00007f9a24871800, 0x00007f9a24872000, 0x00007f9a248c5000,
0x00007f9a241a4800, 0x00007f9a250dc800, 0x00007f9a25301800, 0x00007f9a245eb800,
0x00007f9a24a1c800, 0x00007f99f6808800, 0x00007f9a24b9d000, 0x00007f9a24edf000
}

Java Threads: ( => current thread )
  0x00007f9a24014000 JavaThread "main" [_thread_blocked, id=8963, stack(0x000000030e0a8000,0x000000030e1a8000)]
  0x00007f9a2409e800 JavaThread "Reference Handler" daemon [_thread_blocked, id=13571, stack(0x000000030e7bd000,0x000000030e8bd000)]
  0x00007f9a240a1800 JavaThread "Finalizer" daemon [_thread_blocked, id=16131, stack(0x000000030e8c0000,0x000000030e9c0000)]
  0x00007f9a2486c800 JavaThread "Signal Dispatcher" daemon [_thread_blocked, id=23043, stack(0x000000030ead3000,0x000000030ebd3000)]
  0x00007f9a2486d800 JavaThread "C2 CompilerThread0" daemon [_thread_blocked, id=41219, stack(0x000000030ebd6000,0x000000030ecd6000)]
  0x00007f9a24871800 JavaThread "C1 CompilerThread0" daemon [_thread_blocked, id=40707, stack(0x000000030ecd9000,0x000000030edd9000)]
  0x00007f9a24872000 JavaThread "Sweeper thread" daemon [_thread_blocked, id=24579, stack(0x000000030eddc000,0x000000030eedc000)]
  0x00007f9a248c5000 JavaThread "Common-Cleaner" daemon [_thread_blocked, id=39683, stack(0x000000030eedf000,0x000000030efdf000)]
  0x00007f9a241a4800 JavaThread "Service Thread" daemon [_thread_blocked, id=39171, stack(0x000000030efe2000,0x000000030f0e2000)]
  0x00007f9a250dc800 JavaThread "QuantumRenderer-0" daemon [_thread_blocked, id=38147, stack(0x000000030f1e8000,0x000000030f2e8000)]
  0x00007f9a25301800 JavaThread "InvokeLaterDispatcher" daemon [_thread_blocked, id=33027, stack(0x000000030f50b000,0x000000030f60b000)]
=>0x00007f9a245eb800 JavaThread "JavaFX Application Thread" [_thread_in_Java, id=515, stack(0x000000030d825000,0x000000030e025000)]
  0x00007f9a24a1c800 JavaThread "Thread-2" daemon [_thread_in_native, id=80643, stack(0x000000030f60e000,0x000000030f68e000)]
  0x00007f99f6808800 JavaThread "JavaFX-Launcher" [_thread_blocked, id=75527, stack(0x000000030f714000,0x000000030f814000)]
  0x00007f9a24b9d000 JavaThread "Prism Font Disposer" daemon [_thread_blocked, id=69891, stack(0x000000031002f000,0x000000031012f000)]
  0x00007f9a24edf000 JavaThread "Cleaner-0" daemon [_thread_blocked, id=88071, stack(0x0000000310132000,0x0000000310232000)]

Other Threads:
  0x00007f9a24097000 VMThread "VM Thread" [stack: 0x000000030e6ba000,0x000000030e7ba000] [id=13059]
  0x00007f9a241fc000 WatcherThread [stack: 0x000000030f0e5000,0x000000030f1e5000] [id=26947]
  0x00007f9a24017800 GCTaskThread "GC Thread#0" [stack: 0x000000030e1ab000,0x000000030e2ab000] [id=19459]
  0x00007f9a24684800 GCTaskThread "GC Thread#1" [stack: 0x000000030f817000,0x000000030f917000] [id=60175]
  0x00007f9a25310800 GCTaskThread "GC Thread#2" [stack: 0x000000030f91a000,0x000000030fa1a000] [id=74243]
  0x00007f9a040a5000 GCTaskThread "GC Thread#3" [stack: 0x000000030fa1d000,0x000000030fb1d000] [id=60931]
  0x00007f9a246a8000 GCTaskThread "GC Thread#4" [stack: 0x000000030fb20000,0x000000030fc20000] [id=73731]
  0x00007f9a25311000 GCTaskThread "GC Thread#5" [stack: 0x000000030fc23000,0x000000030fd23000] [id=61187]
  0x00007f9a24040000 ConcurrentGCThread "G1 Main Marker" [stack: 0x000000030e2ae000,0x000000030e3ae000] [id=18947]
  0x00007f9a2480a800 ConcurrentGCThread "G1 Conc#0" [stack: 0x000000030e3b1000,0x000000030e4b1000] [id=12547]
  0x00007f99f78f7000 ConcurrentGCThread "G1 Conc#1" [stack: 0x000000030fd26000,0x000000030fe26000] [id=71483]
  0x00007f9a2486b000 ConcurrentGCThread "G1 Refine#0" [stack: 0x000000030e4b4000,0x000000030e5b4000] [id=12803]
  0x00007f99f6813800 ConcurrentGCThread "G1 Refine#1" [stack: 0x000000030fe29000,0x000000030ff29000] [id=64259]
  0x00007f9a24b9b800 ConcurrentGCThread "G1 Refine#2" [stack: 0x000000030ff2c000,0x000000031002c000] [id=70915]
  0x00007f9a2486c000 ConcurrentGCThread "G1 Young RemSet Sampling" [stack: 0x000000030e5b7000,0x000000030e6b7000] [id=17667]

Threads with active compile tasks:

VM state:not at safepoint (normal execution)

VM Mutex/Monitor currently owned by a thread: None

Heap address: 0x0000000780000000, size: 2048 MB, Compressed Oops mode: Zero based, Oop shift amount: 3
Narrow klass base: 0x0000000800000000, Narrow klass shift: 0
Compressed class space size: 1073741824 Address: 0x0000000800000000

Heap:
 garbage-first heap   total 131072K, used 49974K [0x0000000780000000, 0x0000000800000000)
  region size 1024K, 22 young (22528K), 5 survivors (5120K)
 Metaspace       used 26266K, capacity 27315K, committed 27520K, reserved 1073152K
  class space    used 3229K, capacity 3669K, committed 3712K, reserved 1048576K
Heap Regions: E=young(eden), S=young(survivor), O=old, HS=humongous(starts), HC=humongous(continues), CS=collection set, F=free, A=archive, TAMS=top-at-mark-start (previous, next)
|   0|0x0000000780000000, 0x0000000780100000, 0x0000000780100000|100%| O|  |TAMS 0x0000000780100000, 0x0000000780000000| Untracked 
|   1|0x0000000780100000, 0x0000000780200000, 0x0000000780200000|100%| O|  |TAMS 0x0000000780200000, 0x0000000780100000| Untracked 
|   2|0x0000000780200000, 0x0000000780300000, 0x0000000780300000|100%| O|  |TAMS 0x000000078024a200, 0x0000000780200000| Untracked 
|   3|0x0000000780300000, 0x0000000780400000, 0x0000000780400000|100%| O|  |TAMS 0x0000000780300000, 0x0000000780300000| Untracked 
|   4|0x0000000780400000, 0x0000000780500000, 0x0000000780500000|100%| O|  |TAMS 0x0000000780400000, 0x0000000780400000| Untracked 
|   5|0x0000000780500000, 0x0000000780600000, 0x0000000780600000|100%| O|  |TAMS 0x0000000780500000, 0x0000000780500000| Untracked 
|   6|0x0000000780600000, 0x0000000780700000, 0x0000000780700000|100%| O|  |TAMS 0x0000000780600000, 0x0000000780600000| Untracked 
|   7|0x0000000780700000, 0x0000000780800000, 0x0000000780800000|100%| O|  |TAMS 0x0000000780700000, 0x0000000780700000| Untracked 
|   8|0x0000000780800000, 0x0000000780900000, 0x0000000780900000|100%| O|  |TAMS 0x0000000780800000, 0x0000000780800000| Untracked 
|   9|0x0000000780900000, 0x0000000780a00000, 0x0000000780a00000|100%| O|  |TAMS 0x0000000780900000, 0x0000000780900000| Untracked 
|  10|0x0000000780a00000, 0x0000000780b00000, 0x0000000780b00000|100%| O|  |TAMS 0x0000000780a00000, 0x0000000780a00000| Untracked 
|  11|0x0000000780b00000, 0x0000000780c00000, 0x0000000780c00000|100%| O|  |TAMS 0x0000000780b00000, 0x0000000780b00000| Untracked 
|  12|0x0000000780c00000, 0x0000000780d00000, 0x0000000780d00000|100%|HS|  |TAMS 0x0000000780c00000, 0x0000000780c00000| Complete 
|  13|0x0000000780d00000, 0x0000000780e00000, 0x0000000780e00000|100%|HC|  |TAMS 0x0000000780d00000, 0x0000000780d00000| Complete 
|  14|0x0000000780e00000, 0x0000000780f00000, 0x0000000780f00000|100%| O|  |TAMS 0x0000000780e00000, 0x0000000780e00000| Untracked 
|  15|0x0000000780f00000, 0x0000000781000000, 0x0000000781000000|100%| O|  |TAMS 0x0000000780f00000, 0x0000000780f00000| Untracked 
|  16|0x0000000781000000, 0x0000000781100000, 0x0000000781100000|100%| O|  |TAMS 0x0000000781000000, 0x0000000781000000| Untracked 
|  17|0x0000000781100000, 0x0000000781200000, 0x0000000781200000|100%| O|  |TAMS 0x0000000781100000, 0x0000000781100000| Untracked 
|  18|0x0000000781200000, 0x0000000781300000, 0x0000000781300000|100%| O|  |TAMS 0x0000000781200000, 0x0000000781200000| Untracked 
|  19|0x0000000781300000, 0x0000000781400000, 0x0000000781400000|100%| O|  |TAMS 0x0000000781300000, 0x0000000781300000| Untracked 
|  20|0x0000000781400000, 0x0000000781500000, 0x0000000781500000|100%| O|  |TAMS 0x0000000781400000, 0x0000000781400000| Untracked 
|  21|0x0000000781500000, 0x0000000781600000, 0x0000000781600000|100%| O|  |TAMS 0x0000000781500000, 0x0000000781500000| Untracked 
|  22|0x0000000781600000, 0x0000000781700000, 0x0000000781700000|100%| O|  |TAMS 0x0000000781600000, 0x0000000781600000| Untracked 
|  23|0x0000000781700000, 0x0000000781800000, 0x0000000781800000|100%| O|  |TAMS 0x0000000781700000, 0x0000000781700000| Untracked 
|  24|0x0000000781800000, 0x0000000781900000, 0x0000000781900000|100%| O|  |TAMS 0x0000000781800000, 0x0000000781800000| Untracked 
|  25|0x0000000781900000, 0x0000000781a00000, 0x0000000781a00000|100%| O|  |TAMS 0x0000000781900000, 0x0000000781900000| Untracked 
|  26|0x0000000781a00000, 0x0000000781b00000, 0x0000000781b00000|100%| O|  |TAMS 0x0000000781a00000, 0x0000000781a00000| Untracked 
|  27|0x0000000781b00000, 0x0000000781c00000, 0x0000000781c00000|100%| O|  |TAMS 0x0000000781b00000, 0x0000000781b00000| Untracked 
|  28|0x0000000781c00000, 0x0000000781ccd800, 0x0000000781d00000| 80%| O|  |TAMS 0x0000000781c00000, 0x0000000781c00000| Untracked 
|  29|0x0000000781d00000, 0x0000000781d00000, 0x0000000781e00000|  0%| F|  |TAMS 0x0000000781d00000, 0x0000000781d00000| Untracked 
|  30|0x0000000781e00000, 0x0000000781e00000, 0x0000000781f00000|  0%| F|  |TAMS 0x0000000781e00000, 0x0000000781e00000| Untracked 
|  31|0x0000000781f00000, 0x0000000781f00000, 0x0000000782000000|  0%| F|  |TAMS 0x0000000781f00000, 0x0000000781f00000| Untracked 
|  32|0x0000000782000000, 0x0000000782000000, 0x0000000782100000|  0%| F|  |TAMS 0x0000000782000000, 0x0000000782000000| Untracked 
|  33|0x0000000782100000, 0x0000000782100000, 0x0000000782200000|  0%| F|  |TAMS 0x0000000782100000, 0x0000000782100000| Untracked 
|  34|0x0000000782200000, 0x0000000782200000, 0x0000000782300000|  0%| F|  |TAMS 0x0000000782200000, 0x0000000782200000| Untracked 
|  35|0x0000000782300000, 0x0000000782300000, 0x0000000782400000|  0%| F|  |TAMS 0x0000000782300000, 0x0000000782300000| Untracked 
|  36|0x0000000782400000, 0x0000000782400000, 0x0000000782500000|  0%| F|  |TAMS 0x0000000782400000, 0x0000000782400000| Untracked 
|  37|0x0000000782500000, 0x0000000782500000, 0x0000000782600000|  0%| F|  |TAMS 0x0000000782500000, 0x0000000782500000| Untracked 
|  38|0x0000000782600000, 0x0000000782600000, 0x0000000782700000|  0%| F|  |TAMS 0x0000000782600000, 0x0000000782600000| Untracked 
|  39|0x0000000782700000, 0x0000000782700000, 0x0000000782800000|  0%| F|  |TAMS 0x0000000782700000, 0x0000000782700000| Untracked 
|  40|0x0000000782800000, 0x0000000782800000, 0x0000000782900000|  0%| F|  |TAMS 0x0000000782800000, 0x0000000782800000| Untracked 
|  41|0x0000000782900000, 0x0000000782900000, 0x0000000782a00000|  0%| F|  |TAMS 0x0000000782900000, 0x0000000782900000| Untracked 
|  42|0x0000000782a00000, 0x0000000782a00000, 0x0000000782b00000|  0%| F|  |TAMS 0x0000000782a00000, 0x0000000782a00000| Untracked 
|  43|0x0000000782b00000, 0x0000000782b00000, 0x0000000782c00000|  0%| F|  |TAMS 0x0000000782b00000, 0x0000000782b00000| Untracked 
|  44|0x0000000782c00000, 0x0000000782c00000, 0x0000000782d00000|  0%| F|  |TAMS 0x0000000782c00000, 0x0000000782c00000| Untracked 
|  45|0x0000000782d00000, 0x0000000782d00000, 0x0000000782e00000|  0%| F|  |TAMS 0x0000000782d00000, 0x0000000782d00000| Untracked 
|  46|0x0000000782e00000, 0x0000000782e00000, 0x0000000782f00000|  0%| F|  |TAMS 0x0000000782e00000, 0x0000000782e00000| Untracked 
|  47|0x0000000782f00000, 0x0000000782f00000, 0x0000000783000000|  0%| F|  |TAMS 0x0000000782f00000, 0x0000000782f00000| Untracked 
|  48|0x0000000783000000, 0x0000000783000000, 0x0000000783100000|  0%| F|  |TAMS 0x0000000783000000, 0x0000000783000000| Untracked 
|  49|0x0000000783100000, 0x0000000783100000, 0x0000000783200000|  0%| F|  |TAMS 0x0000000783100000, 0x0000000783100000| Untracked 
|  50|0x0000000783200000, 0x0000000783200000, 0x0000000783300000|  0%| F|  |TAMS 0x0000000783200000, 0x0000000783200000| Untracked 
|  51|0x0000000783300000, 0x0000000783300000, 0x0000000783400000|  0%| F|  |TAMS 0x0000000783300000, 0x0000000783300000| Untracked 
|  52|0x0000000783400000, 0x0000000783400000, 0x0000000783500000|  0%| F|  |TAMS 0x0000000783400000, 0x0000000783400000| Untracked 
|  53|0x0000000783500000, 0x0000000783500000, 0x0000000783600000|  0%| F|  |TAMS 0x0000000783500000, 0x0000000783500000| Untracked 
|  54|0x0000000783600000, 0x0000000783600000, 0x0000000783700000|  0%| F|  |TAMS 0x0000000783600000, 0x0000000783600000| Untracked 
|  55|0x0000000783700000, 0x0000000783700000, 0x0000000783800000|  0%| F|  |TAMS 0x0000000783700000, 0x0000000783700000| Untracked 
|  56|0x0000000783800000, 0x0000000783800000, 0x0000000783900000|  0%| F|  |TAMS 0x0000000783800000, 0x0000000783800000| Untracked 
|  57|0x0000000783900000, 0x0000000783900000, 0x0000000783a00000|  0%| F|  |TAMS 0x0000000783900000, 0x0000000783900000| Untracked 
|  58|0x0000000783a00000, 0x0000000783a00000, 0x0000000783b00000|  0%| F|  |TAMS 0x0000000783a00000, 0x0000000783a00000| Untracked 
|  59|0x0000000783b00000, 0x0000000783b00000, 0x0000000783c00000|  0%| F|  |TAMS 0x0000000783b00000, 0x0000000783b00000| Untracked 
|  60|0x0000000783c00000, 0x0000000783c00000, 0x0000000783d00000|  0%| F|  |TAMS 0x0000000783c00000, 0x0000000783c00000| Untracked 
|  61|0x0000000783d00000, 0x0000000783d00000, 0x0000000783e00000|  0%| F|  |TAMS 0x0000000783d00000, 0x0000000783d00000| Untracked 
|  62|0x0000000783e00000, 0x0000000783e00000, 0x0000000783f00000|  0%| F|  |TAMS 0x0000000783e00000, 0x0000000783e00000| Untracked 
|  63|0x0000000783f00000, 0x0000000783f00000, 0x0000000784000000|  0%| F|  |TAMS 0x0000000783f00000, 0x0000000783f00000| Untracked 
|  64|0x0000000784000000, 0x0000000784000000, 0x0000000784100000|  0%| F|  |TAMS 0x0000000784000000, 0x0000000784000000| Untracked 
|  65|0x0000000784100000, 0x0000000784100000, 0x0000000784200000|  0%| F|  |TAMS 0x0000000784100000, 0x0000000784100000| Untracked 
|  66|0x0000000784200000, 0x0000000784200000, 0x0000000784300000|  0%| F|  |TAMS 0x0000000784200000, 0x0000000784200000| Untracked 
|  67|0x0000000784300000, 0x0000000784300000, 0x0000000784400000|  0%| F|  |TAMS 0x0000000784300000, 0x0000000784300000| Untracked 
|  68|0x0000000784400000, 0x0000000784400000, 0x0000000784500000|  0%| F|  |TAMS 0x0000000784400000, 0x0000000784400000| Untracked 
|  69|0x0000000784500000, 0x0000000784500000, 0x0000000784600000|  0%| F|  |TAMS 0x0000000784500000, 0x0000000784500000| Untracked 
|  70|0x0000000784600000, 0x0000000784600000, 0x0000000784700000|  0%| F|  |TAMS 0x0000000784600000, 0x0000000784600000| Untracked 
|  71|0x0000000784700000, 0x0000000784700000, 0x0000000784800000|  0%| F|  |TAMS 0x0000000784700000, 0x0000000784700000| Untracked 
|  72|0x0000000784800000, 0x0000000784800000, 0x0000000784900000|  0%| F|  |TAMS 0x0000000784800000, 0x0000000784800000| Untracked 
|  73|0x0000000784900000, 0x0000000784900000, 0x0000000784a00000|  0%| F|  |TAMS 0x0000000784900000, 0x0000000784900000| Untracked 
|  74|0x0000000784a00000, 0x0000000784a00000, 0x0000000784b00000|  0%| F|  |TAMS 0x0000000784a00000, 0x0000000784a00000| Untracked 
|  75|0x0000000784b00000, 0x0000000784b00000, 0x0000000784c00000|  0%| F|  |TAMS 0x0000000784b00000, 0x0000000784b00000| Untracked 
|  76|0x0000000784c00000, 0x0000000784c00000, 0x0000000784d00000|  0%| F|  |TAMS 0x0000000784c00000, 0x0000000784c00000| Untracked 
|  77|0x0000000784d00000, 0x0000000784d00000, 0x0000000784e00000|  0%| F|  |TAMS 0x0000000784d00000, 0x0000000784d00000| Untracked 
|  78|0x0000000784e00000, 0x0000000784e00000, 0x0000000784f00000|  0%| F|  |TAMS 0x0000000784e00000, 0x0000000784e00000| Untracked 
|  79|0x0000000784f00000, 0x0000000784f00000, 0x0000000785000000|  0%| F|  |TAMS 0x0000000784f00000, 0x0000000784f00000| Untracked 
|  80|0x0000000785000000, 0x0000000785000000, 0x0000000785100000|  0%| F|  |TAMS 0x0000000785000000, 0x0000000785000000| Untracked 
|  81|0x0000000785100000, 0x0000000785100000, 0x0000000785200000|  0%| F|  |TAMS 0x0000000785100000, 0x0000000785100000| Untracked 
|  82|0x0000000785200000, 0x0000000785200000, 0x0000000785300000|  0%| F|  |TAMS 0x0000000785200000, 0x0000000785200000| Untracked 
|  83|0x0000000785300000, 0x0000000785400000, 0x0000000785400000|100%| S|CS|TAMS 0x0000000785300000, 0x0000000785300000| Complete 
|  84|0x0000000785400000, 0x0000000785500000, 0x0000000785500000|100%| S|CS|TAMS 0x0000000785400000, 0x0000000785400000| Complete 
|  85|0x0000000785500000, 0x0000000785600000, 0x0000000785600000|100%| S|CS|TAMS 0x0000000785500000, 0x0000000785500000| Complete 
|  86|0x0000000785600000, 0x0000000785700000, 0x0000000785700000|100%| S|CS|TAMS 0x0000000785600000, 0x0000000785600000| Complete 
|  87|0x0000000785700000, 0x0000000785800000, 0x0000000785800000|100%| S|CS|TAMS 0x0000000785700000, 0x0000000785700000| Complete 
|  88|0x0000000785800000, 0x0000000785800000, 0x0000000785900000|  0%| F|  |TAMS 0x0000000785800000, 0x0000000785800000| Untracked 
|  89|0x0000000785900000, 0x0000000785900000, 0x0000000785a00000|  0%| F|  |TAMS 0x0000000785900000, 0x0000000785900000| Untracked 
|  90|0x0000000785a00000, 0x0000000785a00000, 0x0000000785b00000|  0%| F|  |TAMS 0x0000000785a00000, 0x0000000785a00000| Untracked 
|  91|0x0000000785b00000, 0x0000000785b00000, 0x0000000785c00000|  0%| F|  |TAMS 0x0000000785b00000, 0x0000000785b00000| Untracked 
|  92|0x0000000785c00000, 0x0000000785c00000, 0x0000000785d00000|  0%| F|  |TAMS 0x0000000785c00000, 0x0000000785c00000| Untracked 
|  93|0x0000000785d00000, 0x0000000785d00000, 0x0000000785e00000|  0%| F|  |TAMS 0x0000000785d00000, 0x0000000785d00000| Untracked 
|  94|0x0000000785e00000, 0x0000000785e00000, 0x0000000785f00000|  0%| F|  |TAMS 0x0000000785e00000, 0x0000000785e00000| Untracked 
|  95|0x0000000785f00000, 0x0000000785f00000, 0x0000000786000000|  0%| F|  |TAMS 0x0000000785f00000, 0x0000000785f00000| Untracked 
|  96|0x0000000786000000, 0x0000000786000000, 0x0000000786100000|  0%| F|  |TAMS 0x0000000786000000, 0x0000000786000000| Untracked 
|  97|0x0000000786100000, 0x0000000786100000, 0x0000000786200000|  0%| F|  |TAMS 0x0000000786100000, 0x0000000786100000| Untracked 
|  98|0x0000000786200000, 0x0000000786200000, 0x0000000786300000|  0%| F|  |TAMS 0x0000000786200000, 0x0000000786200000| Untracked 
|  99|0x0000000786300000, 0x0000000786300000, 0x0000000786400000|  0%| F|  |TAMS 0x0000000786300000, 0x0000000786300000| Untracked 
| 100|0x0000000786400000, 0x0000000786400000, 0x0000000786500000|  0%| F|  |TAMS 0x0000000786400000, 0x0000000786400000| Untracked 
| 101|0x0000000786500000, 0x0000000786500000, 0x0000000786600000|  0%| F|  |TAMS 0x0000000786500000, 0x0000000786500000| Untracked 
| 102|0x0000000786600000, 0x0000000786600000, 0x0000000786700000|  0%| F|  |TAMS 0x0000000786600000, 0x0000000786600000| Untracked 
| 103|0x0000000786700000, 0x0000000786700000, 0x0000000786800000|  0%| F|  |TAMS 0x0000000786700000, 0x0000000786700000| Untracked 
| 104|0x0000000786800000, 0x0000000786800000, 0x0000000786900000|  0%| F|  |TAMS 0x0000000786800000, 0x0000000786800000| Untracked 
| 105|0x0000000786900000, 0x0000000786900000, 0x0000000786a00000|  0%| F|  |TAMS 0x0000000786900000, 0x0000000786900000| Untracked 
| 106|0x0000000786a00000, 0x0000000786a00000, 0x0000000786b00000|  0%| F|  |TAMS 0x0000000786a00000, 0x0000000786a00000| Untracked 
| 107|0x0000000786b00000, 0x0000000786b00000, 0x0000000786c00000|  0%| F|  |TAMS 0x0000000786b00000, 0x0000000786b00000| Untracked 
| 108|0x0000000786c00000, 0x0000000786c00000, 0x0000000786d00000|  0%| F|  |TAMS 0x0000000786c00000, 0x0000000786c00000| Untracked 
| 109|0x0000000786d00000, 0x0000000786d00000, 0x0000000786e00000|  0%| F|  |TAMS 0x0000000786d00000, 0x0000000786d00000| Untracked 
| 110|0x0000000786e00000, 0x0000000786e00000, 0x0000000786f00000|  0%| F|  |TAMS 0x0000000786e00000, 0x0000000786e00000| Untracked 
| 111|0x0000000786f00000, 0x0000000786f31538, 0x0000000787000000| 19%| E|  |TAMS 0x0000000786f00000, 0x0000000786f00000| Complete 
| 112|0x0000000787000000, 0x0000000787100000, 0x0000000787100000|100%| E|  |TAMS 0x0000000787000000, 0x0000000787000000| Complete 
| 113|0x0000000787100000, 0x0000000787200000, 0x0000000787200000|100%| E|CS|TAMS 0x0000000787100000, 0x0000000787100000| Complete 
| 114|0x0000000787200000, 0x0000000787300000, 0x0000000787300000|100%| E|CS|TAMS 0x0000000787200000, 0x0000000787200000| Complete 
| 115|0x0000000787300000, 0x0000000787400000, 0x0000000787400000|100%| E|CS|TAMS 0x0000000787300000, 0x0000000787300000| Complete 
| 116|0x0000000787400000, 0x0000000787500000, 0x0000000787500000|100%| E|CS|TAMS 0x0000000787400000, 0x0000000787400000| Complete 
| 117|0x0000000787500000, 0x0000000787600000, 0x0000000787600000|100%| E|CS|TAMS 0x0000000787500000, 0x0000000787500000| Complete 
| 118|0x0000000787600000, 0x0000000787700000, 0x0000000787700000|100%| E|CS|TAMS 0x0000000787600000, 0x0000000787600000| Complete 
| 119|0x0000000787700000, 0x0000000787800000, 0x0000000787800000|100%| E|CS|TAMS 0x0000000787700000, 0x0000000787700000| Complete 
| 120|0x0000000787800000, 0x0000000787900000, 0x0000000787900000|100%| E|CS|TAMS 0x0000000787800000, 0x0000000787800000| Complete 
| 121|0x0000000787900000, 0x0000000787a00000, 0x0000000787a00000|100%| E|CS|TAMS 0x0000000787900000, 0x0000000787900000| Complete 
| 122|0x0000000787a00000, 0x0000000787b00000, 0x0000000787b00000|100%| E|CS|TAMS 0x0000000787a00000, 0x0000000787a00000| Complete 
| 123|0x0000000787b00000, 0x0000000787c00000, 0x0000000787c00000|100%| E|CS|TAMS 0x0000000787b00000, 0x0000000787b00000| Complete 
| 124|0x0000000787c00000, 0x0000000787d00000, 0x0000000787d00000|100%| E|CS|TAMS 0x0000000787c00000, 0x0000000787c00000| Complete 
| 125|0x0000000787d00000, 0x0000000787e00000, 0x0000000787e00000|100%| E|CS|TAMS 0x0000000787d00000, 0x0000000787d00000| Complete 
| 126|0x0000000787e00000, 0x0000000787f00000, 0x0000000787f00000|100%| E|CS|TAMS 0x0000000787e00000, 0x0000000787e00000| Complete 
| 127|0x0000000787f00000, 0x0000000788000000, 0x0000000788000000|100%| E|CS|TAMS 0x0000000787f00000, 0x0000000787f00000| Complete 

Card table byte_map: [0x000000012afbe000,0x000000012b3be000] _byte_map_base: 0x00000001273be000

Marking Bits (Prev, Next): (CMBitMap*) 0x00007f9a24037650, (CMBitMap*) 0x00007f9a24037618
 Prev Bits: [0x000000012d7be000, 0x000000012f7be000)
 Next Bits: [0x000000012b7be000, 0x000000012d7be000)

Polling page: 0x0000000104f7e000

Metaspace:

Usage:
  Non-class:     23.09 MB capacity,    22.50 MB ( 97%) used,   492.61 KB (  2%) free+waste,   117.19 KB ( <1%) overhead. 
      Class:      3.58 MB capacity,     3.15 MB ( 88%) used,   379.63 KB ( 10%) free+waste,    59.38 KB (  2%) overhead. 
       Both:     26.67 MB capacity,    25.65 MB ( 96%) used,   872.24 KB (  3%) free+waste,   176.56 KB ( <1%) overhead. 

Virtual space:
  Non-class space:       24.00 MB reserved,      23.25 MB ( 97%) committed 
      Class space:        1.00 GB reserved,       3.62 MB ( <1%) committed 
             Both:        1.02 GB reserved,      26.88 MB (  3%) committed 

Chunk freelists:
   Non-Class:  1.75 KB
       Class:  1.38 KB
        Both:  3.12 KB

CodeHeap 'non-profiled nmethods': size=120032Kb used=1851Kb max_used=1851Kb free=118180Kb
 bounds [0x0000000123686000, 0x00000001238f6000, 0x000000012abbe000]
CodeHeap 'profiled nmethods': size=120028Kb used=8721Kb max_used=8721Kb free=111306Kb
 bounds [0x000000011c14f000, 0x000000011c9df000, 0x0000000123686000]
CodeHeap 'non-nmethods': size=5700Kb used=1357Kb max_used=1396Kb free=4343Kb
 bounds [0x000000011bbbe000, 0x000000011be2e000, 0x000000011c14f000]
 total_blobs=5810 nmethods=4089 adapters=724
 compilation: enabled
              stopped_count=0, restarted_count=0
 full_count=0

Compilation events (10 events):
Event: 38.635 Thread 0x00007f9a2486d800 4127       4       com.sun.javafx.event.BasicEventDispatcher::dispatchEvent (44 bytes)
Event: 38.641 Thread 0x00007f9a2486d800 nmethod 4127 0x0000000123854110 code [0x00000001238542c0, 0x0000000123854538]
Event: 39.317 Thread 0x00007f9a24871800 4128       1       com.sun.javafx.geom.RectBounds::getHeight (10 bytes)
Event: 39.317 Thread 0x00007f9a24871800 nmethod 4128 0x0000000123854810 code [0x00000001238549c0, 0x0000000123854ad0]
Event: 39.318 Thread 0x00007f9a2486d800 4129       4       com.sun.javafx.geom.transform.AffineBase::is2D (24 bytes)
Event: 39.319 Thread 0x00007f9a2486d800 nmethod 4129 0x0000000123854b90 code [0x0000000123854d20, 0x0000000123854d98]
Event: 39.333 Thread 0x00007f9a24871800 4130       3       javafx.scene.Node::prefWidth (27 bytes)
Event: 39.334 Thread 0x00007f9a24871800 nmethod 4130 0x000000011c9d3190 code [0x000000011c9d3380, 0x000000011c9d38c8]
Event: 39.455 Thread 0x00007f9a24871800 4131       3       java.nio.CharBuffer::hasArray (20 bytes)
Event: 39.455 Thread 0x00007f9a24871800 nmethod 4131 0x000000011c9d3a90 code [0x000000011c9d3c40, 0x000000011c9d3e30]

GC Heap History (8 events):
Event: 0.959 GC heap before
{Heap before GC invocations=0 (full 0):
 garbage-first heap   total 131072K, used 23552K [0x0000000780000000, 0x0000000800000000)
  region size 1024K, 24 young (24576K), 0 survivors (0K)
 Metaspace       used 12890K, capacity 13270K, committed 13440K, reserved 1060864K
  class space    used 1413K, capacity 1563K, committed 1664K, reserved 1048576K
}
Event: 0.969 GC heap after
{Heap after GC invocations=1 (full 0):
 garbage-first heap   total 131072K, used 3408K [0x0000000780000000, 0x0000000800000000)
  region size 1024K, 3 young (3072K), 3 survivors (3072K)
 Metaspace       used 12890K, capacity 13270K, committed 13440K, reserved 1060864K
  class space    used 1413K, capacity 1563K, committed 1664K, reserved 1048576K
}
Event: 1.721 GC heap before
{Heap before GC invocations=1 (full 0):
 garbage-first heap   total 131072K, used 32080K [0x0000000780000000, 0x0000000800000000)
  region size 1024K, 33 young (33792K), 3 survivors (3072K)
 Metaspace       used 20500K, capacity 21118K, committed 21248K, reserved 1067008K
  class space    used 2466K, capacity 2745K, committed 2816K, reserved 1048576K
}
Event: 1.741 GC heap after
{Heap after GC invocations=2 (full 0):
 garbage-first heap   total 131072K, used 12584K [0x0000000780000000, 0x0000000800000000)
  region size 1024K, 10 young (10240K), 10 survivors (10240K)
 Metaspace       used 20500K, capacity 21118K, committed 21248K, reserved 1067008K
  class space    used 2466K, capacity 2745K, committed 2816K, reserved 1048576K
}
Event: 1.874 GC heap before
{Heap before GC invocations=3 (full 0):
 garbage-first heap   total 131072K, used 15656K [0x0000000780000000, 0x0000000800000000)
  region size 1024K, 13 young (13312K), 10 survivors (10240K)
 Metaspace       used 21155K, capacity 21906K, committed 22144K, reserved 1069056K
  class space    used 2598K, capacity 2903K, committed 2944K, reserved 1048576K
}
Event: 1.883 GC heap after
{Heap after GC invocations=4 (full 0):
 garbage-first heap   total 131072K, used 12433K [0x0000000780000000, 0x0000000800000000)
  region size 1024K, 1 young (1024K), 1 survivors (1024K)
 Metaspace       used 21155K, capacity 21906K, committed 22144K, reserved 1069056K
  class space    used 2598K, capacity 2903K, committed 2944K, reserved 1048576K
}
Event: 24.261 GC heap before
{Heap before GC invocations=4 (full 0):
 garbage-first heap   total 131072K, used 53393K [0x0000000780000000, 0x0000000800000000)
  region size 1024K, 40 young (40960K), 1 survivors (1024K)
 Metaspace       used 26114K, capacity 27181K, committed 27264K, reserved 1073152K
  class space    used 3229K, capacity 3668K, committed 3712K, reserved 1048576K
}
Event: 24.271 GC heap after
{Heap after GC invocations=5 (full 0):
 garbage-first heap   total 131072K, used 34614K [0x0000000780000000, 0x0000000800000000)
  region size 1024K, 5 young (5120K), 5 survivors (5120K)
 Metaspace       used 26114K, capacity 27181K, committed 27264K, reserved 1073152K
  class space    used 3229K, capacity 3668K, committed 3712K, reserved 1048576K
}

Deoptimization events (10 events):
Event: 20.425 Thread 0x00007f9a250dc800 Uncommon trap: reason=profile_predicate action=maybe_recompile pc=0x0000000123801c7c method=com.sun.prism.impl.ps.PaintHelper.setMultiGradient(Lcom/sun/prism/ps/Shader;Lcom/sun/prism/paint/Gradient;)V @ 24 c2
Event: 20.426 Thread 0x00007f9a250dc800 Uncommon trap: reason=profile_predicate action=maybe_recompile pc=0x0000000123801c7c method=com.sun.prism.impl.ps.PaintHelper.setMultiGradient(Lcom/sun/prism/ps/Shader;Lcom/sun/prism/paint/Gradient;)V @ 24 c2
Event: 20.427 Thread 0x00007f9a250dc800 Uncommon trap: reason=profile_predicate action=maybe_recompile pc=0x0000000123801c7c method=com.sun.prism.impl.ps.PaintHelper.setMultiGradient(Lcom/sun/prism/ps/Shader;Lcom/sun/prism/paint/Gradient;)V @ 24 c2
Event: 21.681 Thread 0x00007f9a245eb800 Uncommon trap: reason=null_check action=make_not_entrant pc=0x00000001237f83c4 method=javafx.scene.Node$MiscProperties.getClip()Ljavafx/scene/Node; @ 20 c2
Event: 21.681 Thread 0x00007f9a245eb800 Uncommon trap: reason=null_check action=make_not_entrant pc=0x00000001237d22e4 method=javafx.scene.Node$MiscProperties.getClip()Ljavafx/scene/Node; @ 20 c2
Event: 25.364 Thread 0x00007f9a245eb800 Uncommon trap: reason=unstable_if action=reinterpret pc=0x00000001237d8670 method=javafx.scene.Node.intersectsBounds(Lcom/sun/javafx/geom/PickRay;)D @ 902 c2
Event: 25.591 Thread 0x00007f9a250dc800 Uncommon trap: reason=profile_predicate action=maybe_recompile pc=0x0000000123810b7c method=com.sun.prism.impl.shape.DMarlinPrismUtils.feedConsumer(Lcom/sun/marlin/DRendererContext;Lcom/sun/javafx/geom/Path2D;Lcom/sun/javafx/geom/transform/BaseTransform;L
Event: 26.280 Thread 0x00007f9a250dc800 Uncommon trap: reason=profile_predicate action=maybe_recompile pc=0x0000000123810b7c method=com.sun.prism.impl.shape.DMarlinPrismUtils.feedConsumer(Lcom/sun/marlin/DRendererContext;Lcom/sun/javafx/geom/Path2D;Lcom/sun/javafx/geom/transform/BaseTransform;L
Event: 26.625 Thread 0x00007f9a250dc800 Uncommon trap: reason=profile_predicate action=maybe_recompile pc=0x0000000123810b7c method=com.sun.prism.impl.shape.DMarlinPrismUtils.feedConsumer(Lcom/sun/marlin/DRendererContext;Lcom/sun/javafx/geom/Path2D;Lcom/sun/javafx/geom/transform/BaseTransform;L
Event: 26.925 Thread 0x00007f9a250dc800 Uncommon trap: reason=profile_predicate action=maybe_recompile pc=0x0000000123810b7c method=com.sun.prism.impl.shape.DMarlinPrismUtils.feedConsumer(Lcom/sun/marlin/DRendererContext;Lcom/sun/javafx/geom/Path2D;Lcom/sun/javafx/geom/transform/BaseTransform;L

Classes redefined (0 events):
No events

Internal exceptions (10 events):
Event: 32.982 Thread 0x00007f9a245eb800 Exception <a 'java/io/FileNotFoundException'{0x00000007873ec708}> (0x00000007873ec708) thrown at [/scratch/mesos/slaves/07fc96ef-bf4d-487f-b22f-a84e49f5f44a-S132978/frameworks/1735e8a2-a1db-478c-8104-60c8b0af87dd-0196/executors/7fd0d64e-f768-4f47-ab19-0e8
Event: 35.722 Thread 0x00007f9a245eb800 Exception <a 'java/io/FileNotFoundException'{0x00000007872ab5f0}> (0x00000007872ab5f0) thrown at [/scratch/mesos/slaves/07fc96ef-bf4d-487f-b22f-a84e49f5f44a-S132978/frameworks/1735e8a2-a1db-478c-8104-60c8b0af87dd-0196/executors/7fd0d64e-f768-4f47-ab19-0e8
Event: 35.726 Thread 0x00007f9a245eb800 Exception <a 'java/io/FileNotFoundException'{0x00000007872b0bb0}> (0x00000007872b0bb0) thrown at [/scratch/mesos/slaves/07fc96ef-bf4d-487f-b22f-a84e49f5f44a-S132978/frameworks/1735e8a2-a1db-478c-8104-60c8b0af87dd-0196/executors/7fd0d64e-f768-4f47-ab19-0e8
Event: 35.728 Thread 0x00007f9a245eb800 Exception <a 'java/io/FileNotFoundException'{0x00000007872b6200}> (0x00000007872b6200) thrown at [/scratch/mesos/slaves/07fc96ef-bf4d-487f-b22f-a84e49f5f44a-S132978/frameworks/1735e8a2-a1db-478c-8104-60c8b0af87dd-0196/executors/7fd0d64e-f768-4f47-ab19-0e8
Event: 36.999 Thread 0x00007f9a245eb800 Exception <a 'java/io/FileNotFoundException'{0x000000078717e278}> (0x000000078717e278) thrown at [/scratch/mesos/slaves/07fc96ef-bf4d-487f-b22f-a84e49f5f44a-S132978/frameworks/1735e8a2-a1db-478c-8104-60c8b0af87dd-0196/executors/7fd0d64e-f768-4f47-ab19-0e8
Event: 37.003 Thread 0x00007f9a245eb800 Exception <a 'java/io/FileNotFoundException'{0x00000007871b4a60}> (0x00000007871b4a60) thrown at [/scratch/mesos/slaves/07fc96ef-bf4d-487f-b22f-a84e49f5f44a-S132978/frameworks/1735e8a2-a1db-478c-8104-60c8b0af87dd-0196/executors/7fd0d64e-f768-4f47-ab19-0e8
Event: 37.005 Thread 0x00007f9a245eb800 Exception <a 'java/io/FileNotFoundException'{0x00000007871df208}> (0x00000007871df208) thrown at [/scratch/mesos/slaves/07fc96ef-bf4d-487f-b22f-a84e49f5f44a-S132978/frameworks/1735e8a2-a1db-478c-8104-60c8b0af87dd-0196/executors/7fd0d64e-f768-4f47-ab19-0e8
Event: 39.452 Thread 0x00007f9a245eb800 Exception <a 'java/io/FileNotFoundException'{0x000000078707c5b8}> (0x000000078707c5b8) thrown at [/scratch/mesos/slaves/07fc96ef-bf4d-487f-b22f-a84e49f5f44a-S132978/frameworks/1735e8a2-a1db-478c-8104-60c8b0af87dd-0196/executors/7fd0d64e-f768-4f47-ab19-0e8
Event: 39.455 Thread 0x00007f9a245eb800 Exception <a 'java/io/FileNotFoundException'{0x0000000787081b78}> (0x0000000787081b78) thrown at [/scratch/mesos/slaves/07fc96ef-bf4d-487f-b22f-a84e49f5f44a-S132978/frameworks/1735e8a2-a1db-478c-8104-60c8b0af87dd-0196/executors/7fd0d64e-f768-4f47-ab19-0e8
Event: 39.458 Thread 0x00007f9a245eb800 Exception <a 'java/io/FileNotFoundException'{0x00000007870ac320}> (0x00000007870ac320) thrown at [/scratch/mesos/slaves/07fc96ef-bf4d-487f-b22f-a84e49f5f44a-S132978/frameworks/1735e8a2-a1db-478c-8104-60c8b0af87dd-0196/executors/7fd0d64e-f768-4f47-ab19-0e8

Events (10 events):
Event: 25.591 Thread 0x00007f9a250dc800 DEOPT UNPACKING pc=0x000000011bbe5d9f sp=0x000000030f2e5160 mode 2
Event: 26.280 Thread 0x00007f9a250dc800 Uncommon trap: trap_request=0xffffffbe fr.pc=0x0000000123810b7c relative=0x00000000000012bc
Event: 26.280 Thread 0x00007f9a250dc800 DEOPT PACKING pc=0x0000000123810b7c sp=0x000000030f2e5200
Event: 26.280 Thread 0x00007f9a250dc800 DEOPT UNPACKING pc=0x000000011bbe5d9f sp=0x000000030f2e5230 mode 2
Event: 26.625 Thread 0x00007f9a250dc800 Uncommon trap: trap_request=0xffffffbe fr.pc=0x0000000123810b7c relative=0x00000000000012bc
Event: 26.625 Thread 0x00007f9a250dc800 DEOPT PACKING pc=0x0000000123810b7c sp=0x000000030f2e5130
Event: 26.625 Thread 0x00007f9a250dc800 DEOPT UNPACKING pc=0x000000011bbe5d9f sp=0x000000030f2e5160 mode 2
Event: 26.925 Thread 0x00007f9a250dc800 Uncommon trap: trap_request=0xffffffbe fr.pc=0x0000000123810b7c relative=0x00000000000012bc
Event: 26.925 Thread 0x00007f9a250dc800 DEOPT PACKING pc=0x0000000123810b7c sp=0x000000030f2e5130
Event: 26.925 Thread 0x00007f9a250dc800 DEOPT UNPACKING pc=0x000000011bbe5d9f sp=0x000000030f2e5160 mode 2


Dynamic libraries:
0x00007ffdffed1000 	/Library/Apple/usr/libexec/oah/runtime
0x00007fff3521c000 	/System/Library/Frameworks/Cocoa.framework/Versions/A/Cocoa
0x00007fff22154000 	/System/Library/Frameworks/Security.framework/Versions/A/Security
0x00007fff3346b000 	/System/Library/Frameworks/ApplicationServices.framework/Versions/A/ApplicationServices
0x00007fff2a5e4000 	/usr/lib/libz.1.dylib
0x00007fff2a6b0000 	/usr/lib/libSystem.B.dylib
0x00007fff203e9000 	/System/Library/Frameworks/CoreFoundation.framework/Versions/A/CoreFoundation
0x00007fff210c8000 	/System/Library/Frameworks/Foundation.framework/Versions/C/Foundation
0x00007fff20208000 	/usr/lib/libobjc.A.dylib
0x00007fff22b78000 	/System/Library/Frameworks/AppKit.framework/Versions/C/AppKit
0x00007fff25a27000 	/System/Library/Frameworks/CoreData.framework/Versions/A/CoreData
0x00007fff238d5000 	/System/Library/PrivateFrameworks/UIFoundation.framework/Versions/A/UIFoundation
0x00007fff2fe4e000 	/System/Library/PrivateFrameworks/RemoteViewServices.framework/Versions/A/RemoteViewServices
0x00007fff28c00000 	/System/Library/PrivateFrameworks/XCTTargetBootstrap.framework/Versions/A/XCTTargetBootstrap
0x00007fff2b94d000 	/usr/lib/libspindump.dylib
0x00007fff23b29000 	/System/Library/Frameworks/UniformTypeIdentifiers.framework/Versions/A/UniformTypeIdentifiers
0x00007fff273d2000 	/usr/lib/libapp_launch_measurement.dylib
0x00007fff273d5000 	/System/Library/PrivateFrameworks/CoreAutoLayout.framework/Versions/A/CoreAutoLayout
0x00007fff28561000 	/System/Library/Frameworks/Metal.framework/Versions/A/Metal
0x00007fff29256000 	/usr/lib/liblangid.dylib
0x00007fff28c04000 	/System/Library/PrivateFrameworks/CoreSVG.framework/Versions/A/CoreSVG
0x00007fff24b10000 	/System/Library/PrivateFrameworks/SkyLight.framework/Versions/A/SkyLight
0x00007fff24e6f000 	/System/Library/Frameworks/CoreGraphics.framework/Versions/A/CoreGraphics
0x00007fff304a5000 	/System/Library/Frameworks/Accelerate.framework/Versions/A/Accelerate
0x00007fff2b388000 	/System/Library/PrivateFrameworks/IconServices.framework/Versions/A/IconServices
0x00007fff28542000 	/System/Library/Frameworks/IOSurface.framework/Versions/A/IOSurface
0x00007fff263b9000 	/usr/lib/libDiagnosticMessagesClient.dylib
0x00007fff28bec000 	/System/Library/PrivateFrameworks/DFRFoundation.framework/Versions/A/DFRFoundation
0x00007fff224a4000 	/usr/lib/libicucore.A.dylib
0x00007fff2ce88000 	/System/Library/Frameworks/AudioToolbox.framework/Versions/A/AudioToolbox
0x00007fff2c133000 	/System/Library/PrivateFrameworks/DataDetectorsCore.framework/Versions/A/DataDetectorsCore
0x00007fff288ec000 	/System/Library/Frameworks/Carbon.framework/Versions/A/Frameworks/HIToolbox.framework/Versions/A/HIToolbox
0x00007fff26e35000 	/System/Library/Frameworks/QuartzCore.framework/Versions/A/QuartzCore
0x00007fff2fe8a000 	/System/Library/Frameworks/Carbon.framework/Versions/A/Frameworks/SpeechRecognition.framework/Versions/A/SpeechRecognition
0x00007fff2713a000 	/System/Library/PrivateFrameworks/CoreUI.framework/Versions/A/CoreUI
0x00007fff21ab0000 	/System/Library/Frameworks/CoreAudio.framework/Versions/A/CoreAudio
0x00007fff264a4000 	/System/Library/Frameworks/DiskArbitration.framework/Versions/A/DiskArbitration
0x00007fff2bd45000 	/System/Library/PrivateFrameworks/MultitouchSupport.framework/Versions/A/MultitouchSupport
0x00007fff2c12a000 	/System/Library/PrivateFrameworks/InternationalSupport.framework/Versions/A/InternationalSupport
0x00007fff24a84000 	/usr/lib/libenergytrace.dylib
0x00007fff22a72000 	/System/Library/Frameworks/IOKit.framework/Versions/A/IOKit
0x00007fff301d7000 	/System/Library/Frameworks/CoreServices.framework/Versions/A/CoreServices
0x00007fff27368000 	/System/Library/PrivateFrameworks/PerformanceAnalysis.framework/Versions/A/PerformanceAnalysis
0x00007fff6b6cb000 	/System/Library/Frameworks/OpenGL.framework/Versions/A/OpenGL
0x00007fff2c1af000 	/System/Library/PrivateFrameworks/UserActivity.framework/Versions/A/UserActivity
0x00007fff25529000 	/System/Library/Frameworks/ColorSync.framework/Versions/A/ColorSync
0x00007fff28e6f000 	/System/Library/Frameworks/CoreImage.framework/Versions/A/CoreImage
0x00007fff218c6000 	/System/Library/Frameworks/CoreText.framework/Versions/A/CoreText
0x00007fff28c2e000 	/System/Library/Frameworks/ImageIO.framework/Versions/A/ImageIO
0x00007fff2a6b6000 	/System/Library/PrivateFrameworks/SoftLinking.framework/Versions/A/SoftLinking
0x00007fff2741e000 	/usr/lib/libxml2.2.dylib
0x00007fff202ce000 	/usr/lib/libc++.1.dylib
0x00007fff2a928000 	/usr/lib/libcompression.dylib
0x00007fff24a85000 	/usr/lib/libMobileGestalt.dylib
0x00007fff2c05d000 	/System/Library/PrivateFrameworks/TextureIO.framework/Versions/A/TextureIO
0x00007fff2b016000 	/usr/lib/libate.dylib
0x00007fff2a6aa000 	/usr/lib/system/libcache.dylib
0x00007fff2a666000 	/usr/lib/system/libcommonCrypto.dylib
0x00007fff2a690000 	/usr/lib/system/libcompiler_rt.dylib
0x00007fff2a685000 	/usr/lib/system/libcopyfile.dylib
0x00007fff200fa000 	/usr/lib/system/libcorecrypto.dylib
0x00007fff201c3000 	/usr/lib/system/libdispatch.dylib
0x00007fff20378000 	/usr/lib/system/libdyld.dylib
0x00007fff2a6a1000 	/usr/lib/system/libkeymgr.dylib
0x00007fff2dc37000 	/usr/lib/system/liblaunch.dylib
0x00007fff2a644000 	/usr/lib/system/libmacho.dylib
0x00007fff29e5a000 	/usr/lib/system/libquarantine.dylib
0x00007fff2a69e000 	/usr/lib/system/libremovefile.dylib
0x00007fff24ae1000 	/usr/lib/system/libsystem_asl.dylib
0x00007fff200aa000 	/usr/lib/system/libsystem_blocks.dylib
0x00007fff20245000 	/usr/lib/system/libsystem_c.dylib
0x00007fff2a698000 	/usr/lib/system/libsystem_collections.dylib
0x00007fff29247000 	/usr/lib/system/libsystem_configuration.dylib
0x00007fff28531000 	/usr/lib/system/libsystem_containermanager.dylib
0x00007fff2a3dc000 	/usr/lib/system/libsystem_coreservices.dylib
0x00007fff22706000 	/usr/lib/system/libsystem_darwin.dylib
0x00007fff2a6a2000 	/usr/lib/system/libsystem_dnssd.dylib
0x00007fff20242000 	/usr/lib/system/libsystem_featureflags.dylib
0x00007fff203bd000 	/usr/lib/system/libsystem_info.dylib
0x00007fff2a5f7000 	/usr/lib/system/libsystem_m.dylib
0x00007fff20196000 	/usr/lib/system/libsystem_malloc.dylib
0x00007fff24a75000 	/usr/lib/system/libsystem_networkextension.dylib
0x00007fff22b20000 	/usr/lib/system/libsystem_notify.dylib
0x00007fff300d5000 	/usr/lib/system/libsystem_product_info_filter.dylib
0x00007fff2924b000 	/usr/lib/system/libsystem_sandbox.dylib
0x00007fff2a69b000 	/usr/lib/system/libsystem_secinit.dylib
0x00007fff2033d000 	/usr/lib/system/libsystem_kernel.dylib
0x00007fff203b3000 	/usr/lib/system/libsystem_platform.dylib
0x00007fff2036c000 	/usr/lib/system/libsystem_pthread.dylib
0x00007fff26207000 	/usr/lib/system/libsystem_symptoms.dylib
0x00007fff200e2000 	/usr/lib/system/libsystem_trace.dylib
0x00007fff2a672000 	/usr/lib/system/libunwind.dylib
0x00007fff200ac000 	/usr/lib/system/libxpc.dylib
0x00007fff20324000 	/usr/lib/libc++abi.dylib
0x00007fff2a67d000 	/usr/lib/liboah.dylib
0x00007fff2ad41000 	/usr/lib/liblzma.5.dylib
0x00007fff20dde000 	/System/Library/Frameworks/SystemConfiguration.framework/Versions/A/SystemConfiguration
0x00007fff2a6b2000 	/usr/lib/libfakelink.dylib
0x00007fff245d7000 	/System/Library/Frameworks/CFNetwork.framework/Versions/A/CFNetwork
0x00007fff2a7f2000 	/usr/lib/libarchive.2.dylib
0x00007fff20e5b000 	/usr/lib/libCRFSuite.dylib
0x00007fff29e81000 	/usr/lib/libbsm.0.dylib
0x00007fff23f93000 	/usr/lib/libnetwork.dylib
0x00007fff2a6b7000 	/usr/lib/libpcap.A.dylib
0x00007fff26200000 	/usr/lib/libdns_services.dylib
0x00007fff2ad5a000 	/usr/lib/libcoretls_cfhelpers.dylib
0x00007fff2a8f6000 	/usr/lib/libapple_nghttp2.dylib
0x00007fff2a64a000 	/usr/lib/system/libkxld.dylib
0x00007fff25e6e000 	/usr/lib/libsqlite3.dylib
0x00007fff2a3be000 	/System/Library/PrivateFrameworks/AppleFSCompression.framework/Versions/A/AppleFSCompression
0x00007fff29e69000 	/usr/lib/libcoretls.dylib
0x00007fff2a923000 	/usr/lib/libpam.2.dylib
0x00007fff2ae57000 	/usr/lib/libxar.1.dylib
0x00007fff29252000 	/System/Library/PrivateFrameworks/AppleSystemInfo.framework/Versions/A/AppleSystemInfo
0x00007fff29aac000 	/System/Library/PrivateFrameworks/IOMobileFramebuffer.framework/Versions/A/IOMobileFramebuffer
0x00007fff2a3ce000 	/usr/lib/libbz2.1.0.dylib
0x00007fff2a6ef000 	/usr/lib/libiconv.2.dylib
0x00007fff2a643000 	/usr/lib/libcharset.1.dylib
0x00007fff273a4000 	/System/Library/Frameworks/CoreServices.framework/Versions/A/Frameworks/FSEvents.framework/Versions/A/FSEvents
0x00007fff22710000 	/System/Library/Frameworks/CoreServices.framework/Versions/A/Frameworks/CarbonCore.framework/Versions/A/CarbonCore
0x00007fff26409000 	/System/Library/Frameworks/CoreServices.framework/Versions/A/Frameworks/Metadata.framework/Versions/A/Metadata
0x00007fff2a3e1000 	/System/Library/Frameworks/CoreServices.framework/Versions/A/Frameworks/OSServices.framework/Versions/A/OSServices
0x00007fff2a864000 	/System/Library/Frameworks/CoreServices.framework/Versions/A/Frameworks/SearchKit.framework/Versions/A/SearchKit
0x00007fff2618a000 	/System/Library/Frameworks/CoreServices.framework/Versions/A/Frameworks/AE.framework/Versions/A/AE
0x00007fff20885000 	/System/Library/Frameworks/CoreServices.framework/Versions/A/Frameworks/LaunchServices.framework/Versions/A/LaunchServices
0x00007fff2acf2000 	/System/Library/Frameworks/CoreServices.framework/Versions/A/Frameworks/DictionaryServices.framework/Versions/A/DictionaryServices
0x00007fff273ad000 	/System/Library/Frameworks/CoreServices.framework/Versions/A/Frameworks/SharedFileList.framework/Versions/A/SharedFileList
0x00007fff29e5d000 	/usr/lib/libCheckFix.dylib
0x00007fff24af8000 	/System/Library/PrivateFrameworks/TCC.framework/Versions/A/TCC
0x00007fff29258000 	/System/Library/PrivateFrameworks/CoreNLP.framework/Versions/A/CoreNLP
0x00007fff263bc000 	/System/Library/PrivateFrameworks/MetadataUtilities.framework/Versions/A/MetadataUtilities
0x00007fff20e91000 	/usr/lib/libmecabra.dylib
0x00007fff2a171000 	/System/Library/Frameworks/MLCompute.framework/Versions/A/MLCompute
0x00007fff29e92000 	/usr/lib/libmecab.dylib
0x00007fff29edc000 	/usr/lib/libgermantok.dylib
0x00007fff2a8cc000 	/usr/lib/libThaiTokenizer.dylib
0x00007fff2ae92000 	/usr/lib/libChineseTokenizer.dylib
0x00007fff2a921000 	/System/Library/Frameworks/MetalPerformanceShaders.framework/Versions/A/MetalPerformanceShaders
0x00007fff264ab000 	/System/Library/Frameworks/Accelerate.framework/Versions/A/Frameworks/vImage.framework/Versions/A/vImage
0x00007fff301b0000 	/System/Library/Frameworks/Accelerate.framework/Versions/A/Frameworks/vecLib.framework/Versions/A/vecLib
0x00007fff2ae9d000 	/System/Library/Frameworks/Accelerate.framework/Versions/A/Frameworks/vecLib.framework/Versions/A/libvMisc.dylib
0x00007fff29908000 	/System/Library/Frameworks/Accelerate.framework/Versions/A/Frameworks/vecLib.framework/Versions/A/libvDSP.dylib
0x00007fff20b88000 	/System/Library/Frameworks/Accelerate.framework/Versions/A/Frameworks/vecLib.framework/Versions/A/libBLAS.dylib
0x00007fff2a947000 	/System/Library/Frameworks/Accelerate.framework/Versions/A/Frameworks/vecLib.framework/Versions/A/libLAPACK.dylib
0x00007fff29ee2000 	/System/Library/Frameworks/Accelerate.framework/Versions/A/Frameworks/vecLib.framework/Versions/A/libLinearAlgebra.dylib
0x00007fff2a90e000 	/System/Library/Frameworks/Accelerate.framework/Versions/A/Frameworks/vecLib.framework/Versions/A/libSparseBLAS.dylib
0x00007fff2a941000 	/System/Library/Frameworks/Accelerate.framework/Versions/A/Frameworks/vecLib.framework/Versions/A/libQuadrature.dylib
0x00007fff29300000 	/System/Library/Frameworks/Accelerate.framework/Versions/A/Frameworks/vecLib.framework/Versions/A/libBNNS.dylib
0x00007fff20d6f000 	/System/Library/Frameworks/Accelerate.framework/Versions/A/Frameworks/vecLib.framework/Versions/A/libSparse.dylib
0x00007fff291eb000 	/System/Library/Frameworks/MetalPerformanceShaders.framework/Versions/A/Frameworks/MPSCore.framework/Versions/A/MPSCore
0x00007fff2a32d000 	/System/Library/Frameworks/MetalPerformanceShaders.framework/Versions/A/Frameworks/MPSImage.framework/Versions/A/MPSImage
0x00007fff29ef9000 	/System/Library/Frameworks/MetalPerformanceShaders.framework/Versions/A/Frameworks/MPSNeuralNetwork.framework/Versions/A/MPSNeuralNetwork
0x00007fff2a2b8000 	/System/Library/Frameworks/MetalPerformanceShaders.framework/Versions/A/Frameworks/MPSMatrix.framework/Versions/A/MPSMatrix
0x00007fff2a121000 	/System/Library/Frameworks/MetalPerformanceShaders.framework/Versions/A/Frameworks/MPSRayIntersector.framework/Versions/A/MPSRayIntersector
0x00007fff2a2ef000 	/System/Library/Frameworks/MetalPerformanceShaders.framework/Versions/A/Frameworks/MPSNDArray.framework/Versions/A/MPSNDArray
0x00007fff20ab4000 	/System/Library/PrivateFrameworks/MetalTools.framework/Versions/A/MetalTools
0x00007fff29250000 	/System/Library/PrivateFrameworks/AggregateDictionary.framework/Versions/A/AggregateDictionary
0x00007fff26394000 	/System/Library/PrivateFrameworks/CoreAnalytics.framework/Versions/A/CoreAnalytics
0x00007fff2a8ce000 	/System/Library/PrivateFrameworks/AppleSauce.framework/Versions/A/AppleSauce
0x00007fff28554000 	/System/Library/PrivateFrameworks/IOAccelerator.framework/Versions/A/IOAccelerator
0x00007fff6b6bf000 	/System/Library/Frameworks/OpenGL.framework/Versions/A/Libraries/libCoreFSCache.dylib
0x00007fff2142c000 	/System/Library/PrivateFrameworks/LanguageModeling.framework/Versions/A/LanguageModeling
0x00007fff29a99000 	/System/Library/PrivateFrameworks/CoreEmoji.framework/Versions/A/CoreEmoji
0x00007fff292f9000 	/System/Library/PrivateFrameworks/LinguisticData.framework/Versions/A/LinguisticData
0x00007fff20d21000 	/System/Library/PrivateFrameworks/Lexicon.framework/Versions/A/Lexicon
0x00007fff2a7e0000 	/usr/lib/libcmph.dylib
0x00007fff27384000 	/System/Library/Frameworks/OpenDirectory.framework/Versions/A/Frameworks/CFOpenDirectory.framework/Versions/A/CFOpenDirectory
0x00007fff27374000 	/System/Library/Frameworks/OpenDirectory.framework/Versions/A/OpenDirectory
0x00007fff2ad5c000 	/System/Library/PrivateFrameworks/APFS.framework/Versions/A/APFS
0x00007fff29dbe000 	/System/Library/Frameworks/SecurityFoundation.framework/Versions/A/SecurityFoundation
0x00007fff2ae65000 	/usr/lib/libutil.dylib
0x00007fff22a37000 	/System/Library/PrivateFrameworks/CoreServicesStore.framework/Versions/A/CoreServicesStore
0x00007fff29e55000 	/System/Library/Frameworks/ServiceManagement.framework/Versions/A/ServiceManagement
0x00007fff2ae69000 	/usr/lib/libxslt.1.dylib
0x00007fff29e4b000 	/System/Library/PrivateFrameworks/BackgroundTaskManagement.framework/Versions/A/BackgroundTaskManagement
0x00007fff2bfa8000 	/System/Library/Frameworks/ImageIO.framework/Versions/A/Resources/libRadiance.dylib
0x00007fff2bfb1000 	/System/Library/Frameworks/ImageIO.framework/Versions/A/Resources/libJPEG.dylib
0x00007fff2beff000 	/System/Library/Frameworks/ImageIO.framework/Versions/A/Resources/libPng.dylib
0x00007fff2bf26000 	/System/Library/Frameworks/ImageIO.framework/Versions/A/Resources/libTIFF.dylib
0x00007fff2c006000 	/System/Library/Frameworks/ImageIO.framework/Versions/A/Resources/libGIF.dylib
0x00007fff2bc63000 	/System/Library/Frameworks/ImageIO.framework/Versions/A/Resources/libJP2.dylib
0x00007fff2b34f000 	/usr/lib/libexpat.1.dylib
0x00007fff2bc19000 	/System/Library/PrivateFrameworks/AppleJPEG.framework/Versions/A/AppleJPEG
0x00007fff2878f000 	/System/Library/PrivateFrameworks/FontServices.framework/libFontParser.dylib
0x00007fff2613e000 	/System/Library/PrivateFrameworks/RunningBoardServices.framework/Versions/A/RunningBoardServices
0x00007fff2bd41000 	/System/Library/PrivateFrameworks/WatchdogClient.framework/Versions/A/WatchdogClient
0x00007fff21519000 	/System/Library/Frameworks/CoreDisplay.framework/Versions/A/CoreDisplay
0x00007fff286a4000 	/System/Library/Frameworks/CoreMedia.framework/Versions/A/CoreMedia
0x00007fff27501000 	/System/Library/Frameworks/CoreVideo.framework/Versions/A/CoreVideo
0x00007fff2bd79000 	/System/Library/Frameworks/VideoToolbox.framework/Versions/A/VideoToolbox
0x00007fff260bc000 	/System/Library/PrivateFrameworks/BaseBoard.framework/Versions/A/BaseBoard
0x00007fff2b494000 	/System/Library/PrivateFrameworks/PersistentConnection.framework/Versions/A/PersistentConnection
0x00007fff25e57000 	/System/Library/PrivateFrameworks/ProtocolBuffer.framework/Versions/A/ProtocolBuffer
0x00007fff260a3000 	/System/Library/PrivateFrameworks/CommonUtilities.framework/Versions/A/CommonUtilities
0x00007fff2bbae000 	/System/Library/PrivateFrameworks/Bom.framework/Versions/A/Bom
0x00007fff2bfa1000 	/System/Library/PrivateFrameworks/GPUWrangler.framework/Versions/A/GPUWrangler
0x00007fff2bf84000 	/System/Library/PrivateFrameworks/IOPresentment.framework/Versions/A/IOPresentment
0x00007fff2bfab000 	/System/Library/PrivateFrameworks/DSExternalDisplay.framework/Versions/A/DSExternalDisplay
0x00007fff2c00b000 	/System/Library/PrivateFrameworks/CMCaptureCore.framework/Versions/A/CMCaptureCore
0x00007fff2b934000 	/System/Library/PrivateFrameworks/AppServerSupport.framework/Versions/A/AppServerSupport
0x00007fff2d9d8000 	/System/Library/PrivateFrameworks/perfdata.framework/Versions/A/perfdata
0x00007fff29dad000 	/System/Library/PrivateFrameworks/AssertionServices.framework/Versions/A/AssertionServices
0x00007fff21650000 	/System/Library/PrivateFrameworks/AudioToolboxCore.framework/Versions/A/AudioToolboxCore
0x00007fff28687000 	/System/Library/PrivateFrameworks/caulk.framework/Versions/A/caulk
0x00007fff3cc72000 	/System/Library/PrivateFrameworks/SystemPolicy.framework/Versions/A/SystemPolicy
0x00007fff2b145000 	/usr/lib/libIOReport.dylib
0x00007fff2d1fa000 	/usr/lib/libSMC.dylib
0x00007fff2becc000 	/usr/lib/libAudioToolboxUtility.dylib
0x00007fff3d5d7000 	/usr/lib/libmis.dylib
0x00007fff6b71b000 	/System/Library/Frameworks/OpenGL.framework/Versions/A/Libraries/libGLU.dylib
0x00007fff6b6de000 	/System/Library/Frameworks/OpenGL.framework/Versions/A/Libraries/libGFXShared.dylib
0x00007fff6b8ed000 	/System/Library/Frameworks/OpenGL.framework/Versions/A/Libraries/libGL.dylib
0x00007fff6b6e7000 	/System/Library/Frameworks/OpenGL.framework/Versions/A/Libraries/libGLImage.dylib
0x00007fff6b6db000 	/System/Library/Frameworks/OpenGL.framework/Versions/A/Libraries/libCVMSPluginSupport.dylib
0x00007fff6b6c6000 	/System/Library/Frameworks/OpenGL.framework/Versions/A/Libraries/libCoreVMClient.dylib
0x00007fff6cd2e000 	/System/Library/Frameworks/OpenCL.framework/Versions/A/OpenCL
0x00007fff2b4be000 	/System/Library/PrivateFrameworks/GraphVisualizer.framework/Versions/A/GraphVisualizer
0x00007fff2b4cd000 	/System/Library/PrivateFrameworks/FaceCore.framework/Versions/A/FaceCore
0x00007fff2b8e9000 	/System/Library/PrivateFrameworks/OTSVG.framework/Versions/A/OTSVG
0x00007fff270f8000 	/System/Library/Frameworks/ApplicationServices.framework/Versions/A/Frameworks/ATS.framework/Versions/A/Resources/libFontRegistry.dylib
0x00007fff2b93b000 	/System/Library/PrivateFrameworks/FontServices.framework/libhvf.dylib
0x00007fff2b2fb000 	/System/Library/PrivateFrameworks/AppleVA.framework/Versions/A/AppleVA
0x00007fff2d043000 	/System/Library/Frameworks/ApplicationServices.framework/Versions/A/Frameworks/ATS.framework/Versions/A/ATS
0x00007fff2d355000 	/System/Library/Frameworks/ApplicationServices.framework/Versions/A/Frameworks/ColorSyncLegacy.framework/Versions/A/ColorSyncLegacy
0x00007fff25620000 	/System/Library/Frameworks/ApplicationServices.framework/Versions/A/Frameworks/HIServices.framework/Versions/A/HIServices
0x00007fff2d33a000 	/System/Library/Frameworks/ApplicationServices.framework/Versions/A/Frameworks/LangAnalysis.framework/Versions/A/LangAnalysis
0x00007fff2c015000 	/System/Library/Frameworks/ApplicationServices.framework/Versions/A/Frameworks/PrintCore.framework/Versions/A/PrintCore
0x00007fff2d35d000 	/System/Library/Frameworks/ApplicationServices.framework/Versions/A/Frameworks/QD.framework/Versions/A/QD
0x00007fff2d033000 	/System/Library/Frameworks/ApplicationServices.framework/Versions/A/Frameworks/SpeechSynthesis.framework/Versions/A/SpeechSynthesis
0x00007fff2bfd6000 	/System/Library/Frameworks/ApplicationServices.framework/Versions/A/Frameworks/ATSUI.framework/Versions/A/ATSUI
0x00007fff2d2da000 	/usr/lib/libcups.2.dylib
0x00007fff2d34a000 	/System/Library/PrivateFrameworks/NetAuth.framework/Versions/A/NetAuth
0x00007fff2d9f4000 	/System/Library/Frameworks/Kerberos.framework/Versions/A/Kerberos
0x00007fff2da04000 	/System/Library/Frameworks/GSS.framework/Versions/A/GSS
0x00007fff2d0af000 	/usr/lib/libresolv.9.dylib
0x00007fff2b950000 	/System/Library/PrivateFrameworks/Heimdal.framework/Versions/A/Heimdal
0x00007fff3376b000 	/System/Library/Frameworks/Kerberos.framework/Versions/A/Libraries/libHeimdalProxy.dylib
0x00007fff2620f000 	/System/Library/Frameworks/Network.framework/Versions/A/Network
0x00007fff2b369000 	/usr/lib/libheimdal-asn1.dylib
0x00007fff2da54000 	/System/Library/PrivateFrameworks/CommonAuth.framework/Versions/A/CommonAuth
0x00007fff2754e000 	/System/Library/PrivateFrameworks/login.framework/Versions/A/Frameworks/loginsupport.framework/Versions/A/loginsupport
0x00007fff2cfb8000 	/System/Library/PrivateFrameworks/AudioSession.framework/Versions/A/AudioSession
0x00007fff2d020000 	/usr/lib/libAudioStatistics.dylib
0x00007fff2b3f6000 	/System/Library/PrivateFrameworks/MediaExperience.framework/Versions/A/MediaExperience
0x00007fff2ce56000 	/System/Library/PrivateFrameworks/AudioSession.framework/libSessionUtility.dylib
0x00007fff2d9e5000 	/usr/lib/libperfcheck.dylib
0x00007fff2d369000 	/System/Library/PrivateFrameworks/AudioResourceArbitration.framework/Versions/A/AudioResourceArbitration
0x00007fff2b373000 	/System/Library/PrivateFrameworks/IconFoundation.framework/Versions/A/IconFoundation
0x00007fff2fe7a000 	/System/Library/PrivateFrameworks/SpeechRecognitionCore.framework/Versions/A/SpeechRecognitionCore
0x0000000111800000 	/Library/Java/JavaVirtualMachines/jdk-11.0.3.jdk/Contents/Home/lib/server/libjvm.dylib
0x000000010d25e000 	/Library/Java/JavaVirtualMachines/jdk-11.0.3.jdk/Contents/Home/lib/libverify.dylib
0x000000010d2d8000 	/Library/Java/JavaVirtualMachines/jdk-11.0.3.jdk/Contents/Home/lib/libjava.dylib
0x000000010d387000 	/Library/Java/JavaVirtualMachines/jdk-11.0.3.jdk/Contents/Home/lib/libzip.dylib
0x000000010d39d000 	/Library/Java/JavaVirtualMachines/jdk-11.0.3.jdk/Contents/Home/lib/libjimage.dylib
0x000000010d702000 	/Library/Java/JavaVirtualMachines/jdk-11.0.3.jdk/Contents/Home/lib/libnio.dylib
0x000000010d729000 	/Library/Java/JavaVirtualMachines/jdk-11.0.3.jdk/Contents/Home/lib/libnet.dylib
0x00000001340ef000 	/Users/g.gunn/.openjfx/cache/11/libprism_es2.dylib
0x00007fff229f8000 	/System/Library/PrivateFrameworks/CoreServicesInternal.framework/Versions/A/CoreServicesInternal
0x00007fff6b8f8000 	/System/Library/Frameworks/OpenGL.framework/Versions/A/Resources/GLEngine.bundle/GLEngine
0x00007fff6b758000 	/System/Library/Frameworks/OpenGL.framework/Versions/A/Libraries/libGLProgrammability.dylib
0x00000001341cc000 	/System/Library/Extensions/AppleMetalGLRenderer.bundle/Contents/MacOS/AppleMetalGLRenderer
0x00007fff6ba74000 	/System/Library/Frameworks/OpenGL.framework/Versions/A/Resources/GLRendererFloat.bundle/GLRendererFloat
0x0000000134322000 	/System/Library/Extensions/AGXMetal13_3.bundle/Contents/MacOS/AGXMetal13_3
0x00007fff38825000 	/System/Library/PrivateFrameworks/IOGPU.framework/Versions/A/IOGPU
0x00007fff69251000 	/System/Library/PrivateFrameworks/GPUCompiler.framework/Versions/31001/Libraries/libmetal_timestamp.dylib
0x0000000135704000 	/Users/g.gunn/.openjfx/cache/11/libglass.dylib
0x00007fff31380000 	/System/Library/Frameworks/FileProvider.framework/Versions/A/FileProvider
0x00007fff26026000 	/System/Library/Frameworks/Accounts.framework/Versions/A/Accounts
0x00007fff314a1000 	/System/Library/PrivateFrameworks/GenerationalStorage.framework/Versions/A/GenerationalStorage
0x00007fff31e5a000 	/System/Library/PrivateFrameworks/CoreSymbolication.framework/Versions/A/CoreSymbolication
0x00007fff30d9f000 	/System/Library/PrivateFrameworks/SymptomDiagnosticReporter.framework/Versions/A/SymptomDiagnosticReporter
0x00007fff2e691000 	/System/Library/PrivateFrameworks/AppContainer.framework/Versions/A/AppContainer
0x00007fff23b3c000 	/System/Library/PrivateFrameworks/DesktopServicesPriv.framework/Versions/A/DesktopServicesPriv
0x00007fff22b2c000 	/usr/lib/libsandbox.1.dylib
0x00007fff2757a000 	/System/Library/PrivateFrameworks/UserManagement.framework/Versions/A/UserManagement
0x00007fff29d8a000 	/System/Library/PrivateFrameworks/MobileKeyBag.framework/Versions/A/MobileKeyBag
0x00007fff347d6000 	/System/Library/PrivateFrameworks/ChunkingLibrary.framework/Versions/A/ChunkingLibrary
0x00007fff31e1d000 	/System/Library/PrivateFrameworks/DebugSymbols.framework/Versions/A/DebugSymbols
0x00007fff2e6a6000 	/System/Library/PrivateFrameworks/SecCodeWrapper.framework/Versions/A/SecCodeWrapper
0x00007fff2b14d000 	/System/Library/PrivateFrameworks/CrashReporterSupport.framework/Versions/A/CrashReporterSupport
0x00007fff47a71000 	/System/Library/PrivateFrameworks/OSAnalytics.framework/Versions/A/OSAnalytics
0x00007fff782dd000 	/usr/lib/libRosetta.dylib
0x00007fff331bb000 	/System/Library/PrivateFrameworks/RemoteServiceDiscovery.framework/Versions/A/RemoteServiceDiscovery
0x00007fff51541000 	/System/Library/PrivateFrameworks/Symbolication.framework/Versions/A/Symbolication
0x00007fff331cb000 	/System/Library/PrivateFrameworks/RemoteXPC.framework/Versions/A/RemoteXPC
0x00007fff394c0000 	/System/Library/PrivateFrameworks/OSAServicesClient.framework/Versions/A/OSAServicesClient
0x00007fff3d5b6000 	/System/Library/PrivateFrameworks/MallocStackLogging.framework/Versions/A/MallocStackLogging
0x00007fff2e429000 	/System/Library/PrivateFrameworks/Sharing.framework/Versions/A/Sharing
0x00007fff32d98000 	/System/Library/PrivateFrameworks/Apple80211.framework/Versions/A/Apple80211
0x00007fff2a40f000 	/System/Library/PrivateFrameworks/AuthKit.framework/Versions/A/AuthKit
0x00007fff29b8a000 	/System/Library/PrivateFrameworks/CoreUtils.framework/Versions/A/CoreUtils
0x00007fff29ab7000 	/System/Library/Frameworks/CoreWLAN.framework/Versions/A/CoreWLAN
0x00007fff2e570000 	/System/Library/Frameworks/IOBluetooth.framework/Versions/A/IOBluetooth
0x00007fff32dfc000 	/System/Library/PrivateFrameworks/CoreWiFi.framework/Versions/A/CoreWiFi
0x00007fff2dada000 	/System/Library/PrivateFrameworks/CorePhoneNumbers.framework/Versions/A/CorePhoneNumbers
0x00007fff30ea7000 	/System/Library/PrivateFrameworks/DiskManagement.framework/Versions/A/DiskManagement
0x00007fff30dbd000 	/System/Library/PrivateFrameworks/AppleIDAuthSupport.framework/Versions/A/AppleIDAuthSupport
0x00007fff2dab7000 	/System/Library/PrivateFrameworks/KeychainCircle.framework/Versions/A/KeychainCircle
0x00007fff30e73000 	/System/Library/PrivateFrameworks/MediaKit.framework/Versions/A/MediaKit
0x00007fff30dca000 	/System/Library/Frameworks/DiscRecording.framework/Versions/A/DiscRecording
0x00007fff2b26f000 	/usr/lib/libCoreStorage.dylib
0x00007fff33236000 	/usr/lib/libcsfde.dylib
0x00007fff2e6aa000 	/System/Library/PrivateFrameworks/ProtectedCloudStorage.framework/Versions/A/ProtectedCloudStorage
0x00007fff3322e000 	/System/Library/PrivateFrameworks/EFILogin.framework/Versions/A/EFILogin
0x00007fff3381e000 	/System/Library/Frameworks/AudioUnit.framework/Versions/A/AudioUnit
0x00007fff30d09000 	/System/Library/Frameworks/CoreBluetooth.framework/Versions/A/CoreBluetooth
0x00007fff2b267000 	/usr/lib/libMatch.1.dylib
0x000000010d767000 	/usr/lib/libobjc-trampolines.dylib
0x00007fff4118b000 	/System/Library/Frameworks/Accelerate.framework/Versions/A/Frameworks/vImage.framework/Versions/A/Libraries/libCGInterfaces.dylib
0x00007fff2727c000 	/System/Library/PrivateFrameworks/ViewBridge.framework/Versions/A/ViewBridge
0x000000013803c000 	/Users/g.gunn/.openjfx/cache/11/libjavafx_iio.dylib
0x000000013816e000 	/Users/g.gunn/.openjfx/cache/11/libjavafx_font.dylib
0x00007fff2ba11000 	/System/Library/PrivateFrameworks/login.framework/Versions/A/login
0x00007fff30523000 	/System/Library/PrivateFrameworks/SystemAdministration.framework/Versions/A/SystemAdministration
0x00007fff2c20e000 	/System/Library/Frameworks/MediaToolbox.framework/Versions/A/MediaToolbox
0x00007fff2fe42000 	/System/Library/Frameworks/DirectoryService.framework/Versions/A/DirectoryService
0x00007fff330d4000 	/System/Library/PrivateFrameworks/DiskImages.framework/Versions/A/DiskImages
0x00007fff332a8000 	/System/Library/PrivateFrameworks/LoginUIKit.framework/Versions/A/Frameworks/LoginUICore.framework/Versions/A/LoginUICore
0x00007fff2bbaa000 	/usr/lib/libodfde.dylib
0x00007fff31352000 	/System/Library/PrivateFrameworks/CoreAVCHD.framework/Versions/A/CoreAVCHD
0x00007fff304e6000 	/System/Library/Frameworks/MediaAccessibility.framework/Versions/A/MediaAccessibility
0x00007fff3134e000 	/System/Library/PrivateFrameworks/Mangrove.framework/Versions/A/Mangrove
0x00007fff304f2000 	/System/Library/PrivateFrameworks/AlgosScoreFramework.framework/Versions/A/AlgosScoreFramework
0x00007fff31d0d000 	/System/Library/PrivateFrameworks/AppleVPA.framework/Versions/A/AppleVPA
0x00007fff30f93000 	/System/Library/PrivateFrameworks/CoreAUC.framework/Versions/A/CoreAUC
0x00007fff33242000 	/usr/lib/libcurl.4.dylib
0x00007fff32fa2000 	/usr/lib/libcrypto.44.dylib
0x00007fff330a6000 	/usr/lib/libssl.46.dylib
0x00007fff32f68000 	/System/Library/Frameworks/LDAP.framework/Versions/A/LDAP
0x00007fff32fa0000 	/System/Library/PrivateFrameworks/TrustEvaluationAgent.framework/Versions/A/TrustEvaluationAgent
0x00007fff2d0c8000 	/usr/lib/libsasl2.2.dylib
0x00007fff30517000 	/System/Library/PrivateFrameworks/CoreDaemon.framework/Versions/B/CoreDaemon
0x00007fff30512000 	/System/Library/PrivateFrameworks/AppleSRP.framework/Versions/A/AppleSRP


VM Arguments:
jvm_args: --module-path=/Users/g.gunn/NetBeansProjects/BattleShip/target/classes:/Users/g.gunn/.m2/repository/org/openjfx/javafx-fxml/11/javafx-fxml-11.jar:/Users/g.gunn/.m2/repository/org/openjfx/javafx-fxml/11/javafx-fxml-11-mac.jar:/Users/g.gunn/.m2/repository/org/openjfx/javafx-controls/11/javafx-controls-11.jar:/Users/g.gunn/.m2/repository/org/openjfx/javafx-controls/11/javafx-controls-11-mac.jar:/Users/g.gunn/.m2/repository/org/openjfx/javafx-media/11/javafx-media-11.jar:/Users/g.gunn/.m2/repository/org/openjfx/javafx-media/11/javafx-media-11-mac.jar:/Users/g.gunn/.m2/repository/org/openjfx/javafx-graphics/11/javafx-graphics-11.jar:/Users/g.gunn/.m2/repository/org/openjfx/javafx-graphics/11/javafx-graphics-11-mac.jar:/Users/g.gunn/.m2/repository/org/openjfx/javafx-base/11/javafx-base-11.jar:/Users/g.gunn/.m2/repository/org/openjfx/javafx-base/11/javafx-base-11-mac.jar -Djdk.module.main=Gunn 
java_command: Gunn/gunn.battleship.MainApp
java_class_path (initial): <not set>
Launcher Type: SUN_STANDARD

[Global flags]
     intx CICompilerCount                          = 4                                         {product} {ergonomic}
     uint ConcGCThreads                            = 2                                         {product} {ergonomic}
     uint G1ConcRefinementThreads                  = 8                                         {product} {ergonomic}
   size_t G1HeapRegionSize                         = 1048576                                   {product} {ergonomic}
    uintx GCDrainStackTargetSize                   = 64                                        {product} {ergonomic}
   size_t InitialHeapSize                          = 134217728                                 {product} {ergonomic}
   size_t MarkStackSize                            = 4194304                                   {product} {ergonomic}
   size_t MaxHeapSize                              = 2147483648                                {product} {ergonomic}
   size_t MaxNewSize                               = 1287651328                                {product} {ergonomic}
   size_t MinHeapDeltaBytes                        = 1048576                                   {product} {ergonomic}
    uintx NonNMethodCodeHeapSize                   = 5835340                                {pd product} {ergonomic}
    uintx NonProfiledCodeHeapSize                  = 122911450                              {pd product} {ergonomic}
    uintx ProfiledCodeHeapSize                     = 122911450                              {pd product} {ergonomic}
    uintx ReservedCodeCacheSize                    = 251658240                              {pd product} {ergonomic}
     bool SegmentedCodeCache                       = true                                      {product} {ergonomic}
     bool UseCompressedClassPointers               = true                                 {lp64_product} {ergonomic}
     bool UseCompressedOops                        = true                                 {lp64_product} {ergonomic}
     bool UseG1GC                                  = true                                      {product} {ergonomic}

Logging:
Log output configuration:
 #0: stdout all=warning uptime,level,tags
 #1: stderr all=off uptime,level,tags

Environment Variables:
JAVA_HOME=/Library/Java/JavaVirtualMachines/jdk-11.0.3.jdk/Contents/Home
PATH=/usr/bin:/bin:/usr/sbin:/sbin
SHELL=/bin/zsh

Signal Handlers:
SIGSEGV: [libjvm.dylib+0x740f70], sa_mask[0]=11111111111111111111111111111111, sa_flags=SA_ONSTACK|SA_RESTART|SA_SIGINFO
SIGBUS: [libjvm.dylib+0x740f70], sa_mask[0]=11111111111111111111111111111111, sa_flags=SA_RESTART|SA_SIGINFO
SIGFPE: [libjvm.dylib+0x740f70], sa_mask[0]=11111111111111111111111111111111, sa_flags=SA_RESTART|SA_SIGINFO
SIGPIPE: [libjvm.dylib+0x5f3c5e], sa_mask[0]=11111111111111111111111111111111, sa_flags=SA_RESTART|SA_SIGINFO
SIGXFSZ: [libjvm.dylib+0x5f3c5e], sa_mask[0]=11111111111111111111111111111111, sa_flags=SA_RESTART|SA_SIGINFO
SIGILL: [libjvm.dylib+0x740f70], sa_mask[0]=11111111111111111111111111111111, sa_flags=SA_RESTART|SA_SIGINFO
SIGUSR2: [libjvm.dylib+0x5f4243], sa_mask[0]=00100000000000000000000000000000, sa_flags=SA_RESTART|SA_SIGINFO
SIGHUP: [libjvm.dylib+0x5f2c9f], sa_mask[0]=11111111111111111111111111111111, sa_flags=SA_RESTART|SA_SIGINFO
SIGINT: [libjvm.dylib+0x5f2c9f], sa_mask[0]=11111111111111111111111111111111, sa_flags=SA_RESTART|SA_SIGINFO
SIGTERM: [libjvm.dylib+0x5f2c9f], sa_mask[0]=11111111111111111111111111111111, sa_flags=SA_RESTART|SA_SIGINFO
SIGQUIT: [libjvm.dylib+0x5f2c9f], sa_mask[0]=11111111111111111111111111111111, sa_flags=SA_RESTART|SA_SIGINFO


---------------  S Y S T E M  ---------------

OS:uname:Darwin 20.1.0 Darwin Kernel Version 20.1.0: Sat Oct 31 00:07:10 PDT 2020; root:xnu-7195.50.7~2/RELEASE_ARM64_T8101 x86_64
rlimit: STACK 8176k, CORE 0k, NPROC 1333, NOFILE 10240, AS infinity, DATA infinity, FSIZE infinity
load average:1.76 1.66 1.59

CPU:total 8 (initial active 8) (1 cores per cpu, 1 threads per core) family 6 model 44 stepping 0, cmov, cx8, fxsr, mmx, sse, sse2, sse3, ssse3, sse4.1, sse4.2, popcnt, aes, clmul, tsc, tscinvbit, tscinv

Memory: 4k page, physical 8388608k(16464k free)

vm_info: Java HotSpot(TM) 64-Bit Server VM (11.0.3+12-LTS) for bsd-amd64 JRE (11.0.3+12-LTS), built on Apr  2 2019 19:33:35 by "mach5one" with gcc 4.2.1 Compatible Apple LLVM 9.1.0 (clang-902.0.39.2)

END.
